#
# A fatal error has been detected by the Java Runtime Environment:
#
#  SIGSEGV (0xb) at pc=0x00007f755e8a8009, pid=6674, tid=6675
#
# JRE version: OpenJDK Runtime Environment (9.0) (build 9-internal+0-2016-04-14-195246.buildd.src)
# Java VM: OpenJDK 64-Bit Server VM (9-internal+0-2016-04-14-195246.buildd.src, mixed mode, tiered, compressed oops, g1 gc, linux-amd64)
# Problematic frame:
# C  [libjava.so+0x1d009]  JNU_GetEnv+0x19
#
# Core dump will be written. Default location: Core dumps may be processed with "/usr/share/apport/apport %p %s %c %d %P" (or dumping to /home/julien/TeleGame_Design/tgd-projet_2018/core.6674)
#
# If you would like to submit a bug report, please visit:
#   http://bugreport.java.com/bugreport/crash.jsp
# The crash happened outside the Java Virtual Machine in native code.
# See problematic frame for where to report the bug.
#

---------------  S U M M A R Y ------------

Command Line: -Djava.library.path=natives/ Main

Host: Intel(R) Core(TM) i7-4720HQ CPU @ 2.60GHz, 8 cores, 15G, Ubuntu 16.04.4 LTS
Time: Thu Apr 12 17:01:59 2018 CEST elapsed time: 5 seconds (0d 0h 0m 5s)

---------------  T H R E A D  ---------------

Current thread (0x00007f7558011000):  JavaThread "main" [_thread_in_native, id=6675, stack(0x00007f7561615000,0x00007f7561716000)]

Stack: [0x00007f7561615000,0x00007f7561716000],  sp=0x00007f7561712cb0,  free space=1015k
Native frames: (J=compiled Java code, j=interpreted, Vv=VM code, C=native code)
C  [libjava.so+0x1d009]  JNU_GetEnv+0x19
C  [libfontmanager.so+0x33f8e]
C  [libfreetype.so.6+0x14d2b]  FT_Stream_Seek+0x1b

Java frames: (J=compiled Java code, j=interpreted, Vv=VM code)
j  sun.font.FreetypeFontScaler.initNativeScaler(Lsun/font/Font2D;IIZI)J+0 java.desktop@9-internal
j  sun.font.FreetypeFontScaler.<init>(Lsun/font/Font2D;IZI)V+26 java.desktop@9-internal
v  ~StubRoutines::call_stub
j  sun.reflect.NativeConstructorAccessorImpl.newInstance0(Ljava/lang/reflect/Constructor;[Ljava/lang/Object;)Ljava/lang/Object;+0 java.base@9-internal
j  sun.reflect.NativeConstructorAccessorImpl.newInstance([Ljava/lang/Object;)Ljava/lang/Object;+85 java.base@9-internal
j  sun.reflect.DelegatingConstructorAccessorImpl.newInstance([Ljava/lang/Object;)Ljava/lang/Object;+5 java.base@9-internal
j  java.lang.reflect.Constructor.newInstance([Ljava/lang/Object;)Ljava/lang/Object;+65 java.base@9-internal
j  sun.font.FontScaler.getScaler(Lsun/font/Font2D;IZI)Lsun/font/FontScaler;+39 java.desktop@9-internal
j  sun.font.TrueTypeFont.getScaler()Lsun/font/FontScaler;+21 java.desktop@9-internal
j  sun.font.FileFontStrike.<init>(Lsun/font/FileFont;Lsun/font/FontStrikeDesc;)V+204 java.desktop@9-internal
j  sun.font.FileFont.createStrike(Lsun/font/FontStrikeDesc;)Lsun/font/FontStrike;+18 java.desktop@9-internal
j  sun.font.Font2D.getStrike(Lsun/font/FontStrikeDesc;Z)Lsun/font/FontStrike;+92 java.desktop@9-internal
j  sun.font.Font2D.getStrike(Ljava/awt/Font;Ljava/awt/font/FontRenderContext;)Lsun/font/FontStrike;+118 java.desktop@9-internal
j  sun.font.FontDesignMetrics.initMatrixAndMetrics()V+18 java.desktop@9-internal
j  sun.font.FontDesignMetrics.<init>(Ljava/awt/Font;Ljava/awt/font/FontRenderContext;)V+62 java.desktop@9-internal
j  sun.font.FontDesignMetrics.getMetrics(Ljava/awt/Font;Ljava/awt/font/FontRenderContext;)Lsun/font/FontDesignMetrics;+128 java.desktop@9-internal
j  sun.java2d.SunGraphics2D.getFontMetrics()Ljava/awt/FontMetrics;+21 java.desktop@9-internal
j  org.newdawn.slick.TrueTypeFont.getFontImage(C)Ljava/awt/image/BufferedImage;+47
j  org.newdawn.slick.TrueTypeFont.createSet([C)V+141
j  org.newdawn.slick.TrueTypeFont.<init>(Ljava/awt/Font;Z[C)V+72
j  org.newdawn.slick.TrueTypeFont.<init>(Ljava/awt/Font;Z)V+4
j  general.utils.FontUtils.loadCustomFont(Ljava/lang/String;II)Lorg/newdawn/slick/TrueTypeFont;+52
j  general.utils.FontUtils.loadFont(Ljava/lang/String;IIZ)Lorg/newdawn/slick/TrueTypeFont;+14
j  menus.ui.Page.<clinit>()V+24
v  ~StubRoutines::call_stub
j  general.AppGame.initStatesList(Lorg/newdawn/slick/GameContainer;)V+1
j  org.newdawn.slick.state.StateBasedGame.init(Lorg/newdawn/slick/GameContainer;)V+7
j  org.newdawn.slick.AppGameContainer.setup()V+170
j  org.newdawn.slick.AppGameContainer.start()V+1
j  Main.main([Ljava/lang/String;)V+43
v  ~StubRoutines::call_stub

siginfo: si_signo: 11 (SIGSEGV), si_code: 1 (SEGV_MAPERR), si_addr: 0x0000000000000000

Register to memory mapping:

RAX=0x0000000000000000 is an unknown value
RBX=0x0000000000000000 is an unknown value
RCX=0x0000000000000000 is an unknown value
RDX=0x0000000000010002 is an unknown value
RSP=0x00007f7561712cb0 is pointing into the stack for thread: 0x00007f7558011000
RBP=0x00007f7561712cc0 is pointing into the stack for thread: 0x00007f7558011000
RSI=0x0000000000010002 is an unknown value
RDI=0x0000000000000000 is an unknown value
R8 =0x0000000000000000 is an unknown value
R9 =0x0000000000000000 is an unknown value
R10=0x00000000000001db is an unknown value
R11=0x00007f755e8a7ff0: JNU_GetEnv+0x0000000000000000 in /usr/lib/jvm/java-9-openjdk-amd64/lib/amd64/libjava.so at 0x00007f755e88b000
R12=0x00007f75589a5d70 is an unknown value
R13=0x0000000000000000 is an unknown value
R14=0x0000000000000000 is an unknown value
R15=0x00007f755885cf60 is an unknown value


Registers:
RAX=0x0000000000000000, RBX=0x0000000000000000, RCX=0x0000000000000000, RDX=0x0000000000010002
RSP=0x00007f7561712cb0, RBP=0x00007f7561712cc0, RSI=0x0000000000010002, RDI=0x0000000000000000
R8 =0x0000000000000000, R9 =0x0000000000000000, R10=0x00000000000001db, R11=0x00007f755e8a7ff0
R12=0x00007f75589a5d70, R13=0x0000000000000000, R14=0x0000000000000000, R15=0x00007f755885cf60
RIP=0x00007f755e8a8009, EFLAGS=0x0000000000010246, CSGSFS=0x0000000000000033, ERR=0x0000000000000004
  TRAPNO=0x000000000000000e

Top of Stack: (sp=0x00007f7561712cb0)
0x00007f7561712cb0:   0000000000000000 b0779817231b5000
0x00007f7561712cc0:   00007f7561712d00 00007f74ae5a4f8e
0x00007f7561712cd0:   00007f75589a6200 00007f75589a5d70
0x00007f7561712ce0:   0000000000000000 0000000000000000
0x00007f7561712cf0:   00007f75589a5d70 00007f755885cf60
0x00007f7561712d00:   0000000000000000 00007f74ae2dbd2b
0x00007f7561712d10:   0000000000000000 00007f74ae56dd80
0x00007f7561712d20:   0000000000000000 00007f74ae2ef8e0
0x00007f7561712d30:   0000000000000002 0000003200000008
0x00007f7561712d40:   0000000000000000 0000000000000000
0x00007f7561712d50:   0000006e0000005b 0000000000000000
0x00007f7561712d60:   0000000000000000 0000007c00000077
0x00007f7561712d70:   0000000000000000 0000000000000000
0x00007f7561712d80:   000000004e8b41d0 468b41e04e8b45e8
0x00007f7561712d90:   0000000000000000 00007f7558000020
0x00007f7561712da0:   0000000000000070 00007f7561712e54
0x00007f7561712db0:   00007f75589a6200 00007f755885cf60
0x00007f7561712dc0:   00007f7561712e54 00007f7560fb6184
0x00007f7561712dd0:   00007f7561712f20 00007f7561712e04
0x00007f7561712de0:   00007f74ae56a9e0 b0779817231b5000
0x00007f7561712df0:   0000000000000070 00007f75589a6040
0x00007f7561712e00:   00007f74ae56a9e0 00007f7561712f18
0x00007f7561712e10:   00007f75589a6200 00007f755885cf60
0x00007f7561712e20:   00007f75589a69c0 00007f74ae2de4c2
0x00007f7561712e30:   0000000100000000 00007f7561712f20
0x00007f7561712e40:   0000000000000000 0000000000000000
0x00007f7561712e50:   0000000061712f18 b0779817231b5000
0x00007f7561712e60:   00007f75589a6040 00007f7561712f20
0x00007f7561712e70:   0000000000000000 00007f75589a6128
0x00007f7561712e80:   00007f7561713120 00007f75589a6088
0x00007f7561712e90:   00007f75589a6200 00007f74ae2e0581
0x00007f7561712ea0:   00007f7561712f20 00007f74ae2e0376 

Instructions: (pc=0x00007f755e8a8009)
0x00007f755e8a7fe9:   ff eb ea 0f 1f 40 00 55 89 f2 48 89 e5 48 83 ec
0x00007f755e8a7ff9:   10 64 48 8b 04 25 28 00 00 00 48 89 45 f8 31 c0
0x00007f755e8a8009:   48 8b 07 48 8d 75 f0 ff 50 30 48 8b 4d f8 64 48
0x00007f755e8a8019:   33 0c 25 28 00 00 00 48 8b 45 f0 75 02 c9 c3 e8 


---------------  P R O C E S S  ---------------

Java Threads: ( => current thread )
  0x00007f748c001000 JavaThread "SeedGenerator Thread" daemon [_thread_blocked, id=6737, stack(0x00007f749ccd1000,0x00007f749cdd2000)]
  0x00007f75588b2800 JavaThread "SeedGenerator Thread" daemon [_thread_in_Java, id=6715, stack(0x00007f749cdd2000,0x00007f749ced3000)]
  0x00007f75584c1000 JavaThread "Thread-1" daemon [_thread_blocked, id=6714, stack(0x00007f74ac02e000,0x00007f74ac12f000)]
  0x00007f755847d000 JavaThread "process reaper" daemon [_thread_blocked, id=6712, stack(0x00007f755c01a000,0x00007f755c054000)]
  0x00007f755845e000 JavaThread "AWT-XAWT" daemon [_thread_in_native, id=6710, stack(0x00007f74ada90000,0x00007f74adb91000)]
  0x00007f755843b800 JavaThread "Java2D Disposer" daemon [_thread_blocked, id=6709, stack(0x00007f74adfa1000,0x00007f74ae0a2000)]
  0x00007f7558308800 JavaThread "Service Thread" daemon [_thread_blocked, id=6707, stack(0x00007f74d80f4000,0x00007f74d81f5000)]
  0x00007f7558262800 JavaThread "Common-Cleaner" daemon [_thread_blocked, id=6706, stack(0x00007f74d81f5000,0x00007f74d82f6000)]
  0x00007f7558243000 JavaThread "Sweeper thread" daemon [_thread_blocked, id=6705, stack(0x00007f74db721000,0x00007f74db822000)]
  0x00007f7558239000 JavaThread "C1 CompilerThread3" daemon [_thread_blocked, id=6704, stack(0x00007f74db822000,0x00007f74db923000)]
  0x00007f7558237000 JavaThread "C2 CompilerThread2" daemon [_thread_blocked, id=6703, stack(0x00007f74db923000,0x00007f74dba24000)]
  0x00007f7558235000 JavaThread "C2 CompilerThread1" daemon [_thread_in_native, id=6702, stack(0x00007f74dba24000,0x00007f74dbb25000)]
  0x00007f7558233000 JavaThread "C2 CompilerThread0" daemon [_thread_blocked, id=6701, stack(0x00007f74dbb25000,0x00007f74dbc26000)]
  0x00007f755822f000 JavaThread "Signal Dispatcher" daemon [_thread_blocked, id=6700, stack(0x00007f74dbc26000,0x00007f74dbd27000)]
  0x00007f755822d000 JavaThread "Surrogate Locker Thread (Concurrent GC)" daemon [_thread_blocked, id=6699, stack(0x00007f74f00cc000,0x00007f74f01cd000)]
  0x00007f755821a000 JavaThread "Finalizer" daemon [_thread_blocked, id=6698, stack(0x00007f74f01cd000,0x00007f74f02ce000)]
  0x00007f755820e000 JavaThread "Reference Handler" daemon [_thread_blocked, id=6697, stack(0x00007f74f02ce000,0x00007f74f03cf000)]
=>0x00007f7558011000 JavaThread "main" [_thread_in_native, id=6675, stack(0x00007f7561615000,0x00007f7561716000)]

Other Threads:
  0x00007f7558204000 VMThread [stack: 0x00007f74f03cf000,0x00007f74f04d0000] [id=6696]
  0x00007f755830b000 WatcherThread [stack: 0x00007f74afeff000,0x00007f74b0000000] [id=6708]

Threads with active compile tasks:
C2 CompilerThread1 778       4       java.util.HashMap::putVal (300 bytes)

VM state:not at safepoint (normal execution)

VM Mutex/Monitor currently owned by a thread: None

heap address: 0x00000006c6e00000, size: 3986 MB, Compressed Oops mode: Zero based, Oop shift amount: 3
Narrow klass base: 0x0000000000000000, Narrow klass shift: 3
Compressed class space size: 1073741824 Address: 0x00000007c0000000

Heap:
 garbage-first heap   total 256000K, used 13312K [0x00000006c6e00000, 0x00000006c6f007d0, 0x00000007c0000000)
  region size 1024K, 12 young (12288K), 0 survivors (0K)
 Metaspace       used 11512K, capacity 11791K, committed 12032K, reserved 1060864K
  class space    used 1143K, capacity 1232K, committed 1280K, reserved 1048576K

Heap Regions: E=young(eden), S=young(survivor), O=old, HS=humongous(starts), HC=humongous(continues), CS=collection set, F=free, A=archive, TS=gc time stamp, AC=allocation context, TAMS=top-at-mark-start (previous, next)
|   0|0x00000006c6e00000, 0x00000006c6f00000, 0x00000006c6f00000|100%|HS|  |TS  0|AC  0|TAMS 0x00000006c6e00000, 0x00000006c6e00000|
|   1|0x00000006c6f00000, 0x00000006c7000000, 0x00000006c7000000|100%|HC|  |TS  0|AC  0|TAMS 0x00000006c6f00000, 0x00000006c6f00000|
|   2|0x00000006c7000000, 0x00000006c7000000, 0x00000006c7100000|  0%| F|  |TS  0|AC  0|TAMS 0x00000006c7000000, 0x00000006c7000000|
|   3|0x00000006c7100000, 0x00000006c7100000, 0x00000006c7200000|  0%| F|  |TS  0|AC  0|TAMS 0x00000006c7100000, 0x00000006c7100000|
|   4|0x00000006c7200000, 0x00000006c7200000, 0x00000006c7300000|  0%| F|  |TS  0|AC  0|TAMS 0x00000006c7200000, 0x00000006c7200000|
|   5|0x00000006c7300000, 0x00000006c7300000, 0x00000006c7400000|  0%| F|  |TS  0|AC  0|TAMS 0x00000006c7300000, 0x00000006c7300000|
|   6|0x00000006c7400000, 0x00000006c7400000, 0x00000006c7500000|  0%| F|  |TS  0|AC  0|TAMS 0x00000006c7400000, 0x00000006c7400000|
|   7|0x00000006c7500000, 0x00000006c7500000, 0x00000006c7600000|  0%| F|  |TS  0|AC  0|TAMS 0x00000006c7500000, 0x00000006c7500000|
|   8|0x00000006c7600000, 0x00000006c7600000, 0x00000006c7700000|  0%| F|  |TS  0|AC  0|TAMS 0x00000006c7600000, 0x00000006c7600000|
|   9|0x00000006c7700000, 0x00000006c7700000, 0x00000006c7800000|  0%| F|  |TS  0|AC  0|TAMS 0x00000006c7700000, 0x00000006c7700000|
|  10|0x00000006c7800000, 0x00000006c7800000, 0x00000006c7900000|  0%| F|  |TS  0|AC  0|TAMS 0x00000006c7800000, 0x00000006c7800000|
|  11|0x00000006c7900000, 0x00000006c7900000, 0x00000006c7a00000|  0%| F|  |TS  0|AC  0|TAMS 0x00000006c7900000, 0x00000006c7900000|
|  12|0x00000006c7a00000, 0x00000006c7a00000, 0x00000006c7b00000|  0%| F|  |TS  0|AC  0|TAMS 0x00000006c7a00000, 0x00000006c7a00000|
|  13|0x00000006c7b00000, 0x00000006c7b00000, 0x00000006c7c00000|  0%| F|  |TS  0|AC  0|TAMS 0x00000006c7b00000, 0x00000006c7b00000|
|  14|0x00000006c7c00000, 0x00000006c7c00000, 0x00000006c7d00000|  0%| F|  |TS  0|AC  0|TAMS 0x00000006c7c00000, 0x00000006c7c00000|
|  15|0x00000006c7d00000, 0x00000006c7d00000, 0x00000006c7e00000|  0%| F|  |TS  0|AC  0|TAMS 0x00000006c7d00000, 0x00000006c7d00000|
|  16|0x00000006c7e00000, 0x00000006c7e00000, 0x00000006c7f00000|  0%| F|  |TS  0|AC  0|TAMS 0x00000006c7e00000, 0x00000006c7e00000|
|  17|0x00000006c7f00000, 0x00000006c7f00000, 0x00000006c8000000|  0%| F|  |TS  0|AC  0|TAMS 0x00000006c7f00000, 0x00000006c7f00000|
|  18|0x00000006c8000000, 0x00000006c8000000, 0x00000006c8100000|  0%| F|  |TS  0|AC  0|TAMS 0x00000006c8000000, 0x00000006c8000000|
|  19|0x00000006c8100000, 0x00000006c8100000, 0x00000006c8200000|  0%| F|  |TS  0|AC  0|TAMS 0x00000006c8100000, 0x00000006c8100000|
|  20|0x00000006c8200000, 0x00000006c8200000, 0x00000006c8300000|  0%| F|  |TS  0|AC  0|TAMS 0x00000006c8200000, 0x00000006c8200000|
|  21|0x00000006c8300000, 0x00000006c8300000, 0x00000006c8400000|  0%| F|  |TS  0|AC  0|TAMS 0x00000006c8300000, 0x00000006c8300000|
|  22|0x00000006c8400000, 0x00000006c8400000, 0x00000006c8500000|  0%| F|  |TS  0|AC  0|TAMS 0x00000006c8400000, 0x00000006c8400000|
|  23|0x00000006c8500000, 0x00000006c8500000, 0x00000006c8600000|  0%| F|  |TS  0|AC  0|TAMS 0x00000006c8500000, 0x00000006c8500000|
|  24|0x00000006c8600000, 0x00000006c8600000, 0x00000006c8700000|  0%| F|  |TS  0|AC  0|TAMS 0x00000006c8600000, 0x00000006c8600000|
|  25|0x00000006c8700000, 0x00000006c8700000, 0x00000006c8800000|  0%| F|  |TS  0|AC  0|TAMS 0x00000006c8700000, 0x00000006c8700000|
|  26|0x00000006c8800000, 0x00000006c8800000, 0x00000006c8900000|  0%| F|  |TS  0|AC  0|TAMS 0x00000006c8800000, 0x00000006c8800000|
|  27|0x00000006c8900000, 0x00000006c8900000, 0x00000006c8a00000|  0%| F|  |TS  0|AC  0|TAMS 0x00000006c8900000, 0x00000006c8900000|
|  28|0x00000006c8a00000, 0x00000006c8a00000, 0x00000006c8b00000|  0%| F|  |TS  0|AC  0|TAMS 0x00000006c8a00000, 0x00000006c8a00000|
|  29|0x00000006c8b00000, 0x00000006c8b00000, 0x00000006c8c00000|  0%| F|  |TS  0|AC  0|TAMS 0x00000006c8b00000, 0x00000006c8b00000|
|  30|0x00000006c8c00000, 0x00000006c8c00000, 0x00000006c8d00000|  0%| F|  |TS  0|AC  0|TAMS 0x00000006c8c00000, 0x00000006c8c00000|
|  31|0x00000006c8d00000, 0x00000006c8d00000, 0x00000006c8e00000|  0%| F|  |TS  0|AC  0|TAMS 0x00000006c8d00000, 0x00000006c8d00000|
|  32|0x00000006c8e00000, 0x00000006c8e00000, 0x00000006c8f00000|  0%| F|  |TS  0|AC  0|TAMS 0x00000006c8e00000, 0x00000006c8e00000|
|  33|0x00000006c8f00000, 0x00000006c8f00000, 0x00000006c9000000|  0%| F|  |TS  0|AC  0|TAMS 0x00000006c8f00000, 0x00000006c8f00000|
|  34|0x00000006c9000000, 0x00000006c9000000, 0x00000006c9100000|  0%| F|  |TS  0|AC  0|TAMS 0x00000006c9000000, 0x00000006c9000000|
|  35|0x00000006c9100000, 0x00000006c9100000, 0x00000006c9200000|  0%| F|  |TS  0|AC  0|TAMS 0x00000006c9100000, 0x00000006c9100000|
|  36|0x00000006c9200000, 0x00000006c9200000, 0x00000006c9300000|  0%| F|  |TS  0|AC  0|TAMS 0x00000006c9200000, 0x00000006c9200000|
|  37|0x00000006c9300000, 0x00000006c9300000, 0x00000006c9400000|  0%| F|  |TS  0|AC  0|TAMS 0x00000006c9300000, 0x00000006c9300000|
|  38|0x00000006c9400000, 0x00000006c9400000, 0x00000006c9500000|  0%| F|  |TS  0|AC  0|TAMS 0x00000006c9400000, 0x00000006c9400000|
|  39|0x00000006c9500000, 0x00000006c9500000, 0x00000006c9600000|  0%| F|  |TS  0|AC  0|TAMS 0x00000006c9500000, 0x00000006c9500000|
|  40|0x00000006c9600000, 0x00000006c9600000, 0x00000006c9700000|  0%| F|  |TS  0|AC  0|TAMS 0x00000006c9600000, 0x00000006c9600000|
|  41|0x00000006c9700000, 0x00000006c9700000, 0x00000006c9800000|  0%| F|  |TS  0|AC  0|TAMS 0x00000006c9700000, 0x00000006c9700000|
|  42|0x00000006c9800000, 0x00000006c9800000, 0x00000006c9900000|  0%| F|  |TS  0|AC  0|TAMS 0x00000006c9800000, 0x00000006c9800000|
|  43|0x00000006c9900000, 0x00000006c9900000, 0x00000006c9a00000|  0%| F|  |TS  0|AC  0|TAMS 0x00000006c9900000, 0x00000006c9900000|
|  44|0x00000006c9a00000, 0x00000006c9a00000, 0x00000006c9b00000|  0%| F|  |TS  0|AC  0|TAMS 0x00000006c9a00000, 0x00000006c9a00000|
|  45|0x00000006c9b00000, 0x00000006c9b00000, 0x00000006c9c00000|  0%| F|  |TS  0|AC  0|TAMS 0x00000006c9b00000, 0x00000006c9b00000|
|  46|0x00000006c9c00000, 0x00000006c9c00000, 0x00000006c9d00000|  0%| F|  |TS  0|AC  0|TAMS 0x00000006c9c00000, 0x00000006c9c00000|
|  47|0x00000006c9d00000, 0x00000006c9d00000, 0x00000006c9e00000|  0%| F|  |TS  0|AC  0|TAMS 0x00000006c9d00000, 0x00000006c9d00000|
|  48|0x00000006c9e00000, 0x00000006c9e00000, 0x00000006c9f00000|  0%| F|  |TS  0|AC  0|TAMS 0x00000006c9e00000, 0x00000006c9e00000|
|  49|0x00000006c9f00000, 0x00000006c9f00000, 0x00000006ca000000|  0%| F|  |TS  0|AC  0|TAMS 0x00000006c9f00000, 0x00000006c9f00000|
|  50|0x00000006ca000000, 0x00000006ca000000, 0x00000006ca100000|  0%| F|  |TS  0|AC  0|TAMS 0x00000006ca000000, 0x00000006ca000000|
|  51|0x00000006ca100000, 0x00000006ca100000, 0x00000006ca200000|  0%| F|  |TS  0|AC  0|TAMS 0x00000006ca100000, 0x00000006ca100000|
|  52|0x00000006ca200000, 0x00000006ca200000, 0x00000006ca300000|  0%| F|  |TS  0|AC  0|TAMS 0x00000006ca200000, 0x00000006ca200000|
|  53|0x00000006ca300000, 0x00000006ca300000, 0x00000006ca400000|  0%| F|  |TS  0|AC  0|TAMS 0x00000006ca300000, 0x00000006ca300000|
|  54|0x00000006ca400000, 0x00000006ca400000, 0x00000006ca500000|  0%| F|  |TS  0|AC  0|TAMS 0x00000006ca400000, 0x00000006ca400000|
|  55|0x00000006ca500000, 0x00000006ca500000, 0x00000006ca600000|  0%| F|  |TS  0|AC  0|TAMS 0x00000006ca500000, 0x00000006ca500000|
|  56|0x00000006ca600000, 0x00000006ca600000, 0x00000006ca700000|  0%| F|  |TS  0|AC  0|TAMS 0x00000006ca600000, 0x00000006ca600000|
|  57|0x00000006ca700000, 0x00000006ca700000, 0x00000006ca800000|  0%| F|  |TS  0|AC  0|TAMS 0x00000006ca700000, 0x00000006ca700000|
|  58|0x00000006ca800000, 0x00000006ca800000, 0x00000006ca900000|  0%| F|  |TS  0|AC  0|TAMS 0x00000006ca800000, 0x00000006ca800000|
|  59|0x00000006ca900000, 0x00000006ca900000, 0x00000006caa00000|  0%| F|  |TS  0|AC  0|TAMS 0x00000006ca900000, 0x00000006ca900000|
|  60|0x00000006caa00000, 0x00000006caa00000, 0x00000006cab00000|  0%| F|  |TS  0|AC  0|TAMS 0x00000006caa00000, 0x00000006caa00000|
|  61|0x00000006cab00000, 0x00000006cab00000, 0x00000006cac00000|  0%| F|  |TS  0|AC  0|TAMS 0x00000006cab00000, 0x00000006cab00000|
|  62|0x00000006cac00000, 0x00000006cac00000, 0x00000006cad00000|  0%| F|  |TS  0|AC  0|TAMS 0x00000006cac00000, 0x00000006cac00000|
|  63|0x00000006cad00000, 0x00000006cad00000, 0x00000006cae00000|  0%| F|  |TS  0|AC  0|TAMS 0x00000006cad00000, 0x00000006cad00000|
|  64|0x00000006cae00000, 0x00000006cae00000, 0x00000006caf00000|  0%| F|  |TS  0|AC  0|TAMS 0x00000006cae00000, 0x00000006cae00000|
|  65|0x00000006caf00000, 0x00000006caf00000, 0x00000006cb000000|  0%| F|  |TS  0|AC  0|TAMS 0x00000006caf00000, 0x00000006caf00000|
|  66|0x00000006cb000000, 0x00000006cb000000, 0x00000006cb100000|  0%| F|  |TS  0|AC  0|TAMS 0x00000006cb000000, 0x00000006cb000000|
|  67|0x00000006cb100000, 0x00000006cb100000, 0x00000006cb200000|  0%| F|  |TS  0|AC  0|TAMS 0x00000006cb100000, 0x00000006cb100000|
|  68|0x00000006cb200000, 0x00000006cb200000, 0x00000006cb300000|  0%| F|  |TS  0|AC  0|TAMS 0x00000006cb200000, 0x00000006cb200000|
|  69|0x00000006cb300000, 0x00000006cb300000, 0x00000006cb400000|  0%| F|  |TS  0|AC  0|TAMS 0x00000006cb300000, 0x00000006cb300000|
|  70|0x00000006cb400000, 0x00000006cb400000, 0x00000006cb500000|  0%| F|  |TS  0|AC  0|TAMS 0x00000006cb400000, 0x00000006cb400000|
|  71|0x00000006cb500000, 0x00000006cb500000, 0x00000006cb600000|  0%| F|  |TS  0|AC  0|TAMS 0x00000006cb500000, 0x00000006cb500000|
|  72|0x00000006cb600000, 0x00000006cb600000, 0x00000006cb700000|  0%| F|  |TS  0|AC  0|TAMS 0x00000006cb600000, 0x00000006cb600000|
|  73|0x00000006cb700000, 0x00000006cb700000, 0x00000006cb800000|  0%| F|  |TS  0|AC  0|TAMS 0x00000006cb700000, 0x00000006cb700000|
|  74|0x00000006cb800000, 0x00000006cb800000, 0x00000006cb900000|  0%| F|  |TS  0|AC  0|TAMS 0x00000006cb800000, 0x00000006cb800000|
|  75|0x00000006cb900000, 0x00000006cb900000, 0x00000006cba00000|  0%| F|  |TS  0|AC  0|TAMS 0x00000006cb900000, 0x00000006cb900000|
|  76|0x00000006cba00000, 0x00000006cba00000, 0x00000006cbb00000|  0%| F|  |TS  0|AC  0|TAMS 0x00000006cba00000, 0x00000006cba00000|
|  77|0x00000006cbb00000, 0x00000006cbb00000, 0x00000006cbc00000|  0%| F|  |TS  0|AC  0|TAMS 0x00000006cbb00000, 0x00000006cbb00000|
|  78|0x00000006cbc00000, 0x00000006cbc00000, 0x00000006cbd00000|  0%| F|  |TS  0|AC  0|TAMS 0x00000006cbc00000, 0x00000006cbc00000|
|  79|0x00000006cbd00000, 0x00000006cbd00000, 0x00000006cbe00000|  0%| F|  |TS  0|AC  0|TAMS 0x00000006cbd00000, 0x00000006cbd00000|
|  80|0x00000006cbe00000, 0x00000006cbe00000, 0x00000006cbf00000|  0%| F|  |TS  0|AC  0|TAMS 0x00000006cbe00000, 0x00000006cbe00000|
|  81|0x00000006cbf00000, 0x00000006cbf00000, 0x00000006cc000000|  0%| F|  |TS  0|AC  0|TAMS 0x00000006cbf00000, 0x00000006cbf00000|
|  82|0x00000006cc000000, 0x00000006cc000000, 0x00000006cc100000|  0%| F|  |TS  0|AC  0|TAMS 0x00000006cc000000, 0x00000006cc000000|
|  83|0x00000006cc100000, 0x00000006cc100000, 0x00000006cc200000|  0%| F|  |TS  0|AC  0|TAMS 0x00000006cc100000, 0x00000006cc100000|
|  84|0x00000006cc200000, 0x00000006cc200000, 0x00000006cc300000|  0%| F|  |TS  0|AC  0|TAMS 0x00000006cc200000, 0x00000006cc200000|
|  85|0x00000006cc300000, 0x00000006cc300000, 0x00000006cc400000|  0%| F|  |TS  0|AC  0|TAMS 0x00000006cc300000, 0x00000006cc300000|
|  86|0x00000006cc400000, 0x00000006cc400000, 0x00000006cc500000|  0%| F|  |TS  0|AC  0|TAMS 0x00000006cc400000, 0x00000006cc400000|
|  87|0x00000006cc500000, 0x00000006cc500000, 0x00000006cc600000|  0%| F|  |TS  0|AC  0|TAMS 0x00000006cc500000, 0x00000006cc500000|
|  88|0x00000006cc600000, 0x00000006cc600000, 0x00000006cc700000|  0%| F|  |TS  0|AC  0|TAMS 0x00000006cc600000, 0x00000006cc600000|
|  89|0x00000006cc700000, 0x00000006cc700000, 0x00000006cc800000|  0%| F|  |TS  0|AC  0|TAMS 0x00000006cc700000, 0x00000006cc700000|
|  90|0x00000006cc800000, 0x00000006cc800000, 0x00000006cc900000|  0%| F|  |TS  0|AC  0|TAMS 0x00000006cc800000, 0x00000006cc800000|
|  91|0x00000006cc900000, 0x00000006cc900000, 0x00000006cca00000|  0%| F|  |TS  0|AC  0|TAMS 0x00000006cc900000, 0x00000006cc900000|
|  92|0x00000006cca00000, 0x00000006cca00000, 0x00000006ccb00000|  0%| F|  |TS  0|AC  0|TAMS 0x00000006cca00000, 0x00000006cca00000|
|  93|0x00000006ccb00000, 0x00000006ccb00000, 0x00000006ccc00000|  0%| F|  |TS  0|AC  0|TAMS 0x00000006ccb00000, 0x00000006ccb00000|
|  94|0x00000006ccc00000, 0x00000006ccc00000, 0x00000006ccd00000|  0%| F|  |TS  0|AC  0|TAMS 0x00000006ccc00000, 0x00000006ccc00000|
|  95|0x00000006ccd00000, 0x00000006ccd00000, 0x00000006cce00000|  0%| F|  |TS  0|AC  0|TAMS 0x00000006ccd00000, 0x00000006ccd00000|
|  96|0x00000006cce00000, 0x00000006cce00000, 0x00000006ccf00000|  0%| F|  |TS  0|AC  0|TAMS 0x00000006cce00000, 0x00000006cce00000|
|  97|0x00000006ccf00000, 0x00000006ccf00000, 0x00000006cd000000|  0%| F|  |TS  0|AC  0|TAMS 0x00000006ccf00000, 0x00000006ccf00000|
|  98|0x00000006cd000000, 0x00000006cd000000, 0x00000006cd100000|  0%| F|  |TS  0|AC  0|TAMS 0x00000006cd000000, 0x00000006cd000000|
|  99|0x00000006cd100000, 0x00000006cd100000, 0x00000006cd200000|  0%| F|  |TS  0|AC  0|TAMS 0x00000006cd100000, 0x00000006cd100000|
| 100|0x00000006cd200000, 0x00000006cd200000, 0x00000006cd300000|  0%| F|  |TS  0|AC  0|TAMS 0x00000006cd200000, 0x00000006cd200000|
| 101|0x00000006cd300000, 0x00000006cd300000, 0x00000006cd400000|  0%| F|  |TS  0|AC  0|TAMS 0x00000006cd300000, 0x00000006cd300000|
| 102|0x00000006cd400000, 0x00000006cd400000, 0x00000006cd500000|  0%| F|  |TS  0|AC  0|TAMS 0x00000006cd400000, 0x00000006cd400000|
| 103|0x00000006cd500000, 0x00000006cd500000, 0x00000006cd600000|  0%| F|  |TS  0|AC  0|TAMS 0x00000006cd500000, 0x00000006cd500000|
| 104|0x00000006cd600000, 0x00000006cd600000, 0x00000006cd700000|  0%| F|  |TS  0|AC  0|TAMS 0x00000006cd600000, 0x00000006cd600000|
| 105|0x00000006cd700000, 0x00000006cd700000, 0x00000006cd800000|  0%| F|  |TS  0|AC  0|TAMS 0x00000006cd700000, 0x00000006cd700000|
| 106|0x00000006cd800000, 0x00000006cd800000, 0x00000006cd900000|  0%| F|  |TS  0|AC  0|TAMS 0x00000006cd800000, 0x00000006cd800000|
| 107|0x00000006cd900000, 0x00000006cd900000, 0x00000006cda00000|  0%| F|  |TS  0|AC  0|TAMS 0x00000006cd900000, 0x00000006cd900000|
| 108|0x00000006cda00000, 0x00000006cda00000, 0x00000006cdb00000|  0%| F|  |TS  0|AC  0|TAMS 0x00000006cda00000, 0x00000006cda00000|
| 109|0x00000006cdb00000, 0x00000006cdb00000, 0x00000006cdc00000|  0%| F|  |TS  0|AC  0|TAMS 0x00000006cdb00000, 0x00000006cdb00000|
| 110|0x00000006cdc00000, 0x00000006cdc00000, 0x00000006cdd00000|  0%| F|  |TS  0|AC  0|TAMS 0x00000006cdc00000, 0x00000006cdc00000|
| 111|0x00000006cdd00000, 0x00000006cdd00000, 0x00000006cde00000|  0%| F|  |TS  0|AC  0|TAMS 0x00000006cdd00000, 0x00000006cdd00000|
| 112|0x00000006cde00000, 0x00000006cde00000, 0x00000006cdf00000|  0%| F|  |TS  0|AC  0|TAMS 0x00000006cde00000, 0x00000006cde00000|
| 113|0x00000006cdf00000, 0x00000006cdf00000, 0x00000006ce000000|  0%| F|  |TS  0|AC  0|TAMS 0x00000006cdf00000, 0x00000006cdf00000|
| 114|0x00000006ce000000, 0x00000006ce000000, 0x00000006ce100000|  0%| F|  |TS  0|AC  0|TAMS 0x00000006ce000000, 0x00000006ce000000|
| 115|0x00000006ce100000, 0x00000006ce100000, 0x00000006ce200000|  0%| F|  |TS  0|AC  0|TAMS 0x00000006ce100000, 0x00000006ce100000|
| 116|0x00000006ce200000, 0x00000006ce200000, 0x00000006ce300000|  0%| F|  |TS  0|AC  0|TAMS 0x00000006ce200000, 0x00000006ce200000|
| 117|0x00000006ce300000, 0x00000006ce300000, 0x00000006ce400000|  0%| F|  |TS  0|AC  0|TAMS 0x00000006ce300000, 0x00000006ce300000|
| 118|0x00000006ce400000, 0x00000006ce400000, 0x00000006ce500000|  0%| F|  |TS  0|AC  0|TAMS 0x00000006ce400000, 0x00000006ce400000|
| 119|0x00000006ce500000, 0x00000006ce500000, 0x00000006ce600000|  0%| F|  |TS  0|AC  0|TAMS 0x00000006ce500000, 0x00000006ce500000|
| 120|0x00000006ce600000, 0x00000006ce600000, 0x00000006ce700000|  0%| F|  |TS  0|AC  0|TAMS 0x00000006ce600000, 0x00000006ce600000|
| 121|0x00000006ce700000, 0x00000006ce700000, 0x00000006ce800000|  0%| F|  |TS  0|AC  0|TAMS 0x00000006ce700000, 0x00000006ce700000|
| 122|0x00000006ce800000, 0x00000006ce800000, 0x00000006ce900000|  0%| F|  |TS  0|AC  0|TAMS 0x00000006ce800000, 0x00000006ce800000|
| 123|0x00000006ce900000, 0x00000006ce900000, 0x00000006cea00000|  0%| F|  |TS  0|AC  0|TAMS 0x00000006ce900000, 0x00000006ce900000|
| 124|0x00000006cea00000, 0x00000006cea00000, 0x00000006ceb00000|  0%| F|  |TS  0|AC  0|TAMS 0x00000006cea00000, 0x00000006cea00000|
| 125|0x00000006ceb00000, 0x00000006ceb00000, 0x00000006cec00000|  0%| F|  |TS  0|AC  0|TAMS 0x00000006ceb00000, 0x00000006ceb00000|
| 126|0x00000006cec00000, 0x00000006cec00000, 0x00000006ced00000|  0%| F|  |TS  0|AC  0|TAMS 0x00000006cec00000, 0x00000006cec00000|
| 127|0x00000006ced00000, 0x00000006ced00000, 0x00000006cee00000|  0%| F|  |TS  0|AC  0|TAMS 0x00000006ced00000, 0x00000006ced00000|
| 128|0x00000006cee00000, 0x00000006cee00000, 0x00000006cef00000|  0%| F|  |TS  0|AC  0|TAMS 0x00000006cee00000, 0x00000006cee00000|
| 129|0x00000006cef00000, 0x00000006cef00000, 0x00000006cf000000|  0%| F|  |TS  0|AC  0|TAMS 0x00000006cef00000, 0x00000006cef00000|
| 130|0x00000006cf000000, 0x00000006cf000000, 0x00000006cf100000|  0%| F|  |TS  0|AC  0|TAMS 0x00000006cf000000, 0x00000006cf000000|
| 131|0x00000006cf100000, 0x00000006cf100000, 0x00000006cf200000|  0%| F|  |TS  0|AC  0|TAMS 0x00000006cf100000, 0x00000006cf100000|
| 132|0x00000006cf200000, 0x00000006cf200000, 0x00000006cf300000|  0%| F|  |TS  0|AC  0|TAMS 0x00000006cf200000, 0x00000006cf200000|
| 133|0x00000006cf300000, 0x00000006cf300000, 0x00000006cf400000|  0%| F|  |TS  0|AC  0|TAMS 0x00000006cf300000, 0x00000006cf300000|
| 134|0x00000006cf400000, 0x00000006cf400000, 0x00000006cf500000|  0%| F|  |TS  0|AC  0|TAMS 0x00000006cf400000, 0x00000006cf400000|
| 135|0x00000006cf500000, 0x00000006cf500000, 0x00000006cf600000|  0%| F|  |TS  0|AC  0|TAMS 0x00000006cf500000, 0x00000006cf500000|
| 136|0x00000006cf600000, 0x00000006cf600000, 0x00000006cf700000|  0%| F|  |TS  0|AC  0|TAMS 0x00000006cf600000, 0x00000006cf600000|
| 137|0x00000006cf700000, 0x00000006cf700000, 0x00000006cf800000|  0%| F|  |TS  0|AC  0|TAMS 0x00000006cf700000, 0x00000006cf700000|
| 138|0x00000006cf800000, 0x00000006cf800000, 0x00000006cf900000|  0%| F|  |TS  0|AC  0|TAMS 0x00000006cf800000, 0x00000006cf800000|
| 139|0x00000006cf900000, 0x00000006cf900000, 0x00000006cfa00000|  0%| F|  |TS  0|AC  0|TAMS 0x00000006cf900000, 0x00000006cf900000|
| 140|0x00000006cfa00000, 0x00000006cfa00000, 0x00000006cfb00000|  0%| F|  |TS  0|AC  0|TAMS 0x00000006cfa00000, 0x00000006cfa00000|
| 141|0x00000006cfb00000, 0x00000006cfb00000, 0x00000006cfc00000|  0%| F|  |TS  0|AC  0|TAMS 0x00000006cfb00000, 0x00000006cfb00000|
| 142|0x00000006cfc00000, 0x00000006cfc00000, 0x00000006cfd00000|  0%| F|  |TS  0|AC  0|TAMS 0x00000006cfc00000, 0x00000006cfc00000|
| 143|0x00000006cfd00000, 0x00000006cfd00000, 0x00000006cfe00000|  0%| F|  |TS  0|AC  0|TAMS 0x00000006cfd00000, 0x00000006cfd00000|
| 144|0x00000006cfe00000, 0x00000006cfe00000, 0x00000006cff00000|  0%| F|  |TS  0|AC  0|TAMS 0x00000006cfe00000, 0x00000006cfe00000|
| 145|0x00000006cff00000, 0x00000006cff00000, 0x00000006d0000000|  0%| F|  |TS  0|AC  0|TAMS 0x00000006cff00000, 0x00000006cff00000|
| 146|0x00000006d0000000, 0x00000006d0000000, 0x00000006d0100000|  0%| F|  |TS  0|AC  0|TAMS 0x00000006d0000000, 0x00000006d0000000|
| 147|0x00000006d0100000, 0x00000006d0100000, 0x00000006d0200000|  0%| F|  |TS  0|AC  0|TAMS 0x00000006d0100000, 0x00000006d0100000|
| 148|0x00000006d0200000, 0x00000006d0200000, 0x00000006d0300000|  0%| F|  |TS  0|AC  0|TAMS 0x00000006d0200000, 0x00000006d0200000|
| 149|0x00000006d0300000, 0x00000006d0300000, 0x00000006d0400000|  0%| F|  |TS  0|AC  0|TAMS 0x00000006d0300000, 0x00000006d0300000|
| 150|0x00000006d0400000, 0x00000006d0400000, 0x00000006d0500000|  0%| F|  |TS  0|AC  0|TAMS 0x00000006d0400000, 0x00000006d0400000|
| 151|0x00000006d0500000, 0x00000006d0500000, 0x00000006d0600000|  0%| F|  |TS  0|AC  0|TAMS 0x00000006d0500000, 0x00000006d0500000|
| 152|0x00000006d0600000, 0x00000006d0600000, 0x00000006d0700000|  0%| F|  |TS  0|AC  0|TAMS 0x00000006d0600000, 0x00000006d0600000|
| 153|0x00000006d0700000, 0x00000006d0700000, 0x00000006d0800000|  0%| F|  |TS  0|AC  0|TAMS 0x00000006d0700000, 0x00000006d0700000|
| 154|0x00000006d0800000, 0x00000006d0800000, 0x00000006d0900000|  0%| F|  |TS  0|AC  0|TAMS 0x00000006d0800000, 0x00000006d0800000|
| 155|0x00000006d0900000, 0x00000006d0900000, 0x00000006d0a00000|  0%| F|  |TS  0|AC  0|TAMS 0x00000006d0900000, 0x00000006d0900000|
| 156|0x00000006d0a00000, 0x00000006d0a00000, 0x00000006d0b00000|  0%| F|  |TS  0|AC  0|TAMS 0x00000006d0a00000, 0x00000006d0a00000|
| 157|0x00000006d0b00000, 0x00000006d0b00000, 0x00000006d0c00000|  0%| F|  |TS  0|AC  0|TAMS 0x00000006d0b00000, 0x00000006d0b00000|
| 158|0x00000006d0c00000, 0x00000006d0c00000, 0x00000006d0d00000|  0%| F|  |TS  0|AC  0|TAMS 0x00000006d0c00000, 0x00000006d0c00000|
| 159|0x00000006d0d00000, 0x00000006d0d00000, 0x00000006d0e00000|  0%| F|  |TS  0|AC  0|TAMS 0x00000006d0d00000, 0x00000006d0d00000|
| 160|0x00000006d0e00000, 0x00000006d0e00000, 0x00000006d0f00000|  0%| F|  |TS  0|AC  0|TAMS 0x00000006d0e00000, 0x00000006d0e00000|
| 161|0x00000006d0f00000, 0x00000006d0f00000, 0x00000006d1000000|  0%| F|  |TS  0|AC  0|TAMS 0x00000006d0f00000, 0x00000006d0f00000|
| 162|0x00000006d1000000, 0x00000006d1000000, 0x00000006d1100000|  0%| F|  |TS  0|AC  0|TAMS 0x00000006d1000000, 0x00000006d1000000|
| 163|0x00000006d1100000, 0x00000006d1100000, 0x00000006d1200000|  0%| F|  |TS  0|AC  0|TAMS 0x00000006d1100000, 0x00000006d1100000|
| 164|0x00000006d1200000, 0x00000006d1200000, 0x00000006d1300000|  0%| F|  |TS  0|AC  0|TAMS 0x00000006d1200000, 0x00000006d1200000|
| 165|0x00000006d1300000, 0x00000006d1300000, 0x00000006d1400000|  0%| F|  |TS  0|AC  0|TAMS 0x00000006d1300000, 0x00000006d1300000|
| 166|0x00000006d1400000, 0x00000006d1400000, 0x00000006d1500000|  0%| F|  |TS  0|AC  0|TAMS 0x00000006d1400000, 0x00000006d1400000|
| 167|0x00000006d1500000, 0x00000006d1500000, 0x00000006d1600000|  0%| F|  |TS  0|AC  0|TAMS 0x00000006d1500000, 0x00000006d1500000|
| 168|0x00000006d1600000, 0x00000006d1600000, 0x00000006d1700000|  0%| F|  |TS  0|AC  0|TAMS 0x00000006d1600000, 0x00000006d1600000|
| 169|0x00000006d1700000, 0x00000006d1700000, 0x00000006d1800000|  0%| F|  |TS  0|AC  0|TAMS 0x00000006d1700000, 0x00000006d1700000|
| 170|0x00000006d1800000, 0x00000006d1800000, 0x00000006d1900000|  0%| F|  |TS  0|AC  0|TAMS 0x00000006d1800000, 0x00000006d1800000|
| 171|0x00000006d1900000, 0x00000006d1900000, 0x00000006d1a00000|  0%| F|  |TS  0|AC  0|TAMS 0x00000006d1900000, 0x00000006d1900000|
| 172|0x00000006d1a00000, 0x00000006d1a00000, 0x00000006d1b00000|  0%| F|  |TS  0|AC  0|TAMS 0x00000006d1a00000, 0x00000006d1a00000|
| 173|0x00000006d1b00000, 0x00000006d1b00000, 0x00000006d1c00000|  0%| F|  |TS  0|AC  0|TAMS 0x00000006d1b00000, 0x00000006d1b00000|
| 174|0x00000006d1c00000, 0x00000006d1c00000, 0x00000006d1d00000|  0%| F|  |TS  0|AC  0|TAMS 0x00000006d1c00000, 0x00000006d1c00000|
| 175|0x00000006d1d00000, 0x00000006d1d00000, 0x00000006d1e00000|  0%| F|  |TS  0|AC  0|TAMS 0x00000006d1d00000, 0x00000006d1d00000|
| 176|0x00000006d1e00000, 0x00000006d1e00000, 0x00000006d1f00000|  0%| F|  |TS  0|AC  0|TAMS 0x00000006d1e00000, 0x00000006d1e00000|
| 177|0x00000006d1f00000, 0x00000006d1f00000, 0x00000006d2000000|  0%| F|  |TS  0|AC  0|TAMS 0x00000006d1f00000, 0x00000006d1f00000|
| 178|0x00000006d2000000, 0x00000006d2000000, 0x00000006d2100000|  0%| F|  |TS  0|AC  0|TAMS 0x00000006d2000000, 0x00000006d2000000|
| 179|0x00000006d2100000, 0x00000006d2100000, 0x00000006d2200000|  0%| F|  |TS  0|AC  0|TAMS 0x00000006d2100000, 0x00000006d2100000|
| 180|0x00000006d2200000, 0x00000006d2200000, 0x00000006d2300000|  0%| F|  |TS  0|AC  0|TAMS 0x00000006d2200000, 0x00000006d2200000|
| 181|0x00000006d2300000, 0x00000006d2300000, 0x00000006d2400000|  0%| F|  |TS  0|AC  0|TAMS 0x00000006d2300000, 0x00000006d2300000|
| 182|0x00000006d2400000, 0x00000006d2400000, 0x00000006d2500000|  0%| F|  |TS  0|AC  0|TAMS 0x00000006d2400000, 0x00000006d2400000|
| 183|0x00000006d2500000, 0x00000006d2500000, 0x00000006d2600000|  0%| F|  |TS  0|AC  0|TAMS 0x00000006d2500000, 0x00000006d2500000|
| 184|0x00000006d2600000, 0x00000006d2600000, 0x00000006d2700000|  0%| F|  |TS  0|AC  0|TAMS 0x00000006d2600000, 0x00000006d2600000|
| 185|0x00000006d2700000, 0x00000006d2700000, 0x00000006d2800000|  0%| F|  |TS  0|AC  0|TAMS 0x00000006d2700000, 0x00000006d2700000|
| 186|0x00000006d2800000, 0x00000006d2800000, 0x00000006d2900000|  0%| F|  |TS  0|AC  0|TAMS 0x00000006d2800000, 0x00000006d2800000|
| 187|0x00000006d2900000, 0x00000006d2900000, 0x00000006d2a00000|  0%| F|  |TS  0|AC  0|TAMS 0x00000006d2900000, 0x00000006d2900000|
| 188|0x00000006d2a00000, 0x00000006d2a00000, 0x00000006d2b00000|  0%| F|  |TS  0|AC  0|TAMS 0x00000006d2a00000, 0x00000006d2a00000|
| 189|0x00000006d2b00000, 0x00000006d2b00000, 0x00000006d2c00000|  0%| F|  |TS  0|AC  0|TAMS 0x00000006d2b00000, 0x00000006d2b00000|
| 190|0x00000006d2c00000, 0x00000006d2c00000, 0x00000006d2d00000|  0%| F|  |TS  0|AC  0|TAMS 0x00000006d2c00000, 0x00000006d2c00000|
| 191|0x00000006d2d00000, 0x00000006d2d00000, 0x00000006d2e00000|  0%| F|  |TS  0|AC  0|TAMS 0x00000006d2d00000, 0x00000006d2d00000|
| 192|0x00000006d2e00000, 0x00000006d2e00000, 0x00000006d2f00000|  0%| F|  |TS  0|AC  0|TAMS 0x00000006d2e00000, 0x00000006d2e00000|
| 193|0x00000006d2f00000, 0x00000006d2f00000, 0x00000006d3000000|  0%| F|  |TS  0|AC  0|TAMS 0x00000006d2f00000, 0x00000006d2f00000|
| 194|0x00000006d3000000, 0x00000006d3000000, 0x00000006d3100000|  0%| F|  |TS  0|AC  0|TAMS 0x00000006d3000000, 0x00000006d3000000|
| 195|0x00000006d3100000, 0x00000006d3100000, 0x00000006d3200000|  0%| F|  |TS  0|AC  0|TAMS 0x00000006d3100000, 0x00000006d3100000|
| 196|0x00000006d3200000, 0x00000006d3200000, 0x00000006d3300000|  0%| F|  |TS  0|AC  0|TAMS 0x00000006d3200000, 0x00000006d3200000|
| 197|0x00000006d3300000, 0x00000006d3300000, 0x00000006d3400000|  0%| F|  |TS  0|AC  0|TAMS 0x00000006d3300000, 0x00000006d3300000|
| 198|0x00000006d3400000, 0x00000006d3400000, 0x00000006d3500000|  0%| F|  |TS  0|AC  0|TAMS 0x00000006d3400000, 0x00000006d3400000|
| 199|0x00000006d3500000, 0x00000006d3500000, 0x00000006d3600000|  0%| F|  |TS  0|AC  0|TAMS 0x00000006d3500000, 0x00000006d3500000|
| 200|0x00000006d3600000, 0x00000006d3600000, 0x00000006d3700000|  0%| F|  |TS  0|AC  0|TAMS 0x00000006d3600000, 0x00000006d3600000|
| 201|0x00000006d3700000, 0x00000006d3700000, 0x00000006d3800000|  0%| F|  |TS  0|AC  0|TAMS 0x00000006d3700000, 0x00000006d3700000|
| 202|0x00000006d3800000, 0x00000006d3800000, 0x00000006d3900000|  0%| F|  |TS  0|AC  0|TAMS 0x00000006d3800000, 0x00000006d3800000|
| 203|0x00000006d3900000, 0x00000006d3900000, 0x00000006d3a00000|  0%| F|  |TS  0|AC  0|TAMS 0x00000006d3900000, 0x00000006d3900000|
| 204|0x00000006d3a00000, 0x00000006d3a00000, 0x00000006d3b00000|  0%| F|  |TS  0|AC  0|TAMS 0x00000006d3a00000, 0x00000006d3a00000|
| 205|0x00000006d3b00000, 0x00000006d3b00000, 0x00000006d3c00000|  0%| F|  |TS  0|AC  0|TAMS 0x00000006d3b00000, 0x00000006d3b00000|
| 206|0x00000006d3c00000, 0x00000006d3c00000, 0x00000006d3d00000|  0%| F|  |TS  0|AC  0|TAMS 0x00000006d3c00000, 0x00000006d3c00000|
| 207|0x00000006d3d00000, 0x00000006d3d00000, 0x00000006d3e00000|  0%| F|  |TS  0|AC  0|TAMS 0x00000006d3d00000, 0x00000006d3d00000|
| 208|0x00000006d3e00000, 0x00000006d3e00000, 0x00000006d3f00000|  0%| F|  |TS  0|AC  0|TAMS 0x00000006d3e00000, 0x00000006d3e00000|
| 209|0x00000006d3f00000, 0x00000006d3f00000, 0x00000006d4000000|  0%| F|  |TS  0|AC  0|TAMS 0x00000006d3f00000, 0x00000006d3f00000|
| 210|0x00000006d4000000, 0x00000006d4000000, 0x00000006d4100000|  0%| F|  |TS  0|AC  0|TAMS 0x00000006d4000000, 0x00000006d4000000|
| 211|0x00000006d4100000, 0x00000006d4100000, 0x00000006d4200000|  0%| F|  |TS  0|AC  0|TAMS 0x00000006d4100000, 0x00000006d4100000|
| 212|0x00000006d4200000, 0x00000006d4200000, 0x00000006d4300000|  0%| F|  |TS  0|AC  0|TAMS 0x00000006d4200000, 0x00000006d4200000|
| 213|0x00000006d4300000, 0x00000006d4300000, 0x00000006d4400000|  0%| F|  |TS  0|AC  0|TAMS 0x00000006d4300000, 0x00000006d4300000|
| 214|0x00000006d4400000, 0x00000006d4400000, 0x00000006d4500000|  0%| F|  |TS  0|AC  0|TAMS 0x00000006d4400000, 0x00000006d4400000|
| 215|0x00000006d4500000, 0x00000006d4500000, 0x00000006d4600000|  0%| F|  |TS  0|AC  0|TAMS 0x00000006d4500000, 0x00000006d4500000|
| 216|0x00000006d4600000, 0x00000006d4600000, 0x00000006d4700000|  0%| F|  |TS  0|AC  0|TAMS 0x00000006d4600000, 0x00000006d4600000|
| 217|0x00000006d4700000, 0x00000006d4700000, 0x00000006d4800000|  0%| F|  |TS  0|AC  0|TAMS 0x00000006d4700000, 0x00000006d4700000|
| 218|0x00000006d4800000, 0x00000006d4800000, 0x00000006d4900000|  0%| F|  |TS  0|AC  0|TAMS 0x00000006d4800000, 0x00000006d4800000|
| 219|0x00000006d4900000, 0x00000006d4900000, 0x00000006d4a00000|  0%| F|  |TS  0|AC  0|TAMS 0x00000006d4900000, 0x00000006d4900000|
| 220|0x00000006d4a00000, 0x00000006d4a00000, 0x00000006d4b00000|  0%| F|  |TS  0|AC  0|TAMS 0x00000006d4a00000, 0x00000006d4a00000|
| 221|0x00000006d4b00000, 0x00000006d4b00000, 0x00000006d4c00000|  0%| F|  |TS  0|AC  0|TAMS 0x00000006d4b00000, 0x00000006d4b00000|
| 222|0x00000006d4c00000, 0x00000006d4c00000, 0x00000006d4d00000|  0%| F|  |TS  0|AC  0|TAMS 0x00000006d4c00000, 0x00000006d4c00000|
| 223|0x00000006d4d00000, 0x00000006d4d00000, 0x00000006d4e00000|  0%| F|  |TS  0|AC  0|TAMS 0x00000006d4d00000, 0x00000006d4d00000|
| 224|0x00000006d4e00000, 0x00000006d4e00000, 0x00000006d4f00000|  0%| F|  |TS  0|AC  0|TAMS 0x00000006d4e00000, 0x00000006d4e00000|
| 225|0x00000006d4f00000, 0x00000006d4f00000, 0x00000006d5000000|  0%| F|  |TS  0|AC  0|TAMS 0x00000006d4f00000, 0x00000006d4f00000|
| 226|0x00000006d5000000, 0x00000006d5000000, 0x00000006d5100000|  0%| F|  |TS  0|AC  0|TAMS 0x00000006d5000000, 0x00000006d5000000|
| 227|0x00000006d5100000, 0x00000006d5100000, 0x00000006d5200000|  0%| F|  |TS  0|AC  0|TAMS 0x00000006d5100000, 0x00000006d5100000|
| 228|0x00000006d5200000, 0x00000006d5200000, 0x00000006d5300000|  0%| F|  |TS  0|AC  0|TAMS 0x00000006d5200000, 0x00000006d5200000|
| 229|0x00000006d5300000, 0x00000006d5300000, 0x00000006d5400000|  0%| F|  |TS  0|AC  0|TAMS 0x00000006d5300000, 0x00000006d5300000|
| 230|0x00000006d5400000, 0x00000006d5400000, 0x00000006d5500000|  0%| F|  |TS  0|AC  0|TAMS 0x00000006d5400000, 0x00000006d5400000|
| 231|0x00000006d5500000, 0x00000006d5500000, 0x00000006d5600000|  0%| F|  |TS  0|AC  0|TAMS 0x00000006d5500000, 0x00000006d5500000|
| 232|0x00000006d5600000, 0x00000006d5600000, 0x00000006d5700000|  0%| F|  |TS  0|AC  0|TAMS 0x00000006d5600000, 0x00000006d5600000|
| 233|0x00000006d5700000, 0x00000006d5700000, 0x00000006d5800000|  0%| F|  |TS  0|AC  0|TAMS 0x00000006d5700000, 0x00000006d5700000|
| 234|0x00000006d5800000, 0x00000006d5800000, 0x00000006d5900000|  0%| F|  |TS  0|AC  0|TAMS 0x00000006d5800000, 0x00000006d5800000|
| 235|0x00000006d5900000, 0x00000006d5900000, 0x00000006d5a00000|  0%| F|  |TS  0|AC  0|TAMS 0x00000006d5900000, 0x00000006d5900000|
| 236|0x00000006d5a00000, 0x00000006d5a00000, 0x00000006d5b00000|  0%| F|  |TS  0|AC  0|TAMS 0x00000006d5a00000, 0x00000006d5a00000|
| 237|0x00000006d5b00000, 0x00000006d5b00000, 0x00000006d5c00000|  0%| F|  |TS  0|AC  0|TAMS 0x00000006d5b00000, 0x00000006d5b00000|
| 238|0x00000006d5c00000, 0x00000006d5c7b660, 0x00000006d5d00000| 48%| E|  |TS  0|AC  0|TAMS 0x00000006d5c00000, 0x00000006d5c00000|
| 239|0x00000006d5d00000, 0x00000006d5e00000, 0x00000006d5e00000|100%| E|CS|TS  0|AC  0|TAMS 0x00000006d5d00000, 0x00000006d5d00000|
| 240|0x00000006d5e00000, 0x00000006d5f00000, 0x00000006d5f00000|100%| E|CS|TS  0|AC  0|TAMS 0x00000006d5e00000, 0x00000006d5e00000|
| 241|0x00000006d5f00000, 0x00000006d6000000, 0x00000006d6000000|100%| E|CS|TS  0|AC  0|TAMS 0x00000006d5f00000, 0x00000006d5f00000|
| 242|0x00000006d6000000, 0x00000006d6100000, 0x00000006d6100000|100%| E|CS|TS  0|AC  0|TAMS 0x00000006d6000000, 0x00000006d6000000|
| 243|0x00000006d6100000, 0x00000006d6200000, 0x00000006d6200000|100%| E|CS|TS  0|AC  0|TAMS 0x00000006d6100000, 0x00000006d6100000|
| 244|0x00000006d6200000, 0x00000006d6300000, 0x00000006d6300000|100%| E|CS|TS  0|AC  0|TAMS 0x00000006d6200000, 0x00000006d6200000|
| 245|0x00000006d6300000, 0x00000006d6400000, 0x00000006d6400000|100%| E|CS|TS  0|AC  0|TAMS 0x00000006d6300000, 0x00000006d6300000|
| 246|0x00000006d6400000, 0x00000006d6500000, 0x00000006d6500000|100%| E|CS|TS  0|AC  0|TAMS 0x00000006d6400000, 0x00000006d6400000|
| 247|0x00000006d6500000, 0x00000006d6600000, 0x00000006d6600000|100%| E|CS|TS  0|AC  0|TAMS 0x00000006d6500000, 0x00000006d6500000|
| 248|0x00000006d6600000, 0x00000006d6700000, 0x00000006d6700000|100%| E|CS|TS  0|AC  0|TAMS 0x00000006d6600000, 0x00000006d6600000|
| 249|0x00000006d6700000, 0x00000006d6800000, 0x00000006d6800000|100%| E|CS|TS  0|AC  0|TAMS 0x00000006d6700000, 0x00000006d6700000|

Card table byte_map: [0x00007f75404f6000,0x00007f7540cbf000] byte_map_base: 0x00007f753cebf000

Marking Bits (Prev, Next): (CMBitMap*) 0x00007f7558077a80, (CMBitMap*) 0x00007f7558077ad8
 Prev Bits: [0x00007f74f79ef000, 0x00007f74fb837000)
 Next Bits: [0x00007f74f3ba7000, 0x00007f74f79ef000)

Polling page: 0x00007f756172e000

CodeHeap 'non-nmethods': size=5700Kb used=1296Kb max_used=1304Kb free=4403Kb
 bounds [0x00007f7541c51000, 0x00007f7541ec1000, 0x00007f75421e2000]
CodeHeap 'profiled nmethods': size=120028Kb used=1396Kb max_used=1396Kb free=118631Kb
 bounds [0x00007f75421e2000, 0x00007f7542452000, 0x00007f7549719000]
CodeHeap 'non-profiled nmethods': size=120032Kb used=243Kb max_used=243Kb free=119788Kb
 bounds [0x00007f7549719000, 0x00007f7549989000, 0x00007f7550c51000]
 total_blobs=1581 nmethods=798 adapters=514
 compilation: enabled

Compilation events (10 events):
Event: 5,635 Thread 0x00007f7558239000  796       1       java.awt.image.Raster::getHeight (5 bytes)
Event: 5,635 Thread 0x00007f7558239000 nmethod 796 0x00007f7549755590 code [0x00007f7549755700, 0x00007f7549755810]
Event: 5,635 Thread 0x00007f7558239000  797       1       java.awt.image.Raster::getMinX (5 bytes)
Event: 5,635 Thread 0x00007f7558239000 nmethod 797 0x00007f7549755890 code [0x00007f7549755a00, 0x00007f7549755b10]
Event: 5,635 Thread 0x00007f7558239000  798       1       java.awt.image.Raster::getMinY (5 bytes)
Event: 5,635 Thread 0x00007f7558239000 nmethod 798 0x00007f7549755b90 code [0x00007f7549755d00, 0x00007f7549755e10]
Event: 5,636 Thread 0x00007f7558239000  799  s    3       java.awt.ColorPaintContext::getRaster (88 bytes)
Event: 5,636 Thread 0x00007f7558239000 nmethod 799 0x00007f754233d990 code [0x00007f754233dba0, 0x00007f754233e968]
Event: 5,636 Thread 0x00007f7558239000  800       3       sun.java2d.loops.Blit$GeneralMaskBlit::Blit (28 bytes)
Event: 5,636 Thread 0x00007f7558239000 nmethod 800 0x00007f754233ec90 code [0x00007f754233ee20, 0x00007f754233f0a8]

GC Heap History (0 events):
No events

Deoptimization events (7 events):
Event: 0,047 Thread 0x00007f7558011000 Uncommon trap: reason=unstable_if action=reinterpret pc=0x00007f754971b334 method=java.lang.String.hashCode()I @ 12
Event: 0,478 Thread 0x00007f7558011000 Uncommon trap: reason=unstable_if action=reinterpret pc=0x00007f7549736180 method=java.lang.String.equals(Ljava/lang/Object;)Z @ 27
Event: 0,566 Thread 0x00007f7558011000 Uncommon trap: reason=class_check action=maybe_recompile pc=0x00007f7549726eb8 method=java.util.HashMap.putVal(ILjava/lang/Object;Ljava/lang/Object;ZZ)Ljava/lang/Object; @ 91
Event: 0,609 Thread 0x00007f7558011000 Uncommon trap: reason=class_check action=maybe_recompile pc=0x00007f7549726968 method=java.util.HashMap.putVal(ILjava/lang/Object;Ljava/lang/Object;ZZ)Ljava/lang/Object; @ 253
Event: 0,609 Thread 0x00007f7558011000 Uncommon trap: reason=class_check action=maybe_recompile pc=0x00007f7549726968 method=java.util.HashMap.putVal(ILjava/lang/Object;Ljava/lang/Object;ZZ)Ljava/lang/Object; @ 253
Event: 0,609 Thread 0x00007f7558011000 Uncommon trap: reason=class_check action=maybe_recompile pc=0x00007f7549726968 method=java.util.HashMap.putVal(ILjava/lang/Object;Ljava/lang/Object;ZZ)Ljava/lang/Object; @ 253
Event: 0,861 Thread 0x00007f75588b2800 Uncommon trap: reason=unstable_if action=reinterpret pc=0x00007f7549750540 method=sun.security.provider.SeedGenerator$ThreadedSeedGenerator.run()V @ 120

Classes redefined (0 events):
No events

Internal exceptions (10 events):
Event: 0,491 Thread 0x00007f7558011000 Exception <a 'java/io/IOException'> (0x00000006d61f84c0) thrown at [/build/openjdk-9-argm_o/openjdk-9-9~b114/src/hotspot/src/share/vm/prims/jni.cpp, line 605]
Event: 0,491 Thread 0x00007f7558011000 Exception <a 'java/io/IOException'> (0x00000006d61f8720) thrown at [/build/openjdk-9-argm_o/openjdk-9-9~b114/src/hotspot/src/share/vm/prims/jni.cpp, line 605]
Event: 0,491 Thread 0x00007f7558011000 Exception <a 'java/io/IOException'> (0x00000006d61f8e88) thrown at [/build/openjdk-9-argm_o/openjdk-9-9~b114/src/hotspot/src/share/vm/prims/jni.cpp, line 605]
Event: 0,491 Thread 0x00007f7558011000 Exception <a 'java/io/IOException'> (0x00000006d61f90e8) thrown at [/build/openjdk-9-argm_o/openjdk-9-9~b114/src/hotspot/src/share/vm/prims/jni.cpp, line 605]
Event: 0,491 Thread 0x00007f7558011000 Exception <a 'java/io/IOException'> (0x00000006d61f9850) thrown at [/build/openjdk-9-argm_o/openjdk-9-9~b114/src/hotspot/src/share/vm/prims/jni.cpp, line 605]
Event: 0,491 Thread 0x00007f7558011000 Exception <a 'java/io/IOException'> (0x00000006d61f9ab0) thrown at [/build/openjdk-9-argm_o/openjdk-9-9~b114/src/hotspot/src/share/vm/prims/jni.cpp, line 605]
Event: 0,491 Thread 0x00007f7558011000 Exception <a 'java/io/IOException'> (0x00000006d61fa218) thrown at [/build/openjdk-9-argm_o/openjdk-9-9~b114/src/hotspot/src/share/vm/prims/jni.cpp, line 605]
Event: 0,491 Thread 0x00007f7558011000 Exception <a 'java/io/IOException'> (0x00000006d61fa478) thrown at [/build/openjdk-9-argm_o/openjdk-9-9~b114/src/hotspot/src/share/vm/prims/jni.cpp, line 605]
Event: 0,491 Thread 0x00007f7558011000 Exception <a 'java/io/IOException'> (0x00000006d61fabe0) thrown at [/build/openjdk-9-argm_o/openjdk-9-9~b114/src/hotspot/src/share/vm/prims/jni.cpp, line 605]
Event: 0,491 Thread 0x00007f7558011000 Exception <a 'java/io/IOException'> (0x00000006d61fae40) thrown at [/build/openjdk-9-argm_o/openjdk-9-9~b114/src/hotspot/src/share/vm/prims/jni.cpp, line 605]

Events (10 events):
Event: 5,636 loading class sun/font/FontDesignMetrics$MetricsKey
Event: 5,636 loading class sun/font/FontDesignMetrics$MetricsKey done
Event: 5,636 loading class sun/font/FontStrikeDesc
Event: 5,636 loading class sun/font/FontStrikeDesc done
Event: 5,636 loading class sun/font/FileFontStrike
Event: 5,636 loading class sun/font/FileFontStrike done
Event: 5,637 loading class sun/font/FontScaler
Event: 5,637 loading class sun/font/FontScaler done
Event: 5,637 loading class sun/font/FreetypeFontScaler
Event: 5,637 loading class sun/font/FreetypeFontScaler done


Dynamic libraries:
00400000-00401000 r-xp 00000000 08:07 789546                             /usr/lib/jvm/java-9-openjdk-amd64/bin/java
00600000-00601000 r--p 00000000 08:07 789546                             /usr/lib/jvm/java-9-openjdk-amd64/bin/java
00601000-00602000 rw-p 00001000 08:07 789546                             /usr/lib/jvm/java-9-openjdk-amd64/bin/java
00b95000-00bb6000 rw-p 00000000 00:00 0                                  [heap]
6c6e00000-6d6800000 rw-p 00000000 00:00 0 
6d6800000-7c0000000 ---p 00000000 00:00 0 
7c0000000-7c0140000 rw-p 00000000 00:00 0 
7c0140000-800000000 ---p 00000000 00:00 0 
7f7484000000-7f7484021000 rw-p 00000000 00:00 0 
7f7484021000-7f7488000000 ---p 00000000 00:00 0 
7f748c000000-7f748c021000 rw-p 00000000 00:00 0 
7f748c021000-7f7490000000 ---p 00000000 00:00 0 
7f7490000000-7f7490021000 rw-p 00000000 00:00 0 
7f7490021000-7f7494000000 ---p 00000000 00:00 0 
7f7494000000-7f7494021000 rw-p 00000000 00:00 0 
7f7494021000-7f7498000000 ---p 00000000 00:00 0 
7f7498000000-7f7498021000 rw-p 00000000 00:00 0 
7f7498021000-7f749c000000 ---p 00000000 00:00 0 
7f749c9d0000-7f749ca50000 rw-p 00000000 00:00 0 
7f749ca50000-7f749cbd4000 ---p 00000000 00:00 0 
7f749cbd4000-7f749ccd1000 rw-p 00000000 00:00 0 
7f749ccd1000-7f749ccd5000 ---p 00000000 00:00 0 
7f749ccd5000-7f749cdd2000 rw-p 00000000 00:00 0 
7f749cdd2000-7f749cdd6000 ---p 00000000 00:00 0 
7f749cdd6000-7f749e109000 rw-p 00000000 00:00 0 
7f749e109000-7f749e140000 r-xp 00000000 08:07 796773                     /usr/lib/x86_64-linux-gnu/libtxc_dxtn_s2tc.so.0.0.0
7f749e140000-7f749e33f000 ---p 00037000 08:07 796773                     /usr/lib/x86_64-linux-gnu/libtxc_dxtn_s2tc.so.0.0.0
7f749e33f000-7f749e340000 r--p 00036000 08:07 796773                     /usr/lib/x86_64-linux-gnu/libtxc_dxtn_s2tc.so.0.0.0
7f749e340000-7f749e341000 rw-p 00037000 08:07 796773                     /usr/lib/x86_64-linux-gnu/libtxc_dxtn_s2tc.so.0.0.0
7f749e341000-7f749e541000 rw-p 00000000 00:00 0 
7f749e541000-7f749e549000 r-xp 00000000 08:07 796524                     /usr/lib/x86_64-linux-gnu/libpciaccess.so.0.11.1
7f749e549000-7f749e749000 ---p 00008000 08:07 796524                     /usr/lib/x86_64-linux-gnu/libpciaccess.so.0.11.1
7f749e749000-7f749e74a000 r--p 00008000 08:07 796524                     /usr/lib/x86_64-linux-gnu/libpciaccess.so.0.11.1
7f749e74a000-7f749e74b000 rw-p 00009000 08:07 796524                     /usr/lib/x86_64-linux-gnu/libpciaccess.so.0.11.1
7f749e74b000-7f749e756000 r-xp 00000000 08:07 790839                     /usr/lib/x86_64-linux-gnu/libdrm_radeon.so.1.0.1
7f749e756000-7f749e955000 ---p 0000b000 08:07 790839                     /usr/lib/x86_64-linux-gnu/libdrm_radeon.so.1.0.1
7f749e955000-7f749e956000 r--p 0000a000 08:07 790839                     /usr/lib/x86_64-linux-gnu/libdrm_radeon.so.1.0.1
7f749e956000-7f749e957000 rw-p 0000b000 08:07 790839                     /usr/lib/x86_64-linux-gnu/libdrm_radeon.so.1.0.1
7f749e957000-7f749e95e000 r-xp 00000000 08:07 790837                     /usr/lib/x86_64-linux-gnu/libdrm_nouveau.so.2.0.0
7f749e95e000-7f749eb5d000 ---p 00007000 08:07 790837                     /usr/lib/x86_64-linux-gnu/libdrm_nouveau.so.2.0.0
7f749eb5d000-7f749eb5e000 r--p 00006000 08:07 790837                     /usr/lib/x86_64-linux-gnu/libdrm_nouveau.so.2.0.0
7f749eb5e000-7f749eb5f000 rw-p 00007000 08:07 790837                     /usr/lib/x86_64-linux-gnu/libdrm_nouveau.so.2.0.0
7f749eb5f000-7f749eb81000 r-xp 00000000 08:07 788880                     /usr/lib/x86_64-linux-gnu/libdrm_intel.so.1.0.0
7f749eb81000-7f749ed81000 ---p 00022000 08:07 788880                     /usr/lib/x86_64-linux-gnu/libdrm_intel.so.1.0.0
7f749ed81000-7f749ed82000 r--p 00022000 08:07 788880                     /usr/lib/x86_64-linux-gnu/libdrm_intel.so.1.0.0
7f749ed82000-7f749ed83000 rw-p 00023000 08:07 788880                     /usr/lib/x86_64-linux-gnu/libdrm_intel.so.1.0.0
7f749ed83000-7f749f388000 r-xp 00000000 08:07 919354                     /usr/lib/x86_64-linux-gnu/dri/i965_dri.so
7f749f388000-7f749f588000 ---p 00605000 08:07 919354                     /usr/lib/x86_64-linux-gnu/dri/i965_dri.so
7f749f588000-7f749f5be000 r--p 00605000 08:07 919354                     /usr/lib/x86_64-linux-gnu/dri/i965_dri.so
7f749f5be000-7f749f5c5000 rw-p 0063b000 08:07 919354                     /usr/lib/x86_64-linux-gnu/dri/i965_dri.so
7f749f5c5000-7f749f5cd000 rw-p 00000000 00:00 0 
7f749f5cd000-7f749f5d0000 r-xp 00000000 08:07 557010                     /home/julien/TeleGame_Design/tgd-projet_2018/natives/libjinput-linux64.so
7f749f5d0000-7f749f7cf000 ---p 00003000 08:07 557010                     /home/julien/TeleGame_Design/tgd-projet_2018/natives/libjinput-linux64.so
7f749f7cf000-7f749f7d0000 r--p 00002000 08:07 557010                     /home/julien/TeleGame_Design/tgd-projet_2018/natives/libjinput-linux64.so
7f749f7d0000-7f749f7d1000 rw-p 00003000 08:07 557010                     /home/julien/TeleGame_Design/tgd-projet_2018/natives/libjinput-linux64.so
7f749f7d1000-7f749f7df000 r-xp 00000000 08:07 795881                     /usr/lib/x86_64-linux-gnu/libdrm.so.2.4.0
7f749f7df000-7f749f9de000 ---p 0000e000 08:07 795881                     /usr/lib/x86_64-linux-gnu/libdrm.so.2.4.0
7f749f9de000-7f749f9df000 r--p 0000d000 08:07 795881                     /usr/lib/x86_64-linux-gnu/libdrm.so.2.4.0
7f749f9df000-7f749f9e0000 rw-p 0000e000 08:07 795881                     /usr/lib/x86_64-linux-gnu/libdrm.so.2.4.0
7f749f9e0000-7f749f9e4000 r-xp 00000000 08:07 796880                     /usr/lib/x86_64-linux-gnu/libxcb-dri2.so.0.0.0
7f749f9e4000-7f749fbe3000 ---p 00004000 08:07 796880                     /usr/lib/x86_64-linux-gnu/libxcb-dri2.so.0.0.0
7f749fbe3000-7f749fbe4000 r--p 00003000 08:07 796880                     /usr/lib/x86_64-linux-gnu/libxcb-dri2.so.0.0.0
7f749fbe4000-7f749fbe5000 rw-p 00004000 08:07 796880                     /usr/lib/x86_64-linux-gnu/libxcb-dri2.so.0.0.0
7f749fbe5000-7f749fbfc000 r-xp 00000000 08:07 796884                     /usr/lib/x86_64-linux-gnu/libxcb-glx.so.0.0.0
7f749fbfc000-7f749fdfb000 ---p 00017000 08:07 796884                     /usr/lib/x86_64-linux-gnu/libxcb-glx.so.0.0.0
7f749fdfb000-7f749fdfd000 r--p 00016000 08:07 796884                     /usr/lib/x86_64-linux-gnu/libxcb-glx.so.0.0.0
7f749fdfd000-7f749fdfe000 rw-p 00018000 08:07 796884                     /usr/lib/x86_64-linux-gnu/libxcb-glx.so.0.0.0
7f749fdfe000-7f749fdff000 r-xp 00000000 08:07 795561                     /usr/lib/x86_64-linux-gnu/libX11-xcb.so.1.0.0
7f749fdff000-7f749fffe000 ---p 00001000 08:07 795561                     /usr/lib/x86_64-linux-gnu/libX11-xcb.so.1.0.0
7f749fffe000-7f749ffff000 r--p 00000000 08:07 795561                     /usr/lib/x86_64-linux-gnu/libX11-xcb.so.1.0.0
7f749ffff000-7f74a0000000 rw-p 00001000 08:07 795561                     /usr/lib/x86_64-linux-gnu/libX11-xcb.so.1.0.0
7f74a0000000-7f74a0021000 rw-p 00000000 00:00 0 
7f74a0021000-7f74a4000000 ---p 00000000 00:00 0 
7f74a4000000-7f74a4021000 rw-p 00000000 00:00 0 
7f74a4021000-7f74a8000000 ---p 00000000 00:00 0 
7f74a8000000-7f74a8021000 rw-p 00000000 00:00 0 
7f74a8021000-7f74ac000000 ---p 00000000 00:00 0 
7f74ac02e000-7f74ac032000 ---p 00000000 00:00 0 
7f74ac032000-7f74ac12f000 rw-p 00000000 00:00 0 
7f74ac12f000-7f74ac131000 r-xp 00000000 08:07 795576                     /usr/lib/x86_64-linux-gnu/libXdamage.so.1.1.0
7f74ac131000-7f74ac330000 ---p 00002000 08:07 795576                     /usr/lib/x86_64-linux-gnu/libXdamage.so.1.1.0
7f74ac330000-7f74ac331000 r--p 00001000 08:07 795576                     /usr/lib/x86_64-linux-gnu/libXdamage.so.1.1.0
7f74ac331000-7f74ac332000 rw-p 00002000 08:07 795576                     /usr/lib/x86_64-linux-gnu/libXdamage.so.1.1.0
7f74ac332000-7f74ac35b000 r-xp 00000000 08:07 796068                     /usr/lib/x86_64-linux-gnu/libglapi.so.0.0.0
7f74ac35b000-7f74ac55a000 ---p 00029000 08:07 796068                     /usr/lib/x86_64-linux-gnu/libglapi.so.0.0.0
7f74ac55a000-7f74ac55e000 r--p 00028000 08:07 796068                     /usr/lib/x86_64-linux-gnu/libglapi.so.0.0.0
7f74ac55e000-7f74ac55f000 rw-p 0002c000 08:07 796068                     /usr/lib/x86_64-linux-gnu/libglapi.so.0.0.0
7f74ac55f000-7f74ac560000 rw-p 00000000 00:00 0 
7f74ac560000-7f74ac561000 r-xp 00000000 08:07 796928                     /usr/lib/x86_64-linux-gnu/libxshmfence.so.1.0.0
7f74ac561000-7f74ac761000 ---p 00001000 08:07 796928                     /usr/lib/x86_64-linux-gnu/libxshmfence.so.1.0.0
7f74ac761000-7f74ac762000 r--p 00001000 08:07 796928                     /usr/lib/x86_64-linux-gnu/libxshmfence.so.1.0.0
7f74ac762000-7f74ac763000 rw-p 00002000 08:07 796928                     /usr/lib/x86_64-linux-gnu/libxshmfence.so.1.0.0
7f74ac763000-7f74ac768000 r-xp 00000000 08:07 796904                     /usr/lib/x86_64-linux-gnu/libxcb-sync.so.1.0.0
7f74ac768000-7f74ac968000 ---p 00005000 08:07 796904                     /usr/lib/x86_64-linux-gnu/libxcb-sync.so.1.0.0
7f74ac968000-7f74ac969000 r--p 00005000 08:07 796904                     /usr/lib/x86_64-linux-gnu/libxcb-sync.so.1.0.0
7f74ac969000-7f74ac96a000 rw-p 00006000 08:07 796904                     /usr/lib/x86_64-linux-gnu/libxcb-sync.so.1.0.0
7f74ac96a000-7f74ac96c000 r-xp 00000000 08:07 796892                     /usr/lib/x86_64-linux-gnu/libxcb-present.so.0.0.0
7f74ac96c000-7f74acb6b000 ---p 00002000 08:07 796892                     /usr/lib/x86_64-linux-gnu/libxcb-present.so.0.0.0
7f74acb6b000-7f74acb6c000 r--p 00001000 08:07 796892                     /usr/lib/x86_64-linux-gnu/libxcb-present.so.0.0.0
7f74acb6c000-7f74acb6d000 rw-p 00002000 08:07 796892                     /usr/lib/x86_64-linux-gnu/libxcb-present.so.0.0.0
7f74acb6d000-7f74acb6f000 r-xp 00000000 08:07 796882                     /usr/lib/x86_64-linux-gnu/libxcb-dri3.so.0.0.0
7f74acb6f000-7f74acd6e000 ---p 00002000 08:07 796882                     /usr/lib/x86_64-linux-gnu/libxcb-dri3.so.0.0.0
7f74acd6e000-7f74acd6f000 r--p 00001000 08:07 796882                     /usr/lib/x86_64-linux-gnu/libxcb-dri3.so.0.0.0
7f74acd6f000-7f74acd70000 rw-p 00002000 08:07 796882                     /usr/lib/x86_64-linux-gnu/libxcb-dri3.so.0.0.0
7f74acd70000-7f74acd96000 r-xp 00000000 08:07 266864                     /lib/x86_64-linux-gnu/libexpat.so.1.6.0
7f74acd96000-7f74acf96000 ---p 00026000 08:07 266864                     /lib/x86_64-linux-gnu/libexpat.so.1.6.0
7f74acf96000-7f74acf98000 r--p 00026000 08:07 266864                     /lib/x86_64-linux-gnu/libexpat.so.1.6.0
7f74acf98000-7f74acf99000 rw-p 00028000 08:07 266864                     /lib/x86_64-linux-gnu/libexpat.so.1.6.0
7f74acf99000-7f74ad006000 r-xp 00000000 08:07 920176                     /usr/lib/x86_64-linux-gnu/mesa/libGL.so.1.2.0
7f74ad006000-7f74ad205000 ---p 0006d000 08:07 920176                     /usr/lib/x86_64-linux-gnu/mesa/libGL.so.1.2.0
7f74ad205000-7f74ad208000 r--p 0006c000 08:07 920176                     /usr/lib/x86_64-linux-gnu/mesa/libGL.so.1.2.0
7f74ad208000-7f74ad209000 rw-p 0006f000 08:07 920176                     /usr/lib/x86_64-linux-gnu/mesa/libGL.so.1.2.0
7f74ad209000-7f74ad20a000 rw-p 00000000 00:00 0 
7f74ad20a000-7f74ad20f000 r-xp 00000000 08:07 795616                     /usr/lib/x86_64-linux-gnu/libXxf86vm.so.1.0.0
7f74ad20f000-7f74ad40e000 ---p 00005000 08:07 795616                     /usr/lib/x86_64-linux-gnu/libXxf86vm.so.1.0.0
7f74ad40e000-7f74ad40f000 r--p 00004000 08:07 795616                     /usr/lib/x86_64-linux-gnu/libXxf86vm.so.1.0.0
7f74ad40f000-7f74ad410000 rw-p 00005000 08:07 795616                     /usr/lib/x86_64-linux-gnu/libXxf86vm.so.1.0.0
7f74ad410000-7f74ad41a000 r-xp 00000000 08:07 795598                     /usr/lib/x86_64-linux-gnu/libXrandr.so.2.2.0
7f74ad41a000-7f74ad619000 ---p 0000a000 08:07 795598                     /usr/lib/x86_64-linux-gnu/libXrandr.so.2.2.0
7f74ad619000-7f74ad61a000 r--p 00009000 08:07 795598                     /usr/lib/x86_64-linux-gnu/libXrandr.so.2.2.0
7f74ad61a000-7f74ad61b000 rw-p 0000a000 08:07 795598                     /usr/lib/x86_64-linux-gnu/libXrandr.so.2.2.0
7f74ad61b000-7f74ad68b000 r-xp 00000000 08:07 557014                     /home/julien/TeleGame_Design/tgd-projet_2018/natives/liblwjgl64.so
7f74ad68b000-7f74ad88b000 ---p 00070000 08:07 557014                     /home/julien/TeleGame_Design/tgd-projet_2018/natives/liblwjgl64.so
7f74ad88b000-7f74ad88d000 r--p 00070000 08:07 557014                     /home/julien/TeleGame_Design/tgd-projet_2018/natives/liblwjgl64.so
7f74ad88d000-7f74ad88e000 rw-p 00072000 08:07 557014                     /home/julien/TeleGame_Design/tgd-projet_2018/natives/liblwjgl64.so
7f74ad88e000-7f74ad88f000 r-xp 00000000 08:07 789583                     /usr/lib/jvm/java-9-openjdk-amd64/lib/amd64/libjawt.so
7f74ad88f000-7f74ada8e000 ---p 00001000 08:07 789583                     /usr/lib/jvm/java-9-openjdk-amd64/lib/amd64/libjawt.so
7f74ada8e000-7f74ada8f000 r--p 00000000 08:07 789583                     /usr/lib/jvm/java-9-openjdk-amd64/lib/amd64/libjawt.so
7f74ada8f000-7f74ada90000 rw-p 00001000 08:07 789583                     /usr/lib/jvm/java-9-openjdk-amd64/lib/amd64/libjawt.so
7f74ada90000-7f74ada94000 ---p 00000000 00:00 0 
7f74ada94000-7f74adb91000 rw-p 00000000 00:00 0 
7f74adb91000-7f74adb96000 r-xp 00000000 08:07 795582                     /usr/lib/x86_64-linux-gnu/libXfixes.so.3.1.0
7f74adb96000-7f74add95000 ---p 00005000 08:07 795582                     /usr/lib/x86_64-linux-gnu/libXfixes.so.3.1.0
7f74add95000-7f74add96000 r--p 00004000 08:07 795582                     /usr/lib/x86_64-linux-gnu/libXfixes.so.3.1.0
7f74add96000-7f74add97000 rw-p 00005000 08:07 795582                     /usr/lib/x86_64-linux-gnu/libXfixes.so.3.1.0
7f74add97000-7f74adda0000 r-xp 00000000 08:07 795212                     /usr/lib/x86_64-linux-gnu/libXcursor.so.1.0.2
7f74adda0000-7f74adf9f000 ---p 00009000 08:07 795212                     /usr/lib/x86_64-linux-gnu/libXcursor.so.1.0.2
7f74adf9f000-7f74adfa0000 r--p 00008000 08:07 795212                     /usr/lib/x86_64-linux-gnu/libXcursor.so.1.0.2
7f74adfa0000-7f74adfa1000 rw-p 00009000 08:07 795212                     /usr/lib/x86_64-linux-gnu/libXcursor.so.1.0.2
7f74adfa1000-7f74adfa5000 ---p 00000000 00:00 0 
7f74adfa5000-7f74ae0a2000 rw-p 00000000 00:00 0 
7f74ae0a2000-7f74ae0c6000 r-xp 00000000 08:07 267021                     /lib/x86_64-linux-gnu/libpng12.so.0.54.0
7f74ae0c6000-7f74ae2c5000 ---p 00024000 08:07 267021                     /lib/x86_64-linux-gnu/libpng12.so.0.54.0
7f74ae2c5000-7f74ae2c6000 r--p 00023000 08:07 267021                     /lib/x86_64-linux-gnu/libpng12.so.0.54.0
7f74ae2c6000-7f74ae2c7000 rw-p 00024000 08:07 267021                     /lib/x86_64-linux-gnu/libpng12.so.0.54.0
7f74ae2c7000-7f74ae36b000 r-xp 00000000 08:07 785427                     /usr/lib/x86_64-linux-gnu/libfreetype.so.6.12.1
7f74ae36b000-7f74ae56a000 ---p 000a4000 08:07 785427                     /usr/lib/x86_64-linux-gnu/libfreetype.so.6.12.1
7f74ae56a000-7f74ae570000 r--p 000a3000 08:07 785427                     /usr/lib/x86_64-linux-gnu/libfreetype.so.6.12.1
7f74ae570000-7f74ae571000 rw-p 000a9000 08:07 785427                     /usr/lib/x86_64-linux-gnu/libfreetype.so.6.12.1
7f74ae571000-7f74ae637000 r-xp 00000000 08:07 789566                     /usr/lib/jvm/java-9-openjdk-amd64/lib/amd64/libfontmanager.so
7f74ae637000-7f74ae836000 ---p 000c6000 08:07 789566                     /usr/lib/jvm/java-9-openjdk-amd64/lib/amd64/libfontmanager.so
7f74ae836000-7f74ae839000 r--p 000c5000 08:07 789566                     /usr/lib/jvm/java-9-openjdk-amd64/lib/amd64/libfontmanager.so
7f74ae839000-7f74ae83a000 rw-p 000c8000 08:07 789566                     /usr/lib/jvm/java-9-openjdk-amd64/lib/amd64/libfontmanager.so
7f74ae83a000-7f74ae83b000 rw-p 00000000 00:00 0 
7f74ae83b000-7f74ae840000 r-xp 00000000 08:07 795578                     /usr/lib/x86_64-linux-gnu/libXdmcp.so.6.0.0
7f74ae840000-7f74aea3f000 ---p 00005000 08:07 795578                     /usr/lib/x86_64-linux-gnu/libXdmcp.so.6.0.0
7f74aea3f000-7f74aea40000 r--p 00004000 08:07 795578                     /usr/lib/x86_64-linux-gnu/libXdmcp.so.6.0.0
7f74aea40000-7f74aea41000 rw-p 00005000 08:07 795578                     /usr/lib/x86_64-linux-gnu/libXdmcp.so.6.0.0
7f74aea41000-7f74aea43000 r-xp 00000000 08:07 795567                     /usr/lib/x86_64-linux-gnu/libXau.so.6.0.0
7f74aea43000-7f74aec43000 ---p 00002000 08:07 795567                     /usr/lib/x86_64-linux-gnu/libXau.so.6.0.0
7f74aec43000-7f74aec44000 r--p 00002000 08:07 795567                     /usr/lib/x86_64-linux-gnu/libXau.so.6.0.0
7f74aec44000-7f74aec45000 rw-p 00003000 08:07 795567                     /usr/lib/x86_64-linux-gnu/libXau.so.6.0.0
7f74aec45000-7f74aec66000 r-xp 00000000 08:07 796916                     /usr/lib/x86_64-linux-gnu/libxcb.so.1.1.0
7f74aec66000-7f74aee65000 ---p 00021000 08:07 796916                     /usr/lib/x86_64-linux-gnu/libxcb.so.1.1.0
7f74aee65000-7f74aee66000 r--p 00020000 08:07 796916                     /usr/lib/x86_64-linux-gnu/libxcb.so.1.1.0
7f74aee66000-7f74aee67000 rw-p 00021000 08:07 796916                     /usr/lib/x86_64-linux-gnu/libxcb.so.1.1.0
7f74aee67000-7f74aee76000 r-xp 00000000 08:07 795588                     /usr/lib/x86_64-linux-gnu/libXi.so.6.1.0
7f74aee76000-7f74af075000 ---p 0000f000 08:07 795588                     /usr/lib/x86_64-linux-gnu/libXi.so.6.1.0
7f74af075000-7f74af076000 r--p 0000e000 08:07 795588                     /usr/lib/x86_64-linux-gnu/libXi.so.6.1.0
7f74af076000-7f74af077000 rw-p 0000f000 08:07 795588                     /usr/lib/x86_64-linux-gnu/libXi.so.6.1.0
7f74af077000-7f74af07c000 r-xp 00000000 08:07 795606                     /usr/lib/x86_64-linux-gnu/libXtst.so.6.1.0
7f74af07c000-7f74af27b000 ---p 00005000 08:07 795606                     /usr/lib/x86_64-linux-gnu/libXtst.so.6.1.0
7f74af27b000-7f74af27c000 r--p 00004000 08:07 795606                     /usr/lib/x86_64-linux-gnu/libXtst.so.6.1.0
7f74af27c000-7f74af27d000 rw-p 00005000 08:07 795606                     /usr/lib/x86_64-linux-gnu/libXtst.so.6.1.0
7f74af27d000-7f74af286000 r-xp 00000000 08:07 795600                     /usr/lib/x86_64-linux-gnu/libXrender.so.1.3.0
7f74af286000-7f74af485000 ---p 00009000 08:07 795600                     /usr/lib/x86_64-linux-gnu/libXrender.so.1.3.0
7f74af485000-7f74af486000 r--p 00008000 08:07 795600                     /usr/lib/x86_64-linux-gnu/libXrender.so.1.3.0
7f74af486000-7f74af487000 rw-p 00009000 08:07 795600                     /usr/lib/x86_64-linux-gnu/libXrender.so.1.3.0
7f74af487000-7f74af5bc000 r-xp 00000000 08:07 795563                     /usr/lib/x86_64-linux-gnu/libX11.so.6.3.0
7f74af5bc000-7f74af7bc000 ---p 00135000 08:07 795563                     /usr/lib/x86_64-linux-gnu/libX11.so.6.3.0
7f74af7bc000-7f74af7bd000 r--p 00135000 08:07 795563                     /usr/lib/x86_64-linux-gnu/libX11.so.6.3.0
7f74af7bd000-7f74af7c1000 rw-p 00136000 08:07 795563                     /usr/lib/x86_64-linux-gnu/libX11.so.6.3.0
7f74af7c1000-7f74af7d2000 r-xp 00000000 08:07 795580                     /usr/lib/x86_64-linux-gnu/libXext.so.6.4.0
7f74af7d2000-7f74af9d1000 ---p 00011000 08:07 795580                     /usr/lib/x86_64-linux-gnu/libXext.so.6.4.0
7f74af9d1000-7f74af9d2000 r--p 00010000 08:07 795580                     /usr/lib/x86_64-linux-gnu/libXext.so.6.4.0
7f74af9d2000-7f74af9d3000 rw-p 00011000 08:07 795580                     /usr/lib/x86_64-linux-gnu/libXext.so.6.4.0
7f74af9d3000-7f74afa2a000 r-xp 00000000 08:07 789593                     /usr/lib/jvm/java-9-openjdk-amd64/lib/amd64/libawt_xawt.so
7f74afa2a000-7f74afc2a000 ---p 00057000 08:07 789593                     /usr/lib/jvm/java-9-openjdk-amd64/lib/amd64/libawt_xawt.so
7f74afc2a000-7f74afc2b000 r--p 00057000 08:07 789593                     /usr/lib/jvm/java-9-openjdk-amd64/lib/amd64/libawt_xawt.so
7f74afc2b000-7f74afc2e000 rw-p 00058000 08:07 789593                     /usr/lib/jvm/java-9-openjdk-amd64/lib/amd64/libawt_xawt.so
7f74afc2e000-7f74afc2f000 rw-p 00000000 00:00 0 
7f74afc2f000-7f74afccf000 r-xp 00000000 08:07 789565                     /usr/lib/jvm/java-9-openjdk-amd64/lib/amd64/libawt.so
7f74afccf000-7f74afece000 ---p 000a0000 08:07 789565                     /usr/lib/jvm/java-9-openjdk-amd64/lib/amd64/libawt.so
7f74afece000-7f74afecf000 r--p 0009f000 08:07 789565                     /usr/lib/jvm/java-9-openjdk-amd64/lib/amd64/libawt.so
7f74afecf000-7f74afeda000 rw-p 000a0000 08:07 789565                     /usr/lib/jvm/java-9-openjdk-amd64/lib/amd64/libawt.so
7f74afeda000-7f74afeff000 rw-p 00000000 00:00 0 
7f74afeff000-7f74aff00000 ---p 00000000 00:00 0 
7f74aff00000-7f74b0000000 rw-p 00000000 00:00 0 
7f74b0000000-7f74b0021000 rw-p 00000000 00:00 0 
7f74b0021000-7f74b4000000 ---p 00000000 00:00 0 
7f74b4000000-7f74b4021000 rw-p 00000000 00:00 0 
7f74b4021000-7f74b8000000 ---p 00000000 00:00 0 
7f74b8000000-7f74b8360000 rw-p 00000000 00:00 0 
7f74b8360000-7f74bc000000 ---p 00000000 00:00 0 
7f74bc000000-7f74bc021000 rw-p 00000000 00:00 0 
7f74bc021000-7f74c0000000 ---p 00000000 00:00 0 
7f74c0000000-7f74c0246000 rw-p 00000000 00:00 0 
7f74c0246000-7f74c4000000 ---p 00000000 00:00 0 
7f74c4000000-7f74c4140000 rw-p 00000000 00:00 0 
7f74c4140000-7f74c8000000 ---p 00000000 00:00 0 
7f74c8000000-7f74c8021000 rw-p 00000000 00:00 0 
7f74c8021000-7f74cc000000 ---p 00000000 00:00 0 
7f74cc000000-7f74cc1ac000 rw-p 00000000 00:00 0 
7f74cc1ac000-7f74d0000000 ---p 00000000 00:00 0 
7f74d0000000-7f74d0021000 rw-p 00000000 00:00 0 
7f74d0021000-7f74d4000000 ---p 00000000 00:00 0 
7f74d4000000-7f74d4021000 rw-p 00000000 00:00 0 
7f74d4021000-7f74d8000000 ---p 00000000 00:00 0 
7f74d8033000-7f74d80a7000 rw-p 00000000 00:00 0 
7f74d80f4000-7f74d80f8000 ---p 00000000 00:00 0 
7f74d80f8000-7f74d81f5000 rw-p 00000000 00:00 0 
7f74d81f5000-7f74d81f9000 ---p 00000000 00:00 0 
7f74d81f9000-7f74db2f7000 rw-p 00000000 00:00 0 
7f74db2f7000-7f74db30d000 r-xp 00000000 08:07 789567                     /usr/lib/jvm/java-9-openjdk-amd64/lib/amd64/libnet.so
7f74db30d000-7f74db50c000 ---p 00016000 08:07 789567                     /usr/lib/jvm/java-9-openjdk-amd64/lib/amd64/libnet.so
7f74db50c000-7f74db50d000 r--p 00015000 08:07 789567                     /usr/lib/jvm/java-9-openjdk-amd64/lib/amd64/libnet.so
7f74db50d000-7f74db50e000 rw-p 00016000 08:07 789567                     /usr/lib/jvm/java-9-openjdk-amd64/lib/amd64/libnet.so
7f74db50e000-7f74db51f000 r-xp 00000000 08:07 789594                     /usr/lib/jvm/java-9-openjdk-amd64/lib/amd64/libnio.so
7f74db51f000-7f74db71f000 ---p 00011000 08:07 789594                     /usr/lib/jvm/java-9-openjdk-amd64/lib/amd64/libnio.so
7f74db71f000-7f74db720000 r--p 00011000 08:07 789594                     /usr/lib/jvm/java-9-openjdk-amd64/lib/amd64/libnio.so
7f74db720000-7f74db721000 rw-p 00012000 08:07 789594                     /usr/lib/jvm/java-9-openjdk-amd64/lib/amd64/libnio.so
7f74db721000-7f74db725000 ---p 00000000 00:00 0 
7f74db725000-7f74db822000 rw-p 00000000 00:00 0 
7f74db822000-7f74db826000 ---p 00000000 00:00 0 
7f74db826000-7f74db923000 rw-p 00000000 00:00 0 
7f74db923000-7f74db927000 ---p 00000000 00:00 0 
7f74db927000-7f74dba24000 rw-p 00000000 00:00 0 
7f74dba24000-7f74dba28000 ---p 00000000 00:00 0 
7f74dba28000-7f74dbb25000 rw-p 00000000 00:00 0 
7f74dbb25000-7f74dbb29000 ---p 00000000 00:00 0 
7f74dbb29000-7f74dbc26000 rw-p 00000000 00:00 0 
7f74dbc26000-7f74dbc2a000 ---p 00000000 00:00 0 
7f74dbc2a000-7f74dbd27000 rw-p 00000000 00:00 0 
7f74dbd27000-7f74dc000000 r--p 00000000 08:07 786437                     /usr/lib/locale/locale-archive
7f74dc000000-7f74dc021000 rw-p 00000000 00:00 0 
7f74dc021000-7f74e0000000 ---p 00000000 00:00 0 
7f74e0000000-7f74e0021000 rw-p 00000000 00:00 0 
7f74e0021000-7f74e4000000 ---p 00000000 00:00 0 
7f74e4000000-7f74e4021000 rw-p 00000000 00:00 0 
7f74e4021000-7f74e8000000 ---p 00000000 00:00 0 
7f74e8000000-7f74e8021000 rw-p 00000000 00:00 0 
7f74e8021000-7f74ec000000 ---p 00000000 00:00 0 
7f74ec000000-7f74ec021000 rw-p 00000000 00:00 0 
7f74ec021000-7f74f0000000 ---p 00000000 00:00 0 
7f74f00cc000-7f74f00d0000 ---p 00000000 00:00 0 
7f74f00d0000-7f74f01cd000 rw-p 00000000 00:00 0 
7f74f01cd000-7f74f01d1000 ---p 00000000 00:00 0 
7f74f01d1000-7f74f02ce000 rw-p 00000000 00:00 0 
7f74f02ce000-7f74f02d2000 ---p 00000000 00:00 0 
7f74f02d2000-7f74f03cf000 rw-p 00000000 00:00 0 
7f74f03cf000-7f74f03d0000 ---p 00000000 00:00 0 
7f74f03d0000-7f74f0cd0000 rw-p 00000000 00:00 0 
7f74f0cd0000-7f74f3f8f000 rw-p 00000000 00:00 0 
7f74f3f8f000-7f74f79ef000 ---p 00000000 00:00 0 
7f74f79ef000-7f74f7dd7000 rw-p 00000000 00:00 0 
7f74f7dd7000-7f74fb837000 ---p 00000000 00:00 0 
7f74fb837000-7f74fb8b4000 rw-p 00000000 00:00 0 
7f74fb8b4000-7f74fc000000 ---p 00000000 00:00 0 
7f74fc000000-7f74fc021000 rw-p 00000000 00:00 0 
7f74fc021000-7f7500000000 ---p 00000000 00:00 0 
7f7500000000-7f7500021000 rw-p 00000000 00:00 0 
7f7500021000-7f7504000000 ---p 00000000 00:00 0 
7f7504000000-7f7504021000 rw-p 00000000 00:00 0 
7f7504021000-7f7508000000 ---p 00000000 00:00 0 
7f7508000000-7f7508021000 rw-p 00000000 00:00 0 
7f7508021000-7f750c000000 ---p 00000000 00:00 0 
7f750c000000-7f750c021000 rw-p 00000000 00:00 0 
7f750c021000-7f7510000000 ---p 00000000 00:00 0 
7f7510000000-7f7510021000 rw-p 00000000 00:00 0 
7f7510021000-7f7514000000 ---p 00000000 00:00 0 
7f7514000000-7f7514021000 rw-p 00000000 00:00 0 
7f7514021000-7f7518000000 ---p 00000000 00:00 0 
7f7518000000-7f7518021000 rw-p 00000000 00:00 0 
7f7518021000-7f751c000000 ---p 00000000 00:00 0 
7f751c000000-7f751c021000 rw-p 00000000 00:00 0 
7f751c021000-7f7520000000 ---p 00000000 00:00 0 
7f7520000000-7f7520021000 rw-p 00000000 00:00 0 
7f7520021000-7f7524000000 ---p 00000000 00:00 0 
7f7524000000-7f7524021000 rw-p 00000000 00:00 0 
7f7524021000-7f7528000000 ---p 00000000 00:00 0 
7f7528000000-7f7528021000 rw-p 00000000 00:00 0 
7f7528021000-7f752c000000 ---p 00000000 00:00 0 
7f752c000000-7f752c021000 rw-p 00000000 00:00 0 
7f752c021000-7f7530000000 ---p 00000000 00:00 0 
7f7530000000-7f7530021000 rw-p 00000000 00:00 0 
7f7530021000-7f7534000000 ---p 00000000 00:00 0 
7f7534000000-7f7534021000 rw-p 00000000 00:00 0 
7f7534021000-7f7538000000 ---p 00000000 00:00 0 
7f7538000000-7f7538021000 rw-p 00000000 00:00 0 
7f7538021000-7f753c000000 ---p 00000000 00:00 0 
7f753c000000-7f753c021000 rw-p 00000000 00:00 0 
7f753c021000-7f7540000000 ---p 00000000 00:00 0 
7f754001c000-7f754005c000 rw-s 00000000 00:05 149677                     /drm mm object (deleted)
7f754005c000-7f754007a000 r-xp 00000000 08:07 266888                     /lib/x86_64-linux-gnu/libudev.so.1.6.4
7f754007a000-7f754007b000 r--p 0001d000 08:07 266888                     /lib/x86_64-linux-gnu/libudev.so.1.6.4
7f754007b000-7f754007c000 rw-p 0001e000 08:07 266888                     /lib/x86_64-linux-gnu/libudev.so.1.6.4
7f754007c000-7f75401f3000 rw-p 00000000 00:00 0 
7f75401f3000-7f75401f4000 ---p 00000000 00:00 0 
7f75401f4000-7f75402f4000 rw-p 00000000 00:00 0 
7f75402f4000-7f75402f5000 ---p 00000000 00:00 0 
7f75402f5000-7f75403f5000 rw-p 00000000 00:00 0 
7f75403f5000-7f75403f6000 ---p 00000000 00:00 0 
7f75403f6000-7f7540573000 rw-p 00000000 00:00 0 
7f7540573000-7f7541488000 ---p 00000000 00:00 0 
7f7541488000-7f7541505000 rw-p 00000000 00:00 0 
7f7541505000-7f7541c51000 ---p 00000000 00:00 0 
7f7541c51000-7f7541ec1000 rwxp 00000000 00:00 0 
7f7541ec1000-7f75421e2000 ---p 00000000 00:00 0 
7f75421e2000-7f7542452000 rwxp 00000000 00:00 0 
7f7542452000-7f7549719000 ---p 00000000 00:00 0 
7f7549719000-7f7549989000 rwxp 00000000 00:00 0 
7f7549989000-7f7550c51000 ---p 00000000 00:00 0 
7f7550c51000-7f7558000000 r--s 00000000 08:07 789551                     /usr/lib/jvm/java-9-openjdk-amd64/lib/modules
7f7558000000-7f7558bbc000 rw-p 00000000 00:00 0 
7f7558bbc000-7f755c000000 ---p 00000000 00:00 0 
7f755c01a000-7f755c01e000 ---p 00000000 00:00 0 
7f755c01e000-7f755c14e000 rw-p 00000000 00:00 0 
7f755c14e000-7f755c14f000 ---p 00000000 00:00 0 
7f755c14f000-7f755c24f000 rw-p 00000000 00:00 0 
7f755c24f000-7f755c250000 ---p 00000000 00:00 0 
7f755c250000-7f755c350000 rw-p 00000000 00:00 0 
7f755c350000-7f755c351000 ---p 00000000 00:00 0 
7f755c351000-7f755c451000 rw-p 00000000 00:00 0 
7f755c451000-7f755c452000 ---p 00000000 00:00 0 
7f755c452000-7f755c552000 rw-p 00000000 00:00 0 
7f755c552000-7f755c553000 ---p 00000000 00:00 0 
7f755c553000-7f755c653000 rw-p 00000000 00:00 0 
7f755c653000-7f755c654000 ---p 00000000 00:00 0 
7f755c654000-7f755c754000 rw-p 00000000 00:00 0 
7f755c754000-7f755c755000 ---p 00000000 00:00 0 
7f755c755000-7f755c855000 rw-p 00000000 00:00 0 
7f755c855000-7f755c856000 ---p 00000000 00:00 0 
7f755c856000-7f755c956000 rw-p 00000000 00:00 0 
7f755c956000-7f755c957000 ---p 00000000 00:00 0 
7f755c957000-7f755d25f000 rw-p 00000000 00:00 0 
7f755d25f000-7f755d260000 ---p 00000000 00:00 0 
7f755d260000-7f755d360000 rw-p 00000000 00:00 0 
7f755d360000-7f755d361000 ---p 00000000 00:00 0 
7f755d361000-7f755d461000 rw-p 00000000 00:00 0 
7f755d461000-7f755d462000 ---p 00000000 00:00 0 
7f755d462000-7f755d562000 rw-p 00000000 00:00 0 
7f755d562000-7f755d563000 ---p 00000000 00:00 0 
7f755d563000-7f755d663000 rw-p 00000000 00:00 0 
7f755d663000-7f755d664000 ---p 00000000 00:00 0 
7f755d664000-7f755d764000 rw-p 00000000 00:00 0 
7f755d764000-7f755d765000 ---p 00000000 00:00 0 
7f755d765000-7f755d865000 rw-p 00000000 00:00 0 
7f755d865000-7f755d866000 ---p 00000000 00:00 0 
7f755d866000-7f755d966000 rw-p 00000000 00:00 0 
7f755d966000-7f755d967000 ---p 00000000 00:00 0 
7f755d967000-7f755da6c000 rw-p 00000000 00:00 0 
7f755da6c000-7f755db52000 ---p 00000000 00:00 0 
7f755db52000-7f755db57000 rw-p 00000000 00:00 0 
7f755db57000-7f755dc3d000 ---p 00000000 00:00 0 
7f755dc3d000-7f755dc42000 r-xp 00000000 08:07 789581                     /usr/lib/jvm/java-9-openjdk-amd64/lib/amd64/libjimage.so
7f755dc42000-7f755de41000 ---p 00005000 08:07 789581                     /usr/lib/jvm/java-9-openjdk-amd64/lib/amd64/libjimage.so
7f755de41000-7f755de42000 r--p 00004000 08:07 789581                     /usr/lib/jvm/java-9-openjdk-amd64/lib/amd64/libjimage.so
7f755de42000-7f755de43000 rw-p 00005000 08:07 789581                     /usr/lib/jvm/java-9-openjdk-amd64/lib/amd64/libjimage.so
7f755de43000-7f755de4a000 r-xp 00000000 08:07 789577                     /usr/lib/jvm/java-9-openjdk-amd64/lib/amd64/libzip.so
7f755de4a000-7f755e049000 ---p 00007000 08:07 789577                     /usr/lib/jvm/java-9-openjdk-amd64/lib/amd64/libzip.so
7f755e049000-7f755e04a000 r--p 00006000 08:07 789577                     /usr/lib/jvm/java-9-openjdk-amd64/lib/amd64/libzip.so
7f755e04a000-7f755e04b000 rw-p 00007000 08:07 789577                     /usr/lib/jvm/java-9-openjdk-amd64/lib/amd64/libzip.so
7f755e04b000-7f755e056000 r-xp 00000000 08:07 261727                     /lib/x86_64-linux-gnu/libnss_files-2.23.so
7f755e056000-7f755e255000 ---p 0000b000 08:07 261727                     /lib/x86_64-linux-gnu/libnss_files-2.23.so
7f755e255000-7f755e256000 r--p 0000a000 08:07 261727                     /lib/x86_64-linux-gnu/libnss_files-2.23.so
7f755e256000-7f755e257000 rw-p 0000b000 08:07 261727                     /lib/x86_64-linux-gnu/libnss_files-2.23.so
7f755e257000-7f755e25d000 rw-p 00000000 00:00 0 
7f755e25d000-7f755e268000 r-xp 00000000 08:07 266557                     /lib/x86_64-linux-gnu/libnss_nis-2.23.so
7f755e268000-7f755e467000 ---p 0000b000 08:07 266557                     /lib/x86_64-linux-gnu/libnss_nis-2.23.so
7f755e467000-7f755e468000 r--p 0000a000 08:07 266557                     /lib/x86_64-linux-gnu/libnss_nis-2.23.so
7f755e468000-7f755e469000 rw-p 0000b000 08:07 266557                     /lib/x86_64-linux-gnu/libnss_nis-2.23.so
7f755e469000-7f755e47f000 r-xp 00000000 08:07 261646                     /lib/x86_64-linux-gnu/libnsl-2.23.so
7f755e47f000-7f755e67e000 ---p 00016000 08:07 261646                     /lib/x86_64-linux-gnu/libnsl-2.23.so
7f755e67e000-7f755e67f000 r--p 00015000 08:07 261646                     /lib/x86_64-linux-gnu/libnsl-2.23.so
7f755e67f000-7f755e680000 rw-p 00016000 08:07 261646                     /lib/x86_64-linux-gnu/libnsl-2.23.so
7f755e680000-7f755e682000 rw-p 00000000 00:00 0 
7f755e682000-7f755e68a000 r-xp 00000000 08:07 261722                     /lib/x86_64-linux-gnu/libnss_compat-2.23.so
7f755e68a000-7f755e889000 ---p 00008000 08:07 261722                     /lib/x86_64-linux-gnu/libnss_compat-2.23.so
7f755e889000-7f755e88a000 r--p 00007000 08:07 261722                     /lib/x86_64-linux-gnu/libnss_compat-2.23.so
7f755e88a000-7f755e88b000 rw-p 00008000 08:07 261722                     /lib/x86_64-linux-gnu/libnss_compat-2.23.so
7f755e88b000-7f755e8b6000 r-xp 00000000 08:07 789560                     /usr/lib/jvm/java-9-openjdk-amd64/lib/amd64/libjava.so
7f755e8b6000-7f755eab5000 ---p 0002b000 08:07 789560                     /usr/lib/jvm/java-9-openjdk-amd64/lib/amd64/libjava.so
7f755eab5000-7f755eab6000 r--p 0002a000 08:07 789560                     /usr/lib/jvm/java-9-openjdk-amd64/lib/amd64/libjava.so
7f755eab6000-7f755eab8000 rw-p 0002b000 08:07 789560                     /usr/lib/jvm/java-9-openjdk-amd64/lib/amd64/libjava.so
7f755eab8000-7f755eac5000 r-xp 00000000 08:07 789561                     /usr/lib/jvm/java-9-openjdk-amd64/lib/amd64/libverify.so
7f755eac5000-7f755ecc4000 ---p 0000d000 08:07 789561                     /usr/lib/jvm/java-9-openjdk-amd64/lib/amd64/libverify.so
7f755ecc4000-7f755ecc6000 r--p 0000c000 08:07 789561                     /usr/lib/jvm/java-9-openjdk-amd64/lib/amd64/libverify.so
7f755ecc6000-7f755ecc7000 rw-p 0000e000 08:07 789561                     /usr/lib/jvm/java-9-openjdk-amd64/lib/amd64/libverify.so
7f755ecc7000-7f755ecce000 r-xp 00000000 08:07 266558                     /lib/x86_64-linux-gnu/librt-2.23.so
7f755ecce000-7f755eecd000 ---p 00007000 08:07 266558                     /lib/x86_64-linux-gnu/librt-2.23.so
7f755eecd000-7f755eece000 r--p 00006000 08:07 266558                     /lib/x86_64-linux-gnu/librt-2.23.so
7f755eece000-7f755eecf000 rw-p 00007000 08:07 266558                     /lib/x86_64-linux-gnu/librt-2.23.so
7f755eecf000-7f755eee5000 r-xp 00000000 08:07 266919                     /lib/x86_64-linux-gnu/libgcc_s.so.1
7f755eee5000-7f755f0e4000 ---p 00016000 08:07 266919                     /lib/x86_64-linux-gnu/libgcc_s.so.1
7f755f0e4000-7f755f0e5000 rw-p 00015000 08:07 266919                     /lib/x86_64-linux-gnu/libgcc_s.so.1
7f755f0e5000-7f755f1ed000 r-xp 00000000 08:07 261637                     /lib/x86_64-linux-gnu/libm-2.23.so
7f755f1ed000-7f755f3ec000 ---p 00108000 08:07 261637                     /lib/x86_64-linux-gnu/libm-2.23.so
7f755f3ec000-7f755f3ed000 r--p 00107000 08:07 261637                     /lib/x86_64-linux-gnu/libm-2.23.so
7f755f3ed000-7f755f3ee000 rw-p 00108000 08:07 261637                     /lib/x86_64-linux-gnu/libm-2.23.so
7f755f3ee000-7f755f560000 r-xp 00000000 08:07 785398                     /usr/lib/x86_64-linux-gnu/libstdc++.so.6.0.21
7f755f560000-7f755f760000 ---p 00172000 08:07 785398                     /usr/lib/x86_64-linux-gnu/libstdc++.so.6.0.21
7f755f760000-7f755f76a000 r--p 00172000 08:07 785398                     /usr/lib/x86_64-linux-gnu/libstdc++.so.6.0.21
7f755f76a000-7f755f76c000 rw-p 0017c000 08:07 785398                     /usr/lib/x86_64-linux-gnu/libstdc++.so.6.0.21
7f755f76c000-7f755f770000 rw-p 00000000 00:00 0 
7f755f770000-7f75605ce000 r-xp 00000000 08:07 789574                     /usr/lib/jvm/java-9-openjdk-amd64/lib/amd64/server/libjvm.so
7f75605ce000-7f75607ce000 ---p 00e5e000 08:07 789574                     /usr/lib/jvm/java-9-openjdk-amd64/lib/amd64/server/libjvm.so
7f75607ce000-7f7560880000 r--p 00e5e000 08:07 789574                     /usr/lib/jvm/java-9-openjdk-amd64/lib/amd64/server/libjvm.so
7f7560880000-7f75608b2000 rw-p 00f10000 08:07 789574                     /usr/lib/jvm/java-9-openjdk-amd64/lib/amd64/server/libjvm.so
7f75608b2000-7f75608f7000 rw-p 00000000 00:00 0 
7f75608f7000-7f756090f000 r-xp 00000000 08:07 261656                     /lib/x86_64-linux-gnu/libpthread-2.23.so
7f756090f000-7f7560b0e000 ---p 00018000 08:07 261656                     /lib/x86_64-linux-gnu/libpthread-2.23.so
7f7560b0e000-7f7560b0f000 r--p 00017000 08:07 261656                     /lib/x86_64-linux-gnu/libpthread-2.23.so
7f7560b0f000-7f7560b10000 rw-p 00018000 08:07 261656                     /lib/x86_64-linux-gnu/libpthread-2.23.so
7f7560b10000-7f7560b14000 rw-p 00000000 00:00 0 
7f7560b14000-7f7560b17000 r-xp 00000000 08:07 261716                     /lib/x86_64-linux-gnu/libdl-2.23.so
7f7560b17000-7f7560d16000 ---p 00003000 08:07 261716                     /lib/x86_64-linux-gnu/libdl-2.23.so
7f7560d16000-7f7560d17000 r--p 00002000 08:07 261716                     /lib/x86_64-linux-gnu/libdl-2.23.so
7f7560d17000-7f7560d18000 rw-p 00003000 08:07 261716                     /lib/x86_64-linux-gnu/libdl-2.23.so
7f7560d18000-7f7560d31000 r-xp 00000000 08:07 266604                     /lib/x86_64-linux-gnu/libz.so.1.2.8
7f7560d31000-7f7560f30000 ---p 00019000 08:07 266604                     /lib/x86_64-linux-gnu/libz.so.1.2.8
7f7560f30000-7f7560f31000 r--p 00018000 08:07 266604                     /lib/x86_64-linux-gnu/libz.so.1.2.8
7f7560f31000-7f7560f32000 rw-p 00019000 08:07 266604                     /lib/x86_64-linux-gnu/libz.so.1.2.8
7f7560f32000-7f75610f2000 r-xp 00000000 08:07 261714                     /lib/x86_64-linux-gnu/libc-2.23.so
7f75610f2000-7f75612f2000 ---p 001c0000 08:07 261714                     /lib/x86_64-linux-gnu/libc-2.23.so
7f75612f2000-7f75612f6000 r--p 001c0000 08:07 261714                     /lib/x86_64-linux-gnu/libc-2.23.so
7f75612f6000-7f75612f8000 rw-p 001c4000 08:07 261714                     /lib/x86_64-linux-gnu/libc-2.23.so
7f75612f8000-7f75612fc000 rw-p 00000000 00:00 0 
7f75612fc000-7f756130a000 r-xp 00000000 08:07 789591                     /usr/lib/jvm/java-9-openjdk-amd64/lib/amd64/jli/libjli.so
7f756130a000-7f7561509000 ---p 0000e000 08:07 789591                     /usr/lib/jvm/java-9-openjdk-amd64/lib/amd64/jli/libjli.so
7f7561509000-7f756150a000 r--p 0000d000 08:07 789591                     /usr/lib/jvm/java-9-openjdk-amd64/lib/amd64/jli/libjli.so
7f756150a000-7f756150b000 rw-p 0000e000 08:07 789591                     /usr/lib/jvm/java-9-openjdk-amd64/lib/amd64/jli/libjli.so
7f756150b000-7f7561531000 r-xp 00000000 08:07 261649                     /lib/x86_64-linux-gnu/ld-2.23.so
7f7561537000-7f756153f000 rw-s 00000000 00:05 149669                     /drm mm object (deleted)
7f756153f000-7f7561547000 rw-s 00000000 00:05 148771                     /drm mm object (deleted)
7f7561547000-7f756160e000 rw-p 00000000 00:00 0 
7f756160e000-7f7561615000 ---p 00000000 00:00 0 
7f7561615000-7f7561619000 ---p 00000000 00:00 0 
7f7561619000-7f756171a000 rw-p 00000000 00:00 0 
7f756171a000-7f756171b000 rwxp 00000000 00:00 0 
7f756171b000-7f756171c000 rw-s 00000000 00:05 148768                     /drm mm object (deleted)
7f756171c000-7f756171d000 rw-s 1072ce000 00:06 356                       /dev/dri/card0
7f756171d000-7f7561725000 rw-s 00000000 00:05 148766                     /drm mm object (deleted)
7f7561725000-7f756172d000 rw-s 00000000 08:07 532709                     /tmp/hsperfdata_julien/6674
7f756172d000-7f756172e000 rw-p 00000000 00:00 0 
7f756172e000-7f756172f000 r--p 00000000 00:00 0 
7f756172f000-7f7561730000 rw-p 00000000 00:00 0 
7f7561730000-7f7561731000 r--p 00025000 08:07 261649                     /lib/x86_64-linux-gnu/ld-2.23.so
7f7561731000-7f7561732000 rw-p 00026000 08:07 261649                     /lib/x86_64-linux-gnu/ld-2.23.so
7f7561732000-7f7561733000 rw-p 00000000 00:00 0 
7ffcba152000-7ffcba173000 rw-p 00000000 00:00 0                          [stack]
7ffcba18a000-7ffcba18c000 r--p 00000000 00:00 0                          [vvar]
7ffcba18c000-7ffcba18e000 r-xp 00000000 00:00 0                          [vdso]
ffffffffff600000-ffffffffff601000 r-xp 00000000 00:00 0                  [vsyscall]

VM Arguments:
jvm_args: -Djava.library.path=natives/ 
java_command: Main
java_class_path (initial): bin/:lib/lwjgl_util_applet.jar:lib/ibxm.jar:lib/tinylinepp.jar:lib/jinput.jar:lib/natives-windows.jar:lib/lwjgl.jar:lib/slick-examples.jar:lib/lwjgl_util.jar:lib/natives-linux.jar:lib/jnlp.jar:lib/natives-mac.jar:lib/jorbis-0.0.15.jar:lib/slick.jar:lib/jogg-0.0.7.jar
Launcher Type: SUN_STANDARD

Environment Variables:
PATH=/home/julien/bin:/home/julien/.local/bin:/usr/local/sbin:/usr/local/bin:/usr/sbin:/usr/bin:/sbin:/bin:/usr/games:/usr/local/games:/snap/bin
USERNAME=julien
SHELL=/bin/bash
DISPLAY=:1

Signal Handlers:
SIGSEGV: [libjvm.so+0xc12c20], sa_mask[0]=11111111011111111101111111111110, sa_flags=SA_RESTART|SA_SIGINFO
SIGBUS: [libjvm.so+0xc12c20], sa_mask[0]=11111111011111111101111111111110, sa_flags=SA_RESTART|SA_SIGINFO
SIGFPE: [libjvm.so+0xc12c20], sa_mask[0]=11111111011111111101111111111110, sa_flags=SA_RESTART|SA_SIGINFO
SIGPIPE: [libjvm.so+0xa3b600], sa_mask[0]=11111111011111111101111111111110, sa_flags=SA_RESTART|SA_SIGINFO
SIGXFSZ: [libjvm.so+0xa3b600], sa_mask[0]=11111111011111111101111111111110, sa_flags=SA_RESTART|SA_SIGINFO
SIGILL: [libjvm.so+0xc12c20], sa_mask[0]=11111111011111111101111111111110, sa_flags=SA_RESTART|SA_SIGINFO
SIGUSR2: [libjvm.so+0xa3b4a0], sa_mask[0]=00000000000000000000000000000000, sa_flags=SA_RESTART|SA_SIGINFO
SIGHUP: [libjvm.so+0xa3b870], sa_mask[0]=11111111011111111101111111111110, sa_flags=SA_RESTART|SA_SIGINFO
SIGINT: [libjvm.so+0xa3b870], sa_mask[0]=11111111011111111101111111111110, sa_flags=SA_RESTART|SA_SIGINFO
SIGTERM: [libjvm.so+0xa3b870], sa_mask[0]=11111111011111111101111111111110, sa_flags=SA_RESTART|SA_SIGINFO
SIGQUIT: [libjvm.so+0xa3b870], sa_mask[0]=11111111011111111101111111111110, sa_flags=SA_RESTART|SA_SIGINFO


---------------  S Y S T E M  ---------------

OS:DISTRIB_ID=Ubuntu
DISTRIB_RELEASE=16.04
DISTRIB_CODENAME=xenial
DISTRIB_DESCRIPTION="Ubuntu 16.04.4 LTS"
uname:Linux 4.4.0-31-generic #50-Ubuntu SMP Wed Jul 13 00:07:12 UTC 2016 x86_64
libc:glibc 2.23 NPTL 2.23 
rlimit: STACK 8192k, CORE 0k, NPROC 63417, NOFILE 1048576, AS infinity
load average:6,28 2,37 1,02

/proc/meminfo:
MemTotal:       16318940 kB
MemFree:        10866324 kB
MemAvailable:   12350112 kB
Buffers:           77272 kB
Cached:          1975888 kB
SwapCached:            0 kB
Active:          4218788 kB
Inactive:         981660 kB
Active(anon):    3154904 kB
Inactive(anon):   348312 kB
Active(file):    1063884 kB
Inactive(file):   633348 kB
Unevictable:          16 kB
Mlocked:              16 kB
SwapTotal:             0 kB
SwapFree:              0 kB
Dirty:             12644 kB
Writeback:          4472 kB
AnonPages:       3147648 kB
Mapped:           415260 kB
Shmem:            355932 kB
Slab:             131424 kB
SReclaimable:      88868 kB
SUnreclaim:        42556 kB
KernelStack:       12800 kB
PageTables:        37224 kB
NFS_Unstable:          0 kB
Bounce:                0 kB
WritebackTmp:          0 kB
CommitLimit:     8159468 kB
Committed_AS:    7916176 kB
VmallocTotal:   34359738367 kB
VmallocUsed:           0 kB
VmallocChunk:          0 kB
HardwareCorrupted:     0 kB
AnonHugePages:   1646592 kB
CmaTotal:              0 kB
CmaFree:               0 kB
HugePages_Total:       0
HugePages_Free:        0
HugePages_Rsvd:        0
HugePages_Surp:        0
Hugepagesize:       2048 kB
DirectMap4k:      126328 kB
DirectMap2M:     5003264 kB
DirectMap1G:    11534336 kB


CPU:total 8 (4 cores per cpu, 2 threads per core) family 6 model 60 stepping 3, cmov, cx8, fxsr, mmx, sse, sse2, sse3, ssse3, sse4.1, sse4.2, popcnt, avx, avx2, aes, clmul, erms, lzcnt, ht, tsc, tscinvbit, bmi1, bmi2

CPU Model and flags from /proc/cpuinfo:
model name	: Intel(R) Core(TM) i7-4720HQ CPU @ 2.60GHz
flags		: fpu vme de pse tsc msr pae mce cx8 apic sep mtrr pge mca cmov pat pse36 clflush dts acpi mmx fxsr sse sse2 ss ht tm pbe syscall nx pdpe1gb rdtscp lm constant_tsc arch_perfmon pebs bts rep_good nopl xtopology nonstop_tsc aperfmperf eagerfpu pni pclmulqdq dtes64 monitor ds_cpl vmx est tm2 ssse3 sdbg fma cx16 xtpr pdcm pcid sse4_1 sse4_2 x2apic movbe popcnt tsc_deadline_timer aes xsave avx f16c rdrand lahf_lm abm epb tpr_shadow vnmi flexpriority ept vpid fsgsbase tsc_adjust bmi1 avx2 smep bmi2 erms invpcid xsaveopt dtherm ida arat pln pts

Memory: 4k page, physical 16318940k(10866324k free), swap 0k(0k free)

vm_info: OpenJDK 64-Bit Server VM (9-internal+0-2016-04-14-195246.buildd.src) for linux-amd64 JRE (9-internal+0-2016-04-14-195246.buildd.src), built on Apr 14 2016 20:05:37 by "buildd" with gcc 5.3.1 20160413

END.
