#
# A fatal error has been detected by the Java Runtime Environment:
#
#  SIGSEGV (0xb) at pc=0x00007ff13e7b1009, pid=6584, tid=6585
#
# JRE version: OpenJDK Runtime Environment (9.0) (build 9-internal+0-2016-04-14-195246.buildd.src)
# Java VM: OpenJDK 64-Bit Server VM (9-internal+0-2016-04-14-195246.buildd.src, mixed mode, tiered, compressed oops, g1 gc, linux-amd64)
# Problematic frame:
# C  [libjava.so+0x1d009]  JNU_GetEnv+0x19
#
# Core dump will be written. Default location: Core dumps may be processed with "/usr/share/apport/apport %p %s %c %d %P" (or dumping to /home/julien/TeleGame_Design/tgd-projet_2018/core.6584)
#
# If you would like to submit a bug report, please visit:
#   http://bugreport.java.com/bugreport/crash.jsp
# The crash happened outside the Java Virtual Machine in native code.
# See problematic frame for where to report the bug.
#

---------------  S U M M A R Y ------------

Command Line: -Djava.library.path=natives/ Main

Host: Intel(R) Core(TM) i7-4720HQ CPU @ 2.60GHz, 8 cores, 15G, Ubuntu 16.04.4 LTS
Time: Thu Apr 12 17:01:36 2018 CEST elapsed time: 5 seconds (0d 0h 0m 5s)

---------------  T H R E A D  ---------------

Current thread (0x00007ff138011000):  JavaThread "main" [_thread_in_native, id=6585, stack(0x00007ff14151e000,0x00007ff14161f000)]

Stack: [0x00007ff14151e000,0x00007ff14161f000],  sp=0x00007ff14161bcb0,  free space=1015k
Native frames: (J=compiled Java code, j=interpreted, Vv=VM code, C=native code)
C  [libjava.so+0x1d009]  JNU_GetEnv+0x19
C  [libfontmanager.so+0x33f8e]
C  [libfreetype.so.6+0x14d2b]  FT_Stream_Seek+0x1b

Java frames: (J=compiled Java code, j=interpreted, Vv=VM code)
j  sun.font.FreetypeFontScaler.initNativeScaler(Lsun/font/Font2D;IIZI)J+0 java.desktop@9-internal
j  sun.font.FreetypeFontScaler.<init>(Lsun/font/Font2D;IZI)V+26 java.desktop@9-internal
v  ~StubRoutines::call_stub
j  sun.reflect.NativeConstructorAccessorImpl.newInstance0(Ljava/lang/reflect/Constructor;[Ljava/lang/Object;)Ljava/lang/Object;+0 java.base@9-internal
j  sun.reflect.NativeConstructorAccessorImpl.newInstance([Ljava/lang/Object;)Ljava/lang/Object;+85 java.base@9-internal
j  sun.reflect.DelegatingConstructorAccessorImpl.newInstance([Ljava/lang/Object;)Ljava/lang/Object;+5 java.base@9-internal
j  java.lang.reflect.Constructor.newInstance([Ljava/lang/Object;)Ljava/lang/Object;+65 java.base@9-internal
j  sun.font.FontScaler.getScaler(Lsun/font/Font2D;IZI)Lsun/font/FontScaler;+39 java.desktop@9-internal
j  sun.font.TrueTypeFont.getScaler()Lsun/font/FontScaler;+21 java.desktop@9-internal
j  sun.font.FileFontStrike.<init>(Lsun/font/FileFont;Lsun/font/FontStrikeDesc;)V+204 java.desktop@9-internal
j  sun.font.FileFont.createStrike(Lsun/font/FontStrikeDesc;)Lsun/font/FontStrike;+18 java.desktop@9-internal
j  sun.font.Font2D.getStrike(Lsun/font/FontStrikeDesc;Z)Lsun/font/FontStrike;+92 java.desktop@9-internal
j  sun.font.Font2D.getStrike(Ljava/awt/Font;Ljava/awt/font/FontRenderContext;)Lsun/font/FontStrike;+118 java.desktop@9-internal
j  sun.font.FontDesignMetrics.initMatrixAndMetrics()V+18 java.desktop@9-internal
j  sun.font.FontDesignMetrics.<init>(Ljava/awt/Font;Ljava/awt/font/FontRenderContext;)V+62 java.desktop@9-internal
j  sun.font.FontDesignMetrics.getMetrics(Ljava/awt/Font;Ljava/awt/font/FontRenderContext;)Lsun/font/FontDesignMetrics;+128 java.desktop@9-internal
j  sun.java2d.SunGraphics2D.getFontMetrics()Ljava/awt/FontMetrics;+21 java.desktop@9-internal
j  org.newdawn.slick.TrueTypeFont.getFontImage(C)Ljava/awt/image/BufferedImage;+47
j  org.newdawn.slick.TrueTypeFont.createSet([C)V+141
j  org.newdawn.slick.TrueTypeFont.<init>(Ljava/awt/Font;Z[C)V+72
j  org.newdawn.slick.TrueTypeFont.<init>(Ljava/awt/Font;Z)V+4
j  general.utils.FontUtils.loadCustomFont(Ljava/lang/String;II)Lorg/newdawn/slick/TrueTypeFont;+52
j  general.utils.FontUtils.loadFont(Ljava/lang/String;IIZ)Lorg/newdawn/slick/TrueTypeFont;+14
j  menus.ui.Page.<clinit>()V+24
v  ~StubRoutines::call_stub
j  general.AppGame.initStatesList(Lorg/newdawn/slick/GameContainer;)V+1
j  org.newdawn.slick.state.StateBasedGame.init(Lorg/newdawn/slick/GameContainer;)V+7
j  org.newdawn.slick.AppGameContainer.setup()V+170
j  org.newdawn.slick.AppGameContainer.start()V+1
j  Main.main([Ljava/lang/String;)V+43
v  ~StubRoutines::call_stub

siginfo: si_signo: 11 (SIGSEGV), si_code: 1 (SEGV_MAPERR), si_addr: 0x0000000000000000

Register to memory mapping:

RAX=0x0000000000000000 is an unknown value
RBX=0x0000000000000000 is an unknown value
RCX=0x0000000000000000 is an unknown value
RDX=0x0000000000010002 is an unknown value
RSP=0x00007ff14161bcb0 is pointing into the stack for thread: 0x00007ff138011000
RBP=0x00007ff14161bcc0 is pointing into the stack for thread: 0x00007ff138011000
RSI=0x0000000000010002 is an unknown value
RDI=0x0000000000000000 is an unknown value
R8 =0x0000000000000000 is an unknown value
R9 =0x0000000000000000 is an unknown value
R10=0x00000000000001db is an unknown value
R11=0x00007ff13e7b0ff0: JNU_GetEnv+0x0000000000000000 in /usr/lib/jvm/java-9-openjdk-amd64/lib/amd64/libjava.so at 0x00007ff13e794000
R12=0x00007ff1389d81f0 is an unknown value
R13=0x0000000000000000 is an unknown value
R14=0x0000000000000000 is an unknown value
R15=0x00007ff1389dc110 is an unknown value


Registers:
RAX=0x0000000000000000, RBX=0x0000000000000000, RCX=0x0000000000000000, RDX=0x0000000000010002
RSP=0x00007ff14161bcb0, RBP=0x00007ff14161bcc0, RSI=0x0000000000010002, RDI=0x0000000000000000
R8 =0x0000000000000000, R9 =0x0000000000000000, R10=0x00000000000001db, R11=0x00007ff13e7b0ff0
R12=0x00007ff1389d81f0, R13=0x0000000000000000, R14=0x0000000000000000, R15=0x00007ff1389dc110
RIP=0x00007ff13e7b1009, EFLAGS=0x0000000000010246, CSGSFS=0x0000000000000033, ERR=0x0000000000000004
  TRAPNO=0x000000000000000e

Top of Stack: (sp=0x00007ff14161bcb0)
0x00007ff14161bcb0:   0000000000000000 c14f29225c808300
0x00007ff14161bcc0:   00007ff14161bd00 00007ff0964a3f8e
0x00007ff14161bcd0:   00007ff1389d86c0 00007ff1389d81f0
0x00007ff14161bce0:   0000000000000000 0000000000000000
0x00007ff14161bcf0:   00007ff1389d81f0 00007ff1389dc110
0x00007ff14161bd00:   0000000000000000 00007ff0961dad2b
0x00007ff14161bd10:   0000000000000000 00007ff09646cd80
0x00007ff14161bd20:   0000000000000000 00007ff0961ee8e0
0x00007ff14161bd30:   0000000000000002 0000003200000008
0x00007ff14161bd40:   0000000000000000 0000000000000000
0x00007ff14161bd50:   0000006e0000005b 0000000000000000
0x00007ff14161bd60:   0000000000000000 0000007c00000077
0x00007ff14161bd70:   0000000000000000 0000000000000000
0x00007ff14161bd80:   000000004e8b41d0 468b41e04e8b45e8
0x00007ff14161bd90:   0000000000000000 00007ff138000020
0x00007ff14161bda0:   0000000000000070 00007ff14161be54
0x00007ff14161bdb0:   00007ff1389d86c0 00007ff1389dc110
0x00007ff14161bdc0:   00007ff14161be54 00007ff140ebf184
0x00007ff14161bdd0:   00007ff14161bf20 00007ff14161be04
0x00007ff14161bde0:   00007ff0964699e0 c14f29225c808300
0x00007ff14161bdf0:   0000000000000070 00007ff1389d8500
0x00007ff14161be00:   00007ff0964699e0 00007ff14161bf18
0x00007ff14161be10:   00007ff1389d86c0 00007ff1389dc110
0x00007ff14161be20:   00007ff1389d8e80 00007ff0961dd4c2
0x00007ff14161be30:   0000000100000000 00007ff14161bf20
0x00007ff14161be40:   0000000000000000 0000000000000000
0x00007ff14161be50:   000000004161bf18 c14f29225c808300
0x00007ff14161be60:   00007ff1389d8500 00007ff14161bf20
0x00007ff14161be70:   0000000000000000 00007ff1389d85e8
0x00007ff14161be80:   00007ff14161c120 00007ff1389d8548
0x00007ff14161be90:   00007ff1389d86c0 00007ff0961df581
0x00007ff14161bea0:   00007ff14161bf20 00007ff0961df376 

Instructions: (pc=0x00007ff13e7b1009)
0x00007ff13e7b0fe9:   ff eb ea 0f 1f 40 00 55 89 f2 48 89 e5 48 83 ec
0x00007ff13e7b0ff9:   10 64 48 8b 04 25 28 00 00 00 48 89 45 f8 31 c0
0x00007ff13e7b1009:   48 8b 07 48 8d 75 f0 ff 50 30 48 8b 4d f8 64 48
0x00007ff13e7b1019:   33 0c 25 28 00 00 00 48 8b 45 f0 75 02 c9 c3 e8 


---------------  P R O C E S S  ---------------

Java Threads: ( => current thread )
  0x00007ff06c001000 JavaThread "SeedGenerator Thread" daemon [_thread_blocked, id=6646, stack(0x00007ff078bd0000,0x00007ff078cd1000)]
  0x00007ff1388a2800 JavaThread "SeedGenerator Thread" daemon [_thread_in_Java, id=6625, stack(0x00007ff078cd1000,0x00007ff078dd2000)]
  0x00007ff1384cb000 JavaThread "Thread-1" daemon [_thread_blocked, id=6624, stack(0x00007ff07b6d0000,0x00007ff07b7d1000)]
  0x00007ff13846c800 JavaThread "process reaper" daemon [_thread_blocked, id=6622, stack(0x00007ff13c01d000,0x00007ff13c057000)]
  0x00007ff13844d800 JavaThread "AWT-XAWT" daemon [_thread_in_native, id=6620, stack(0x00007ff09598f000,0x00007ff095a90000)]
  0x00007ff13842b800 JavaThread "Java2D Disposer" daemon [_thread_blocked, id=6619, stack(0x00007ff095ea0000,0x00007ff095fa1000)]
  0x00007ff1382f0800 JavaThread "Service Thread" daemon [_thread_blocked, id=6617, stack(0x00007ff097eff000,0x00007ff098000000)]
  0x00007ff138252800 JavaThread "Common-Cleaner" daemon [_thread_blocked, id=6616, stack(0x00007ff0b80f4000,0x00007ff0b81f5000)]
  0x00007ff13823b000 JavaThread "Sweeper thread" daemon [_thread_blocked, id=6615, stack(0x00007ff0bb620000,0x00007ff0bb721000)]
  0x00007ff138239000 JavaThread "C1 CompilerThread3" daemon [_thread_blocked, id=6614, stack(0x00007ff0bb721000,0x00007ff0bb822000)]
  0x00007ff138237000 JavaThread "C2 CompilerThread2" daemon [_thread_blocked, id=6613, stack(0x00007ff0bb822000,0x00007ff0bb923000)]
  0x00007ff138235000 JavaThread "C2 CompilerThread1" daemon [_thread_blocked, id=6612, stack(0x00007ff0bb923000,0x00007ff0bba24000)]
  0x00007ff138233000 JavaThread "C2 CompilerThread0" daemon [_thread_in_native, id=6611, stack(0x00007ff0bba24000,0x00007ff0bbb25000)]
  0x00007ff13822f000 JavaThread "Signal Dispatcher" daemon [_thread_blocked, id=6610, stack(0x00007ff0bbb25000,0x00007ff0bbc26000)]
  0x00007ff13822d000 JavaThread "Surrogate Locker Thread (Concurrent GC)" daemon [_thread_blocked, id=6609, stack(0x00007ff0bbc26000,0x00007ff0bbd27000)]
  0x00007ff13821a000 JavaThread "Finalizer" daemon [_thread_blocked, id=6608, stack(0x00007ff0d00cc000,0x00007ff0d01cd000)]
  0x00007ff13820e000 JavaThread "Reference Handler" daemon [_thread_blocked, id=6607, stack(0x00007ff0d01cd000,0x00007ff0d02ce000)]
=>0x00007ff138011000 JavaThread "main" [_thread_in_native, id=6585, stack(0x00007ff14151e000,0x00007ff14161f000)]

Other Threads:
  0x00007ff138204000 VMThread [stack: 0x00007ff0d02ce000,0x00007ff0d03cf000] [id=6606]
  0x00007ff1382f3000 WatcherThread [stack: 0x00007ff097dfe000,0x00007ff097eff000] [id=6618]

Threads with active compile tasks:
C2 CompilerThread0 764       4       java.util.HashMap::putVal (300 bytes)

VM state:not at safepoint (normal execution)

VM Mutex/Monitor currently owned by a thread: None

heap address: 0x00000006c6e00000, size: 3986 MB, Compressed Oops mode: Zero based, Oop shift amount: 3
Narrow klass base: 0x0000000000000000, Narrow klass shift: 3
Compressed class space size: 1073741824 Address: 0x00000007c0000000

Heap:
 garbage-first heap   total 256000K, used 13312K [0x00000006c6e00000, 0x00000006c6f007d0, 0x00000007c0000000)
  region size 1024K, 12 young (12288K), 0 survivors (0K)
 Metaspace       used 11507K, capacity 11787K, committed 12032K, reserved 1060864K
  class space    used 1142K, capacity 1232K, committed 1280K, reserved 1048576K

Heap Regions: E=young(eden), S=young(survivor), O=old, HS=humongous(starts), HC=humongous(continues), CS=collection set, F=free, A=archive, TS=gc time stamp, AC=allocation context, TAMS=top-at-mark-start (previous, next)
|   0|0x00000006c6e00000, 0x00000006c6f00000, 0x00000006c6f00000|100%|HS|  |TS  0|AC  0|TAMS 0x00000006c6e00000, 0x00000006c6e00000|
|   1|0x00000006c6f00000, 0x00000006c7000000, 0x00000006c7000000|100%|HC|  |TS  0|AC  0|TAMS 0x00000006c6f00000, 0x00000006c6f00000|
|   2|0x00000006c7000000, 0x00000006c7000000, 0x00000006c7100000|  0%| F|  |TS  0|AC  0|TAMS 0x00000006c7000000, 0x00000006c7000000|
|   3|0x00000006c7100000, 0x00000006c7100000, 0x00000006c7200000|  0%| F|  |TS  0|AC  0|TAMS 0x00000006c7100000, 0x00000006c7100000|
|   4|0x00000006c7200000, 0x00000006c7200000, 0x00000006c7300000|  0%| F|  |TS  0|AC  0|TAMS 0x00000006c7200000, 0x00000006c7200000|
|   5|0x00000006c7300000, 0x00000006c7300000, 0x00000006c7400000|  0%| F|  |TS  0|AC  0|TAMS 0x00000006c7300000, 0x00000006c7300000|
|   6|0x00000006c7400000, 0x00000006c7400000, 0x00000006c7500000|  0%| F|  |TS  0|AC  0|TAMS 0x00000006c7400000, 0x00000006c7400000|
|   7|0x00000006c7500000, 0x00000006c7500000, 0x00000006c7600000|  0%| F|  |TS  0|AC  0|TAMS 0x00000006c7500000, 0x00000006c7500000|
|   8|0x00000006c7600000, 0x00000006c7600000, 0x00000006c7700000|  0%| F|  |TS  0|AC  0|TAMS 0x00000006c7600000, 0x00000006c7600000|
|   9|0x00000006c7700000, 0x00000006c7700000, 0x00000006c7800000|  0%| F|  |TS  0|AC  0|TAMS 0x00000006c7700000, 0x00000006c7700000|
|  10|0x00000006c7800000, 0x00000006c7800000, 0x00000006c7900000|  0%| F|  |TS  0|AC  0|TAMS 0x00000006c7800000, 0x00000006c7800000|
|  11|0x00000006c7900000, 0x00000006c7900000, 0x00000006c7a00000|  0%| F|  |TS  0|AC  0|TAMS 0x00000006c7900000, 0x00000006c7900000|
|  12|0x00000006c7a00000, 0x00000006c7a00000, 0x00000006c7b00000|  0%| F|  |TS  0|AC  0|TAMS 0x00000006c7a00000, 0x00000006c7a00000|
|  13|0x00000006c7b00000, 0x00000006c7b00000, 0x00000006c7c00000|  0%| F|  |TS  0|AC  0|TAMS 0x00000006c7b00000, 0x00000006c7b00000|
|  14|0x00000006c7c00000, 0x00000006c7c00000, 0x00000006c7d00000|  0%| F|  |TS  0|AC  0|TAMS 0x00000006c7c00000, 0x00000006c7c00000|
|  15|0x00000006c7d00000, 0x00000006c7d00000, 0x00000006c7e00000|  0%| F|  |TS  0|AC  0|TAMS 0x00000006c7d00000, 0x00000006c7d00000|
|  16|0x00000006c7e00000, 0x00000006c7e00000, 0x00000006c7f00000|  0%| F|  |TS  0|AC  0|TAMS 0x00000006c7e00000, 0x00000006c7e00000|
|  17|0x00000006c7f00000, 0x00000006c7f00000, 0x00000006c8000000|  0%| F|  |TS  0|AC  0|TAMS 0x00000006c7f00000, 0x00000006c7f00000|
|  18|0x00000006c8000000, 0x00000006c8000000, 0x00000006c8100000|  0%| F|  |TS  0|AC  0|TAMS 0x00000006c8000000, 0x00000006c8000000|
|  19|0x00000006c8100000, 0x00000006c8100000, 0x00000006c8200000|  0%| F|  |TS  0|AC  0|TAMS 0x00000006c8100000, 0x00000006c8100000|
|  20|0x00000006c8200000, 0x00000006c8200000, 0x00000006c8300000|  0%| F|  |TS  0|AC  0|TAMS 0x00000006c8200000, 0x00000006c8200000|
|  21|0x00000006c8300000, 0x00000006c8300000, 0x00000006c8400000|  0%| F|  |TS  0|AC  0|TAMS 0x00000006c8300000, 0x00000006c8300000|
|  22|0x00000006c8400000, 0x00000006c8400000, 0x00000006c8500000|  0%| F|  |TS  0|AC  0|TAMS 0x00000006c8400000, 0x00000006c8400000|
|  23|0x00000006c8500000, 0x00000006c8500000, 0x00000006c8600000|  0%| F|  |TS  0|AC  0|TAMS 0x00000006c8500000, 0x00000006c8500000|
|  24|0x00000006c8600000, 0x00000006c8600000, 0x00000006c8700000|  0%| F|  |TS  0|AC  0|TAMS 0x00000006c8600000, 0x00000006c8600000|
|  25|0x00000006c8700000, 0x00000006c8700000, 0x00000006c8800000|  0%| F|  |TS  0|AC  0|TAMS 0x00000006c8700000, 0x00000006c8700000|
|  26|0x00000006c8800000, 0x00000006c8800000, 0x00000006c8900000|  0%| F|  |TS  0|AC  0|TAMS 0x00000006c8800000, 0x00000006c8800000|
|  27|0x00000006c8900000, 0x00000006c8900000, 0x00000006c8a00000|  0%| F|  |TS  0|AC  0|TAMS 0x00000006c8900000, 0x00000006c8900000|
|  28|0x00000006c8a00000, 0x00000006c8a00000, 0x00000006c8b00000|  0%| F|  |TS  0|AC  0|TAMS 0x00000006c8a00000, 0x00000006c8a00000|
|  29|0x00000006c8b00000, 0x00000006c8b00000, 0x00000006c8c00000|  0%| F|  |TS  0|AC  0|TAMS 0x00000006c8b00000, 0x00000006c8b00000|
|  30|0x00000006c8c00000, 0x00000006c8c00000, 0x00000006c8d00000|  0%| F|  |TS  0|AC  0|TAMS 0x00000006c8c00000, 0x00000006c8c00000|
|  31|0x00000006c8d00000, 0x00000006c8d00000, 0x00000006c8e00000|  0%| F|  |TS  0|AC  0|TAMS 0x00000006c8d00000, 0x00000006c8d00000|
|  32|0x00000006c8e00000, 0x00000006c8e00000, 0x00000006c8f00000|  0%| F|  |TS  0|AC  0|TAMS 0x00000006c8e00000, 0x00000006c8e00000|
|  33|0x00000006c8f00000, 0x00000006c8f00000, 0x00000006c9000000|  0%| F|  |TS  0|AC  0|TAMS 0x00000006c8f00000, 0x00000006c8f00000|
|  34|0x00000006c9000000, 0x00000006c9000000, 0x00000006c9100000|  0%| F|  |TS  0|AC  0|TAMS 0x00000006c9000000, 0x00000006c9000000|
|  35|0x00000006c9100000, 0x00000006c9100000, 0x00000006c9200000|  0%| F|  |TS  0|AC  0|TAMS 0x00000006c9100000, 0x00000006c9100000|
|  36|0x00000006c9200000, 0x00000006c9200000, 0x00000006c9300000|  0%| F|  |TS  0|AC  0|TAMS 0x00000006c9200000, 0x00000006c9200000|
|  37|0x00000006c9300000, 0x00000006c9300000, 0x00000006c9400000|  0%| F|  |TS  0|AC  0|TAMS 0x00000006c9300000, 0x00000006c9300000|
|  38|0x00000006c9400000, 0x00000006c9400000, 0x00000006c9500000|  0%| F|  |TS  0|AC  0|TAMS 0x00000006c9400000, 0x00000006c9400000|
|  39|0x00000006c9500000, 0x00000006c9500000, 0x00000006c9600000|  0%| F|  |TS  0|AC  0|TAMS 0x00000006c9500000, 0x00000006c9500000|
|  40|0x00000006c9600000, 0x00000006c9600000, 0x00000006c9700000|  0%| F|  |TS  0|AC  0|TAMS 0x00000006c9600000, 0x00000006c9600000|
|  41|0x00000006c9700000, 0x00000006c9700000, 0x00000006c9800000|  0%| F|  |TS  0|AC  0|TAMS 0x00000006c9700000, 0x00000006c9700000|
|  42|0x00000006c9800000, 0x00000006c9800000, 0x00000006c9900000|  0%| F|  |TS  0|AC  0|TAMS 0x00000006c9800000, 0x00000006c9800000|
|  43|0x00000006c9900000, 0x00000006c9900000, 0x00000006c9a00000|  0%| F|  |TS  0|AC  0|TAMS 0x00000006c9900000, 0x00000006c9900000|
|  44|0x00000006c9a00000, 0x00000006c9a00000, 0x00000006c9b00000|  0%| F|  |TS  0|AC  0|TAMS 0x00000006c9a00000, 0x00000006c9a00000|
|  45|0x00000006c9b00000, 0x00000006c9b00000, 0x00000006c9c00000|  0%| F|  |TS  0|AC  0|TAMS 0x00000006c9b00000, 0x00000006c9b00000|
|  46|0x00000006c9c00000, 0x00000006c9c00000, 0x00000006c9d00000|  0%| F|  |TS  0|AC  0|TAMS 0x00000006c9c00000, 0x00000006c9c00000|
|  47|0x00000006c9d00000, 0x00000006c9d00000, 0x00000006c9e00000|  0%| F|  |TS  0|AC  0|TAMS 0x00000006c9d00000, 0x00000006c9d00000|
|  48|0x00000006c9e00000, 0x00000006c9e00000, 0x00000006c9f00000|  0%| F|  |TS  0|AC  0|TAMS 0x00000006c9e00000, 0x00000006c9e00000|
|  49|0x00000006c9f00000, 0x00000006c9f00000, 0x00000006ca000000|  0%| F|  |TS  0|AC  0|TAMS 0x00000006c9f00000, 0x00000006c9f00000|
|  50|0x00000006ca000000, 0x00000006ca000000, 0x00000006ca100000|  0%| F|  |TS  0|AC  0|TAMS 0x00000006ca000000, 0x00000006ca000000|
|  51|0x00000006ca100000, 0x00000006ca100000, 0x00000006ca200000|  0%| F|  |TS  0|AC  0|TAMS 0x00000006ca100000, 0x00000006ca100000|
|  52|0x00000006ca200000, 0x00000006ca200000, 0x00000006ca300000|  0%| F|  |TS  0|AC  0|TAMS 0x00000006ca200000, 0x00000006ca200000|
|  53|0x00000006ca300000, 0x00000006ca300000, 0x00000006ca400000|  0%| F|  |TS  0|AC  0|TAMS 0x00000006ca300000, 0x00000006ca300000|
|  54|0x00000006ca400000, 0x00000006ca400000, 0x00000006ca500000|  0%| F|  |TS  0|AC  0|TAMS 0x00000006ca400000, 0x00000006ca400000|
|  55|0x00000006ca500000, 0x00000006ca500000, 0x00000006ca600000|  0%| F|  |TS  0|AC  0|TAMS 0x00000006ca500000, 0x00000006ca500000|
|  56|0x00000006ca600000, 0x00000006ca600000, 0x00000006ca700000|  0%| F|  |TS  0|AC  0|TAMS 0x00000006ca600000, 0x00000006ca600000|
|  57|0x00000006ca700000, 0x00000006ca700000, 0x00000006ca800000|  0%| F|  |TS  0|AC  0|TAMS 0x00000006ca700000, 0x00000006ca700000|
|  58|0x00000006ca800000, 0x00000006ca800000, 0x00000006ca900000|  0%| F|  |TS  0|AC  0|TAMS 0x00000006ca800000, 0x00000006ca800000|
|  59|0x00000006ca900000, 0x00000006ca900000, 0x00000006caa00000|  0%| F|  |TS  0|AC  0|TAMS 0x00000006ca900000, 0x00000006ca900000|
|  60|0x00000006caa00000, 0x00000006caa00000, 0x00000006cab00000|  0%| F|  |TS  0|AC  0|TAMS 0x00000006caa00000, 0x00000006caa00000|
|  61|0x00000006cab00000, 0x00000006cab00000, 0x00000006cac00000|  0%| F|  |TS  0|AC  0|TAMS 0x00000006cab00000, 0x00000006cab00000|
|  62|0x00000006cac00000, 0x00000006cac00000, 0x00000006cad00000|  0%| F|  |TS  0|AC  0|TAMS 0x00000006cac00000, 0x00000006cac00000|
|  63|0x00000006cad00000, 0x00000006cad00000, 0x00000006cae00000|  0%| F|  |TS  0|AC  0|TAMS 0x00000006cad00000, 0x00000006cad00000|
|  64|0x00000006cae00000, 0x00000006cae00000, 0x00000006caf00000|  0%| F|  |TS  0|AC  0|TAMS 0x00000006cae00000, 0x00000006cae00000|
|  65|0x00000006caf00000, 0x00000006caf00000, 0x00000006cb000000|  0%| F|  |TS  0|AC  0|TAMS 0x00000006caf00000, 0x00000006caf00000|
|  66|0x00000006cb000000, 0x00000006cb000000, 0x00000006cb100000|  0%| F|  |TS  0|AC  0|TAMS 0x00000006cb000000, 0x00000006cb000000|
|  67|0x00000006cb100000, 0x00000006cb100000, 0x00000006cb200000|  0%| F|  |TS  0|AC  0|TAMS 0x00000006cb100000, 0x00000006cb100000|
|  68|0x00000006cb200000, 0x00000006cb200000, 0x00000006cb300000|  0%| F|  |TS  0|AC  0|TAMS 0x00000006cb200000, 0x00000006cb200000|
|  69|0x00000006cb300000, 0x00000006cb300000, 0x00000006cb400000|  0%| F|  |TS  0|AC  0|TAMS 0x00000006cb300000, 0x00000006cb300000|
|  70|0x00000006cb400000, 0x00000006cb400000, 0x00000006cb500000|  0%| F|  |TS  0|AC  0|TAMS 0x00000006cb400000, 0x00000006cb400000|
|  71|0x00000006cb500000, 0x00000006cb500000, 0x00000006cb600000|  0%| F|  |TS  0|AC  0|TAMS 0x00000006cb500000, 0x00000006cb500000|
|  72|0x00000006cb600000, 0x00000006cb600000, 0x00000006cb700000|  0%| F|  |TS  0|AC  0|TAMS 0x00000006cb600000, 0x00000006cb600000|
|  73|0x00000006cb700000, 0x00000006cb700000, 0x00000006cb800000|  0%| F|  |TS  0|AC  0|TAMS 0x00000006cb700000, 0x00000006cb700000|
|  74|0x00000006cb800000, 0x00000006cb800000, 0x00000006cb900000|  0%| F|  |TS  0|AC  0|TAMS 0x00000006cb800000, 0x00000006cb800000|
|  75|0x00000006cb900000, 0x00000006cb900000, 0x00000006cba00000|  0%| F|  |TS  0|AC  0|TAMS 0x00000006cb900000, 0x00000006cb900000|
|  76|0x00000006cba00000, 0x00000006cba00000, 0x00000006cbb00000|  0%| F|  |TS  0|AC  0|TAMS 0x00000006cba00000, 0x00000006cba00000|
|  77|0x00000006cbb00000, 0x00000006cbb00000, 0x00000006cbc00000|  0%| F|  |TS  0|AC  0|TAMS 0x00000006cbb00000, 0x00000006cbb00000|
|  78|0x00000006cbc00000, 0x00000006cbc00000, 0x00000006cbd00000|  0%| F|  |TS  0|AC  0|TAMS 0x00000006cbc00000, 0x00000006cbc00000|
|  79|0x00000006cbd00000, 0x00000006cbd00000, 0x00000006cbe00000|  0%| F|  |TS  0|AC  0|TAMS 0x00000006cbd00000, 0x00000006cbd00000|
|  80|0x00000006cbe00000, 0x00000006cbe00000, 0x00000006cbf00000|  0%| F|  |TS  0|AC  0|TAMS 0x00000006cbe00000, 0x00000006cbe00000|
|  81|0x00000006cbf00000, 0x00000006cbf00000, 0x00000006cc000000|  0%| F|  |TS  0|AC  0|TAMS 0x00000006cbf00000, 0x00000006cbf00000|
|  82|0x00000006cc000000, 0x00000006cc000000, 0x00000006cc100000|  0%| F|  |TS  0|AC  0|TAMS 0x00000006cc000000, 0x00000006cc000000|
|  83|0x00000006cc100000, 0x00000006cc100000, 0x00000006cc200000|  0%| F|  |TS  0|AC  0|TAMS 0x00000006cc100000, 0x00000006cc100000|
|  84|0x00000006cc200000, 0x00000006cc200000, 0x00000006cc300000|  0%| F|  |TS  0|AC  0|TAMS 0x00000006cc200000, 0x00000006cc200000|
|  85|0x00000006cc300000, 0x00000006cc300000, 0x00000006cc400000|  0%| F|  |TS  0|AC  0|TAMS 0x00000006cc300000, 0x00000006cc300000|
|  86|0x00000006cc400000, 0x00000006cc400000, 0x00000006cc500000|  0%| F|  |TS  0|AC  0|TAMS 0x00000006cc400000, 0x00000006cc400000|
|  87|0x00000006cc500000, 0x00000006cc500000, 0x00000006cc600000|  0%| F|  |TS  0|AC  0|TAMS 0x00000006cc500000, 0x00000006cc500000|
|  88|0x00000006cc600000, 0x00000006cc600000, 0x00000006cc700000|  0%| F|  |TS  0|AC  0|TAMS 0x00000006cc600000, 0x00000006cc600000|
|  89|0x00000006cc700000, 0x00000006cc700000, 0x00000006cc800000|  0%| F|  |TS  0|AC  0|TAMS 0x00000006cc700000, 0x00000006cc700000|
|  90|0x00000006cc800000, 0x00000006cc800000, 0x00000006cc900000|  0%| F|  |TS  0|AC  0|TAMS 0x00000006cc800000, 0x00000006cc800000|
|  91|0x00000006cc900000, 0x00000006cc900000, 0x00000006cca00000|  0%| F|  |TS  0|AC  0|TAMS 0x00000006cc900000, 0x00000006cc900000|
|  92|0x00000006cca00000, 0x00000006cca00000, 0x00000006ccb00000|  0%| F|  |TS  0|AC  0|TAMS 0x00000006cca00000, 0x00000006cca00000|
|  93|0x00000006ccb00000, 0x00000006ccb00000, 0x00000006ccc00000|  0%| F|  |TS  0|AC  0|TAMS 0x00000006ccb00000, 0x00000006ccb00000|
|  94|0x00000006ccc00000, 0x00000006ccc00000, 0x00000006ccd00000|  0%| F|  |TS  0|AC  0|TAMS 0x00000006ccc00000, 0x00000006ccc00000|
|  95|0x00000006ccd00000, 0x00000006ccd00000, 0x00000006cce00000|  0%| F|  |TS  0|AC  0|TAMS 0x00000006ccd00000, 0x00000006ccd00000|
|  96|0x00000006cce00000, 0x00000006cce00000, 0x00000006ccf00000|  0%| F|  |TS  0|AC  0|TAMS 0x00000006cce00000, 0x00000006cce00000|
|  97|0x00000006ccf00000, 0x00000006ccf00000, 0x00000006cd000000|  0%| F|  |TS  0|AC  0|TAMS 0x00000006ccf00000, 0x00000006ccf00000|
|  98|0x00000006cd000000, 0x00000006cd000000, 0x00000006cd100000|  0%| F|  |TS  0|AC  0|TAMS 0x00000006cd000000, 0x00000006cd000000|
|  99|0x00000006cd100000, 0x00000006cd100000, 0x00000006cd200000|  0%| F|  |TS  0|AC  0|TAMS 0x00000006cd100000, 0x00000006cd100000|
| 100|0x00000006cd200000, 0x00000006cd200000, 0x00000006cd300000|  0%| F|  |TS  0|AC  0|TAMS 0x00000006cd200000, 0x00000006cd200000|
| 101|0x00000006cd300000, 0x00000006cd300000, 0x00000006cd400000|  0%| F|  |TS  0|AC  0|TAMS 0x00000006cd300000, 0x00000006cd300000|
| 102|0x00000006cd400000, 0x00000006cd400000, 0x00000006cd500000|  0%| F|  |TS  0|AC  0|TAMS 0x00000006cd400000, 0x00000006cd400000|
| 103|0x00000006cd500000, 0x00000006cd500000, 0x00000006cd600000|  0%| F|  |TS  0|AC  0|TAMS 0x00000006cd500000, 0x00000006cd500000|
| 104|0x00000006cd600000, 0x00000006cd600000, 0x00000006cd700000|  0%| F|  |TS  0|AC  0|TAMS 0x00000006cd600000, 0x00000006cd600000|
| 105|0x00000006cd700000, 0x00000006cd700000, 0x00000006cd800000|  0%| F|  |TS  0|AC  0|TAMS 0x00000006cd700000, 0x00000006cd700000|
| 106|0x00000006cd800000, 0x00000006cd800000, 0x00000006cd900000|  0%| F|  |TS  0|AC  0|TAMS 0x00000006cd800000, 0x00000006cd800000|
| 107|0x00000006cd900000, 0x00000006cd900000, 0x00000006cda00000|  0%| F|  |TS  0|AC  0|TAMS 0x00000006cd900000, 0x00000006cd900000|
| 108|0x00000006cda00000, 0x00000006cda00000, 0x00000006cdb00000|  0%| F|  |TS  0|AC  0|TAMS 0x00000006cda00000, 0x00000006cda00000|
| 109|0x00000006cdb00000, 0x00000006cdb00000, 0x00000006cdc00000|  0%| F|  |TS  0|AC  0|TAMS 0x00000006cdb00000, 0x00000006cdb00000|
| 110|0x00000006cdc00000, 0x00000006cdc00000, 0x00000006cdd00000|  0%| F|  |TS  0|AC  0|TAMS 0x00000006cdc00000, 0x00000006cdc00000|
| 111|0x00000006cdd00000, 0x00000006cdd00000, 0x00000006cde00000|  0%| F|  |TS  0|AC  0|TAMS 0x00000006cdd00000, 0x00000006cdd00000|
| 112|0x00000006cde00000, 0x00000006cde00000, 0x00000006cdf00000|  0%| F|  |TS  0|AC  0|TAMS 0x00000006cde00000, 0x00000006cde00000|
| 113|0x00000006cdf00000, 0x00000006cdf00000, 0x00000006ce000000|  0%| F|  |TS  0|AC  0|TAMS 0x00000006cdf00000, 0x00000006cdf00000|
| 114|0x00000006ce000000, 0x00000006ce000000, 0x00000006ce100000|  0%| F|  |TS  0|AC  0|TAMS 0x00000006ce000000, 0x00000006ce000000|
| 115|0x00000006ce100000, 0x00000006ce100000, 0x00000006ce200000|  0%| F|  |TS  0|AC  0|TAMS 0x00000006ce100000, 0x00000006ce100000|
| 116|0x00000006ce200000, 0x00000006ce200000, 0x00000006ce300000|  0%| F|  |TS  0|AC  0|TAMS 0x00000006ce200000, 0x00000006ce200000|
| 117|0x00000006ce300000, 0x00000006ce300000, 0x00000006ce400000|  0%| F|  |TS  0|AC  0|TAMS 0x00000006ce300000, 0x00000006ce300000|
| 118|0x00000006ce400000, 0x00000006ce400000, 0x00000006ce500000|  0%| F|  |TS  0|AC  0|TAMS 0x00000006ce400000, 0x00000006ce400000|
| 119|0x00000006ce500000, 0x00000006ce500000, 0x00000006ce600000|  0%| F|  |TS  0|AC  0|TAMS 0x00000006ce500000, 0x00000006ce500000|
| 120|0x00000006ce600000, 0x00000006ce600000, 0x00000006ce700000|  0%| F|  |TS  0|AC  0|TAMS 0x00000006ce600000, 0x00000006ce600000|
| 121|0x00000006ce700000, 0x00000006ce700000, 0x00000006ce800000|  0%| F|  |TS  0|AC  0|TAMS 0x00000006ce700000, 0x00000006ce700000|
| 122|0x00000006ce800000, 0x00000006ce800000, 0x00000006ce900000|  0%| F|  |TS  0|AC  0|TAMS 0x00000006ce800000, 0x00000006ce800000|
| 123|0x00000006ce900000, 0x00000006ce900000, 0x00000006cea00000|  0%| F|  |TS  0|AC  0|TAMS 0x00000006ce900000, 0x00000006ce900000|
| 124|0x00000006cea00000, 0x00000006cea00000, 0x00000006ceb00000|  0%| F|  |TS  0|AC  0|TAMS 0x00000006cea00000, 0x00000006cea00000|
| 125|0x00000006ceb00000, 0x00000006ceb00000, 0x00000006cec00000|  0%| F|  |TS  0|AC  0|TAMS 0x00000006ceb00000, 0x00000006ceb00000|
| 126|0x00000006cec00000, 0x00000006cec00000, 0x00000006ced00000|  0%| F|  |TS  0|AC  0|TAMS 0x00000006cec00000, 0x00000006cec00000|
| 127|0x00000006ced00000, 0x00000006ced00000, 0x00000006cee00000|  0%| F|  |TS  0|AC  0|TAMS 0x00000006ced00000, 0x00000006ced00000|
| 128|0x00000006cee00000, 0x00000006cee00000, 0x00000006cef00000|  0%| F|  |TS  0|AC  0|TAMS 0x00000006cee00000, 0x00000006cee00000|
| 129|0x00000006cef00000, 0x00000006cef00000, 0x00000006cf000000|  0%| F|  |TS  0|AC  0|TAMS 0x00000006cef00000, 0x00000006cef00000|
| 130|0x00000006cf000000, 0x00000006cf000000, 0x00000006cf100000|  0%| F|  |TS  0|AC  0|TAMS 0x00000006cf000000, 0x00000006cf000000|
| 131|0x00000006cf100000, 0x00000006cf100000, 0x00000006cf200000|  0%| F|  |TS  0|AC  0|TAMS 0x00000006cf100000, 0x00000006cf100000|
| 132|0x00000006cf200000, 0x00000006cf200000, 0x00000006cf300000|  0%| F|  |TS  0|AC  0|TAMS 0x00000006cf200000, 0x00000006cf200000|
| 133|0x00000006cf300000, 0x00000006cf300000, 0x00000006cf400000|  0%| F|  |TS  0|AC  0|TAMS 0x00000006cf300000, 0x00000006cf300000|
| 134|0x00000006cf400000, 0x00000006cf400000, 0x00000006cf500000|  0%| F|  |TS  0|AC  0|TAMS 0x00000006cf400000, 0x00000006cf400000|
| 135|0x00000006cf500000, 0x00000006cf500000, 0x00000006cf600000|  0%| F|  |TS  0|AC  0|TAMS 0x00000006cf500000, 0x00000006cf500000|
| 136|0x00000006cf600000, 0x00000006cf600000, 0x00000006cf700000|  0%| F|  |TS  0|AC  0|TAMS 0x00000006cf600000, 0x00000006cf600000|
| 137|0x00000006cf700000, 0x00000006cf700000, 0x00000006cf800000|  0%| F|  |TS  0|AC  0|TAMS 0x00000006cf700000, 0x00000006cf700000|
| 138|0x00000006cf800000, 0x00000006cf800000, 0x00000006cf900000|  0%| F|  |TS  0|AC  0|TAMS 0x00000006cf800000, 0x00000006cf800000|
| 139|0x00000006cf900000, 0x00000006cf900000, 0x00000006cfa00000|  0%| F|  |TS  0|AC  0|TAMS 0x00000006cf900000, 0x00000006cf900000|
| 140|0x00000006cfa00000, 0x00000006cfa00000, 0x00000006cfb00000|  0%| F|  |TS  0|AC  0|TAMS 0x00000006cfa00000, 0x00000006cfa00000|
| 141|0x00000006cfb00000, 0x00000006cfb00000, 0x00000006cfc00000|  0%| F|  |TS  0|AC  0|TAMS 0x00000006cfb00000, 0x00000006cfb00000|
| 142|0x00000006cfc00000, 0x00000006cfc00000, 0x00000006cfd00000|  0%| F|  |TS  0|AC  0|TAMS 0x00000006cfc00000, 0x00000006cfc00000|
| 143|0x00000006cfd00000, 0x00000006cfd00000, 0x00000006cfe00000|  0%| F|  |TS  0|AC  0|TAMS 0x00000006cfd00000, 0x00000006cfd00000|
| 144|0x00000006cfe00000, 0x00000006cfe00000, 0x00000006cff00000|  0%| F|  |TS  0|AC  0|TAMS 0x00000006cfe00000, 0x00000006cfe00000|
| 145|0x00000006cff00000, 0x00000006cff00000, 0x00000006d0000000|  0%| F|  |TS  0|AC  0|TAMS 0x00000006cff00000, 0x00000006cff00000|
| 146|0x00000006d0000000, 0x00000006d0000000, 0x00000006d0100000|  0%| F|  |TS  0|AC  0|TAMS 0x00000006d0000000, 0x00000006d0000000|
| 147|0x00000006d0100000, 0x00000006d0100000, 0x00000006d0200000|  0%| F|  |TS  0|AC  0|TAMS 0x00000006d0100000, 0x00000006d0100000|
| 148|0x00000006d0200000, 0x00000006d0200000, 0x00000006d0300000|  0%| F|  |TS  0|AC  0|TAMS 0x00000006d0200000, 0x00000006d0200000|
| 149|0x00000006d0300000, 0x00000006d0300000, 0x00000006d0400000|  0%| F|  |TS  0|AC  0|TAMS 0x00000006d0300000, 0x00000006d0300000|
| 150|0x00000006d0400000, 0x00000006d0400000, 0x00000006d0500000|  0%| F|  |TS  0|AC  0|TAMS 0x00000006d0400000, 0x00000006d0400000|
| 151|0x00000006d0500000, 0x00000006d0500000, 0x00000006d0600000|  0%| F|  |TS  0|AC  0|TAMS 0x00000006d0500000, 0x00000006d0500000|
| 152|0x00000006d0600000, 0x00000006d0600000, 0x00000006d0700000|  0%| F|  |TS  0|AC  0|TAMS 0x00000006d0600000, 0x00000006d0600000|
| 153|0x00000006d0700000, 0x00000006d0700000, 0x00000006d0800000|  0%| F|  |TS  0|AC  0|TAMS 0x00000006d0700000, 0x00000006d0700000|
| 154|0x00000006d0800000, 0x00000006d0800000, 0x00000006d0900000|  0%| F|  |TS  0|AC  0|TAMS 0x00000006d0800000, 0x00000006d0800000|
| 155|0x00000006d0900000, 0x00000006d0900000, 0x00000006d0a00000|  0%| F|  |TS  0|AC  0|TAMS 0x00000006d0900000, 0x00000006d0900000|
| 156|0x00000006d0a00000, 0x00000006d0a00000, 0x00000006d0b00000|  0%| F|  |TS  0|AC  0|TAMS 0x00000006d0a00000, 0x00000006d0a00000|
| 157|0x00000006d0b00000, 0x00000006d0b00000, 0x00000006d0c00000|  0%| F|  |TS  0|AC  0|TAMS 0x00000006d0b00000, 0x00000006d0b00000|
| 158|0x00000006d0c00000, 0x00000006d0c00000, 0x00000006d0d00000|  0%| F|  |TS  0|AC  0|TAMS 0x00000006d0c00000, 0x00000006d0c00000|
| 159|0x00000006d0d00000, 0x00000006d0d00000, 0x00000006d0e00000|  0%| F|  |TS  0|AC  0|TAMS 0x00000006d0d00000, 0x00000006d0d00000|
| 160|0x00000006d0e00000, 0x00000006d0e00000, 0x00000006d0f00000|  0%| F|  |TS  0|AC  0|TAMS 0x00000006d0e00000, 0x00000006d0e00000|
| 161|0x00000006d0f00000, 0x00000006d0f00000, 0x00000006d1000000|  0%| F|  |TS  0|AC  0|TAMS 0x00000006d0f00000, 0x00000006d0f00000|
| 162|0x00000006d1000000, 0x00000006d1000000, 0x00000006d1100000|  0%| F|  |TS  0|AC  0|TAMS 0x00000006d1000000, 0x00000006d1000000|
| 163|0x00000006d1100000, 0x00000006d1100000, 0x00000006d1200000|  0%| F|  |TS  0|AC  0|TAMS 0x00000006d1100000, 0x00000006d1100000|
| 164|0x00000006d1200000, 0x00000006d1200000, 0x00000006d1300000|  0%| F|  |TS  0|AC  0|TAMS 0x00000006d1200000, 0x00000006d1200000|
| 165|0x00000006d1300000, 0x00000006d1300000, 0x00000006d1400000|  0%| F|  |TS  0|AC  0|TAMS 0x00000006d1300000, 0x00000006d1300000|
| 166|0x00000006d1400000, 0x00000006d1400000, 0x00000006d1500000|  0%| F|  |TS  0|AC  0|TAMS 0x00000006d1400000, 0x00000006d1400000|
| 167|0x00000006d1500000, 0x00000006d1500000, 0x00000006d1600000|  0%| F|  |TS  0|AC  0|TAMS 0x00000006d1500000, 0x00000006d1500000|
| 168|0x00000006d1600000, 0x00000006d1600000, 0x00000006d1700000|  0%| F|  |TS  0|AC  0|TAMS 0x00000006d1600000, 0x00000006d1600000|
| 169|0x00000006d1700000, 0x00000006d1700000, 0x00000006d1800000|  0%| F|  |TS  0|AC  0|TAMS 0x00000006d1700000, 0x00000006d1700000|
| 170|0x00000006d1800000, 0x00000006d1800000, 0x00000006d1900000|  0%| F|  |TS  0|AC  0|TAMS 0x00000006d1800000, 0x00000006d1800000|
| 171|0x00000006d1900000, 0x00000006d1900000, 0x00000006d1a00000|  0%| F|  |TS  0|AC  0|TAMS 0x00000006d1900000, 0x00000006d1900000|
| 172|0x00000006d1a00000, 0x00000006d1a00000, 0x00000006d1b00000|  0%| F|  |TS  0|AC  0|TAMS 0x00000006d1a00000, 0x00000006d1a00000|
| 173|0x00000006d1b00000, 0x00000006d1b00000, 0x00000006d1c00000|  0%| F|  |TS  0|AC  0|TAMS 0x00000006d1b00000, 0x00000006d1b00000|
| 174|0x00000006d1c00000, 0x00000006d1c00000, 0x00000006d1d00000|  0%| F|  |TS  0|AC  0|TAMS 0x00000006d1c00000, 0x00000006d1c00000|
| 175|0x00000006d1d00000, 0x00000006d1d00000, 0x00000006d1e00000|  0%| F|  |TS  0|AC  0|TAMS 0x00000006d1d00000, 0x00000006d1d00000|
| 176|0x00000006d1e00000, 0x00000006d1e00000, 0x00000006d1f00000|  0%| F|  |TS  0|AC  0|TAMS 0x00000006d1e00000, 0x00000006d1e00000|
| 177|0x00000006d1f00000, 0x00000006d1f00000, 0x00000006d2000000|  0%| F|  |TS  0|AC  0|TAMS 0x00000006d1f00000, 0x00000006d1f00000|
| 178|0x00000006d2000000, 0x00000006d2000000, 0x00000006d2100000|  0%| F|  |TS  0|AC  0|TAMS 0x00000006d2000000, 0x00000006d2000000|
| 179|0x00000006d2100000, 0x00000006d2100000, 0x00000006d2200000|  0%| F|  |TS  0|AC  0|TAMS 0x00000006d2100000, 0x00000006d2100000|
| 180|0x00000006d2200000, 0x00000006d2200000, 0x00000006d2300000|  0%| F|  |TS  0|AC  0|TAMS 0x00000006d2200000, 0x00000006d2200000|
| 181|0x00000006d2300000, 0x00000006d2300000, 0x00000006d2400000|  0%| F|  |TS  0|AC  0|TAMS 0x00000006d2300000, 0x00000006d2300000|
| 182|0x00000006d2400000, 0x00000006d2400000, 0x00000006d2500000|  0%| F|  |TS  0|AC  0|TAMS 0x00000006d2400000, 0x00000006d2400000|
| 183|0x00000006d2500000, 0x00000006d2500000, 0x00000006d2600000|  0%| F|  |TS  0|AC  0|TAMS 0x00000006d2500000, 0x00000006d2500000|
| 184|0x00000006d2600000, 0x00000006d2600000, 0x00000006d2700000|  0%| F|  |TS  0|AC  0|TAMS 0x00000006d2600000, 0x00000006d2600000|
| 185|0x00000006d2700000, 0x00000006d2700000, 0x00000006d2800000|  0%| F|  |TS  0|AC  0|TAMS 0x00000006d2700000, 0x00000006d2700000|
| 186|0x00000006d2800000, 0x00000006d2800000, 0x00000006d2900000|  0%| F|  |TS  0|AC  0|TAMS 0x00000006d2800000, 0x00000006d2800000|
| 187|0x00000006d2900000, 0x00000006d2900000, 0x00000006d2a00000|  0%| F|  |TS  0|AC  0|TAMS 0x00000006d2900000, 0x00000006d2900000|
| 188|0x00000006d2a00000, 0x00000006d2a00000, 0x00000006d2b00000|  0%| F|  |TS  0|AC  0|TAMS 0x00000006d2a00000, 0x00000006d2a00000|
| 189|0x00000006d2b00000, 0x00000006d2b00000, 0x00000006d2c00000|  0%| F|  |TS  0|AC  0|TAMS 0x00000006d2b00000, 0x00000006d2b00000|
| 190|0x00000006d2c00000, 0x00000006d2c00000, 0x00000006d2d00000|  0%| F|  |TS  0|AC  0|TAMS 0x00000006d2c00000, 0x00000006d2c00000|
| 191|0x00000006d2d00000, 0x00000006d2d00000, 0x00000006d2e00000|  0%| F|  |TS  0|AC  0|TAMS 0x00000006d2d00000, 0x00000006d2d00000|
| 192|0x00000006d2e00000, 0x00000006d2e00000, 0x00000006d2f00000|  0%| F|  |TS  0|AC  0|TAMS 0x00000006d2e00000, 0x00000006d2e00000|
| 193|0x00000006d2f00000, 0x00000006d2f00000, 0x00000006d3000000|  0%| F|  |TS  0|AC  0|TAMS 0x00000006d2f00000, 0x00000006d2f00000|
| 194|0x00000006d3000000, 0x00000006d3000000, 0x00000006d3100000|  0%| F|  |TS  0|AC  0|TAMS 0x00000006d3000000, 0x00000006d3000000|
| 195|0x00000006d3100000, 0x00000006d3100000, 0x00000006d3200000|  0%| F|  |TS  0|AC  0|TAMS 0x00000006d3100000, 0x00000006d3100000|
| 196|0x00000006d3200000, 0x00000006d3200000, 0x00000006d3300000|  0%| F|  |TS  0|AC  0|TAMS 0x00000006d3200000, 0x00000006d3200000|
| 197|0x00000006d3300000, 0x00000006d3300000, 0x00000006d3400000|  0%| F|  |TS  0|AC  0|TAMS 0x00000006d3300000, 0x00000006d3300000|
| 198|0x00000006d3400000, 0x00000006d3400000, 0x00000006d3500000|  0%| F|  |TS  0|AC  0|TAMS 0x00000006d3400000, 0x00000006d3400000|
| 199|0x00000006d3500000, 0x00000006d3500000, 0x00000006d3600000|  0%| F|  |TS  0|AC  0|TAMS 0x00000006d3500000, 0x00000006d3500000|
| 200|0x00000006d3600000, 0x00000006d3600000, 0x00000006d3700000|  0%| F|  |TS  0|AC  0|TAMS 0x00000006d3600000, 0x00000006d3600000|
| 201|0x00000006d3700000, 0x00000006d3700000, 0x00000006d3800000|  0%| F|  |TS  0|AC  0|TAMS 0x00000006d3700000, 0x00000006d3700000|
| 202|0x00000006d3800000, 0x00000006d3800000, 0x00000006d3900000|  0%| F|  |TS  0|AC  0|TAMS 0x00000006d3800000, 0x00000006d3800000|
| 203|0x00000006d3900000, 0x00000006d3900000, 0x00000006d3a00000|  0%| F|  |TS  0|AC  0|TAMS 0x00000006d3900000, 0x00000006d3900000|
| 204|0x00000006d3a00000, 0x00000006d3a00000, 0x00000006d3b00000|  0%| F|  |TS  0|AC  0|TAMS 0x00000006d3a00000, 0x00000006d3a00000|
| 205|0x00000006d3b00000, 0x00000006d3b00000, 0x00000006d3c00000|  0%| F|  |TS  0|AC  0|TAMS 0x00000006d3b00000, 0x00000006d3b00000|
| 206|0x00000006d3c00000, 0x00000006d3c00000, 0x00000006d3d00000|  0%| F|  |TS  0|AC  0|TAMS 0x00000006d3c00000, 0x00000006d3c00000|
| 207|0x00000006d3d00000, 0x00000006d3d00000, 0x00000006d3e00000|  0%| F|  |TS  0|AC  0|TAMS 0x00000006d3d00000, 0x00000006d3d00000|
| 208|0x00000006d3e00000, 0x00000006d3e00000, 0x00000006d3f00000|  0%| F|  |TS  0|AC  0|TAMS 0x00000006d3e00000, 0x00000006d3e00000|
| 209|0x00000006d3f00000, 0x00000006d3f00000, 0x00000006d4000000|  0%| F|  |TS  0|AC  0|TAMS 0x00000006d3f00000, 0x00000006d3f00000|
| 210|0x00000006d4000000, 0x00000006d4000000, 0x00000006d4100000|  0%| F|  |TS  0|AC  0|TAMS 0x00000006d4000000, 0x00000006d4000000|
| 211|0x00000006d4100000, 0x00000006d4100000, 0x00000006d4200000|  0%| F|  |TS  0|AC  0|TAMS 0x00000006d4100000, 0x00000006d4100000|
| 212|0x00000006d4200000, 0x00000006d4200000, 0x00000006d4300000|  0%| F|  |TS  0|AC  0|TAMS 0x00000006d4200000, 0x00000006d4200000|
| 213|0x00000006d4300000, 0x00000006d4300000, 0x00000006d4400000|  0%| F|  |TS  0|AC  0|TAMS 0x00000006d4300000, 0x00000006d4300000|
| 214|0x00000006d4400000, 0x00000006d4400000, 0x00000006d4500000|  0%| F|  |TS  0|AC  0|TAMS 0x00000006d4400000, 0x00000006d4400000|
| 215|0x00000006d4500000, 0x00000006d4500000, 0x00000006d4600000|  0%| F|  |TS  0|AC  0|TAMS 0x00000006d4500000, 0x00000006d4500000|
| 216|0x00000006d4600000, 0x00000006d4600000, 0x00000006d4700000|  0%| F|  |TS  0|AC  0|TAMS 0x00000006d4600000, 0x00000006d4600000|
| 217|0x00000006d4700000, 0x00000006d4700000, 0x00000006d4800000|  0%| F|  |TS  0|AC  0|TAMS 0x00000006d4700000, 0x00000006d4700000|
| 218|0x00000006d4800000, 0x00000006d4800000, 0x00000006d4900000|  0%| F|  |TS  0|AC  0|TAMS 0x00000006d4800000, 0x00000006d4800000|
| 219|0x00000006d4900000, 0x00000006d4900000, 0x00000006d4a00000|  0%| F|  |TS  0|AC  0|TAMS 0x00000006d4900000, 0x00000006d4900000|
| 220|0x00000006d4a00000, 0x00000006d4a00000, 0x00000006d4b00000|  0%| F|  |TS  0|AC  0|TAMS 0x00000006d4a00000, 0x00000006d4a00000|
| 221|0x00000006d4b00000, 0x00000006d4b00000, 0x00000006d4c00000|  0%| F|  |TS  0|AC  0|TAMS 0x00000006d4b00000, 0x00000006d4b00000|
| 222|0x00000006d4c00000, 0x00000006d4c00000, 0x00000006d4d00000|  0%| F|  |TS  0|AC  0|TAMS 0x00000006d4c00000, 0x00000006d4c00000|
| 223|0x00000006d4d00000, 0x00000006d4d00000, 0x00000006d4e00000|  0%| F|  |TS  0|AC  0|TAMS 0x00000006d4d00000, 0x00000006d4d00000|
| 224|0x00000006d4e00000, 0x00000006d4e00000, 0x00000006d4f00000|  0%| F|  |TS  0|AC  0|TAMS 0x00000006d4e00000, 0x00000006d4e00000|
| 225|0x00000006d4f00000, 0x00000006d4f00000, 0x00000006d5000000|  0%| F|  |TS  0|AC  0|TAMS 0x00000006d4f00000, 0x00000006d4f00000|
| 226|0x00000006d5000000, 0x00000006d5000000, 0x00000006d5100000|  0%| F|  |TS  0|AC  0|TAMS 0x00000006d5000000, 0x00000006d5000000|
| 227|0x00000006d5100000, 0x00000006d5100000, 0x00000006d5200000|  0%| F|  |TS  0|AC  0|TAMS 0x00000006d5100000, 0x00000006d5100000|
| 228|0x00000006d5200000, 0x00000006d5200000, 0x00000006d5300000|  0%| F|  |TS  0|AC  0|TAMS 0x00000006d5200000, 0x00000006d5200000|
| 229|0x00000006d5300000, 0x00000006d5300000, 0x00000006d5400000|  0%| F|  |TS  0|AC  0|TAMS 0x00000006d5300000, 0x00000006d5300000|
| 230|0x00000006d5400000, 0x00000006d5400000, 0x00000006d5500000|  0%| F|  |TS  0|AC  0|TAMS 0x00000006d5400000, 0x00000006d5400000|
| 231|0x00000006d5500000, 0x00000006d5500000, 0x00000006d5600000|  0%| F|  |TS  0|AC  0|TAMS 0x00000006d5500000, 0x00000006d5500000|
| 232|0x00000006d5600000, 0x00000006d5600000, 0x00000006d5700000|  0%| F|  |TS  0|AC  0|TAMS 0x00000006d5600000, 0x00000006d5600000|
| 233|0x00000006d5700000, 0x00000006d5700000, 0x00000006d5800000|  0%| F|  |TS  0|AC  0|TAMS 0x00000006d5700000, 0x00000006d5700000|
| 234|0x00000006d5800000, 0x00000006d5800000, 0x00000006d5900000|  0%| F|  |TS  0|AC  0|TAMS 0x00000006d5800000, 0x00000006d5800000|
| 235|0x00000006d5900000, 0x00000006d5900000, 0x00000006d5a00000|  0%| F|  |TS  0|AC  0|TAMS 0x00000006d5900000, 0x00000006d5900000|
| 236|0x00000006d5a00000, 0x00000006d5a00000, 0x00000006d5b00000|  0%| F|  |TS  0|AC  0|TAMS 0x00000006d5a00000, 0x00000006d5a00000|
| 237|0x00000006d5b00000, 0x00000006d5b00000, 0x00000006d5c00000|  0%| F|  |TS  0|AC  0|TAMS 0x00000006d5b00000, 0x00000006d5b00000|
| 238|0x00000006d5c00000, 0x00000006d5c7b660, 0x00000006d5d00000| 48%| E|  |TS  0|AC  0|TAMS 0x00000006d5c00000, 0x00000006d5c00000|
| 239|0x00000006d5d00000, 0x00000006d5e00000, 0x00000006d5e00000|100%| E|CS|TS  0|AC  0|TAMS 0x00000006d5d00000, 0x00000006d5d00000|
| 240|0x00000006d5e00000, 0x00000006d5f00000, 0x00000006d5f00000|100%| E|CS|TS  0|AC  0|TAMS 0x00000006d5e00000, 0x00000006d5e00000|
| 241|0x00000006d5f00000, 0x00000006d6000000, 0x00000006d6000000|100%| E|CS|TS  0|AC  0|TAMS 0x00000006d5f00000, 0x00000006d5f00000|
| 242|0x00000006d6000000, 0x00000006d6100000, 0x00000006d6100000|100%| E|CS|TS  0|AC  0|TAMS 0x00000006d6000000, 0x00000006d6000000|
| 243|0x00000006d6100000, 0x00000006d6200000, 0x00000006d6200000|100%| E|CS|TS  0|AC  0|TAMS 0x00000006d6100000, 0x00000006d6100000|
| 244|0x00000006d6200000, 0x00000006d6300000, 0x00000006d6300000|100%| E|CS|TS  0|AC  0|TAMS 0x00000006d6200000, 0x00000006d6200000|
| 245|0x00000006d6300000, 0x00000006d6400000, 0x00000006d6400000|100%| E|CS|TS  0|AC  0|TAMS 0x00000006d6300000, 0x00000006d6300000|
| 246|0x00000006d6400000, 0x00000006d6500000, 0x00000006d6500000|100%| E|CS|TS  0|AC  0|TAMS 0x00000006d6400000, 0x00000006d6400000|
| 247|0x00000006d6500000, 0x00000006d6600000, 0x00000006d6600000|100%| E|CS|TS  0|AC  0|TAMS 0x00000006d6500000, 0x00000006d6500000|
| 248|0x00000006d6600000, 0x00000006d6700000, 0x00000006d6700000|100%| E|CS|TS  0|AC  0|TAMS 0x00000006d6600000, 0x00000006d6600000|
| 249|0x00000006d6700000, 0x00000006d6800000, 0x00000006d6800000|100%| E|CS|TS  0|AC  0|TAMS 0x00000006d6700000, 0x00000006d6700000|

Card table byte_map: [0x00007ff1204f6000,0x00007ff120cbf000] byte_map_base: 0x00007ff11cebf000

Marking Bits (Prev, Next): (CMBitMap*) 0x00007ff138077a80, (CMBitMap*) 0x00007ff138077ad8
 Prev Bits: [0x00007ff0d79ef000, 0x00007ff0db837000)
 Next Bits: [0x00007ff0d3ba7000, 0x00007ff0d79ef000)

Polling page: 0x00007ff141637000

CodeHeap 'non-nmethods': size=5700Kb used=1297Kb max_used=1305Kb free=4402Kb
 bounds [0x00007ff121c51000, 0x00007ff121ec1000, 0x00007ff1221e2000]
CodeHeap 'profiled nmethods': size=120028Kb used=1407Kb max_used=1407Kb free=118620Kb
 bounds [0x00007ff1221e2000, 0x00007ff122452000, 0x00007ff129719000]
CodeHeap 'non-profiled nmethods': size=120032Kb used=242Kb max_used=242Kb free=119789Kb
 bounds [0x00007ff129719000, 0x00007ff129989000, 0x00007ff130c51000]
 total_blobs=1566 nmethods=785 adapters=514
 compilation: enabled

Compilation events (10 events):
Event: 5,635 Thread 0x00007ff138239000  783       1       java.awt.image.Raster::getHeight (5 bytes)
Event: 5,635 Thread 0x00007ff138239000 nmethod 783 0x00007ff129755290 code [0x00007ff129755400, 0x00007ff129755510]
Event: 5,635 Thread 0x00007ff138239000  784       1       java.awt.image.Raster::getMinX (5 bytes)
Event: 5,635 Thread 0x00007ff138239000 nmethod 784 0x00007ff129755590 code [0x00007ff129755700, 0x00007ff129755810]
Event: 5,635 Thread 0x00007ff138239000  785       1       java.awt.image.Raster::getMinY (5 bytes)
Event: 5,635 Thread 0x00007ff138239000 nmethod 785 0x00007ff129755890 code [0x00007ff129755a00, 0x00007ff129755b10]
Event: 5,636 Thread 0x00007ff138239000  786  s    3       java.awt.ColorPaintContext::getRaster (88 bytes)
Event: 5,637 Thread 0x00007ff138239000 nmethod 786 0x00007ff122340590 code [0x00007ff1223407a0, 0x00007ff122341568]
Event: 5,637 Thread 0x00007ff138239000  787       3       sun.java2d.loops.Blit$GeneralMaskBlit::Blit (28 bytes)
Event: 5,637 Thread 0x00007ff138239000 nmethod 787 0x00007ff122341890 code [0x00007ff122341a20, 0x00007ff122341ca8]

GC Heap History (0 events):
No events

Deoptimization events (10 events):
Event: 0,110 Thread 0x00007ff138011000 Uncommon trap: reason=bimorphic_or_optimized_type_check action=maybe_recompile pc=0x00007ff129723cc0 method=java.util.Collections$UnmodifiableCollection$1.next()Ljava/lang/Object; @ 4
Event: 0,112 Thread 0x00007ff138011000 Uncommon trap: reason=bimorphic_or_optimized_type_check action=maybe_recompile pc=0x00007ff129723cc0 method=java.util.Collections$UnmodifiableCollection$1.next()Ljava/lang/Object; @ 4
Event: 0,158 Thread 0x00007ff138011000 Uncommon trap: reason=unstable_if action=reinterpret pc=0x00007ff129723354 method=java.lang.StringLatin1.replace([BCC)Ljava/lang/String; @ 19
Event: 0,476 Thread 0x00007ff138011000 Uncommon trap: reason=unstable_if action=reinterpret pc=0x00007ff129737580 method=java.lang.String.equals(Ljava/lang/Object;)Z @ 27
Event: 0,500 Thread 0x00007ff138011000 Uncommon trap: reason=unstable_fused_if action=reinterpret pc=0x00007ff1297297d8 method=java.util.HashMap.resize()[Ljava/util/HashMap$Node; @ 31
Event: 0,565 Thread 0x00007ff138011000 Uncommon trap: reason=class_check action=maybe_recompile pc=0x00007ff129725bd8 method=java.util.HashMap.putVal(ILjava/lang/Object;Ljava/lang/Object;ZZ)Ljava/lang/Object; @ 91
Event: 0,606 Thread 0x00007ff138011000 Uncommon trap: reason=class_check action=maybe_recompile pc=0x00007ff1297256f8 method=java.util.HashMap.putVal(ILjava/lang/Object;Ljava/lang/Object;ZZ)Ljava/lang/Object; @ 253
Event: 0,606 Thread 0x00007ff138011000 Uncommon trap: reason=class_check action=maybe_recompile pc=0x00007ff1297256f8 method=java.util.HashMap.putVal(ILjava/lang/Object;Ljava/lang/Object;ZZ)Ljava/lang/Object; @ 253
Event: 0,606 Thread 0x00007ff138011000 Uncommon trap: reason=class_check action=maybe_recompile pc=0x00007ff1297256f8 method=java.util.HashMap.putVal(ILjava/lang/Object;Ljava/lang/Object;ZZ)Ljava/lang/Object; @ 253
Event: 0,856 Thread 0x00007ff1388a2800 Uncommon trap: reason=unstable_if action=reinterpret pc=0x00007ff12974f7c0 method=sun.security.provider.SeedGenerator$ThreadedSeedGenerator.run()V @ 120

Classes redefined (0 events):
No events

Internal exceptions (10 events):
Event: 0,489 Thread 0x00007ff138011000 Exception <a 'java/io/IOException'> (0x00000006d61f8430) thrown at [/build/openjdk-9-argm_o/openjdk-9-9~b114/src/hotspot/src/share/vm/prims/jni.cpp, line 605]
Event: 0,489 Thread 0x00007ff138011000 Exception <a 'java/io/IOException'> (0x00000006d61f8690) thrown at [/build/openjdk-9-argm_o/openjdk-9-9~b114/src/hotspot/src/share/vm/prims/jni.cpp, line 605]
Event: 0,489 Thread 0x00007ff138011000 Exception <a 'java/io/IOException'> (0x00000006d61f8df8) thrown at [/build/openjdk-9-argm_o/openjdk-9-9~b114/src/hotspot/src/share/vm/prims/jni.cpp, line 605]
Event: 0,489 Thread 0x00007ff138011000 Exception <a 'java/io/IOException'> (0x00000006d61f9058) thrown at [/build/openjdk-9-argm_o/openjdk-9-9~b114/src/hotspot/src/share/vm/prims/jni.cpp, line 605]
Event: 0,489 Thread 0x00007ff138011000 Exception <a 'java/io/IOException'> (0x00000006d61f97c0) thrown at [/build/openjdk-9-argm_o/openjdk-9-9~b114/src/hotspot/src/share/vm/prims/jni.cpp, line 605]
Event: 0,489 Thread 0x00007ff138011000 Exception <a 'java/io/IOException'> (0x00000006d61f9a20) thrown at [/build/openjdk-9-argm_o/openjdk-9-9~b114/src/hotspot/src/share/vm/prims/jni.cpp, line 605]
Event: 0,489 Thread 0x00007ff138011000 Exception <a 'java/io/IOException'> (0x00000006d61fa188) thrown at [/build/openjdk-9-argm_o/openjdk-9-9~b114/src/hotspot/src/share/vm/prims/jni.cpp, line 605]
Event: 0,489 Thread 0x00007ff138011000 Exception <a 'java/io/IOException'> (0x00000006d61fa3e8) thrown at [/build/openjdk-9-argm_o/openjdk-9-9~b114/src/hotspot/src/share/vm/prims/jni.cpp, line 605]
Event: 0,489 Thread 0x00007ff138011000 Exception <a 'java/io/IOException'> (0x00000006d61fab50) thrown at [/build/openjdk-9-argm_o/openjdk-9-9~b114/src/hotspot/src/share/vm/prims/jni.cpp, line 605]
Event: 0,489 Thread 0x00007ff138011000 Exception <a 'java/io/IOException'> (0x00000006d61fadb0) thrown at [/build/openjdk-9-argm_o/openjdk-9-9~b114/src/hotspot/src/share/vm/prims/jni.cpp, line 605]

Events (10 events):
Event: 5,636 loading class sun/font/FontDesignMetrics$MetricsKey
Event: 5,636 loading class sun/font/FontDesignMetrics$MetricsKey done
Event: 5,637 loading class sun/font/FontStrikeDesc
Event: 5,637 loading class sun/font/FontStrikeDesc done
Event: 5,637 loading class sun/font/FileFontStrike
Event: 5,637 loading class sun/font/FileFontStrike done
Event: 5,637 loading class sun/font/FontScaler
Event: 5,637 loading class sun/font/FontScaler done
Event: 5,637 loading class sun/font/FreetypeFontScaler
Event: 5,637 loading class sun/font/FreetypeFontScaler done


Dynamic libraries:
00400000-00401000 r-xp 00000000 08:07 789546                             /usr/lib/jvm/java-9-openjdk-amd64/bin/java
00600000-00601000 r--p 00000000 08:07 789546                             /usr/lib/jvm/java-9-openjdk-amd64/bin/java
00601000-00602000 rw-p 00001000 08:07 789546                             /usr/lib/jvm/java-9-openjdk-amd64/bin/java
00c16000-00c37000 rw-p 00000000 00:00 0                                  [heap]
6c6e00000-6d6800000 rw-p 00000000 00:00 0 
6d6800000-7c0000000 ---p 00000000 00:00 0 
7c0000000-7c0140000 rw-p 00000000 00:00 0 
7c0140000-800000000 ---p 00000000 00:00 0 
7ff064000000-7ff064021000 rw-p 00000000 00:00 0 
7ff064021000-7ff068000000 ---p 00000000 00:00 0 
7ff06c000000-7ff06c021000 rw-p 00000000 00:00 0 
7ff06c021000-7ff070000000 ---p 00000000 00:00 0 
7ff070000000-7ff070021000 rw-p 00000000 00:00 0 
7ff070021000-7ff074000000 ---p 00000000 00:00 0 
7ff074000000-7ff074021000 rw-p 00000000 00:00 0 
7ff074021000-7ff078000000 ---p 00000000 00:00 0 
7ff0788cf000-7ff07894f000 rw-p 00000000 00:00 0 
7ff07894f000-7ff078ad3000 ---p 00000000 00:00 0 
7ff078ad3000-7ff078bd0000 rw-p 00000000 00:00 0 
7ff078bd0000-7ff078bd4000 ---p 00000000 00:00 0 
7ff078bd4000-7ff078cd1000 rw-p 00000000 00:00 0 
7ff078cd1000-7ff078cd5000 ---p 00000000 00:00 0 
7ff078cd5000-7ff07a008000 rw-p 00000000 00:00 0 
7ff07a008000-7ff07a03f000 r-xp 00000000 08:07 796773                     /usr/lib/x86_64-linux-gnu/libtxc_dxtn_s2tc.so.0.0.0
7ff07a03f000-7ff07a23e000 ---p 00037000 08:07 796773                     /usr/lib/x86_64-linux-gnu/libtxc_dxtn_s2tc.so.0.0.0
7ff07a23e000-7ff07a23f000 r--p 00036000 08:07 796773                     /usr/lib/x86_64-linux-gnu/libtxc_dxtn_s2tc.so.0.0.0
7ff07a23f000-7ff07a240000 rw-p 00037000 08:07 796773                     /usr/lib/x86_64-linux-gnu/libtxc_dxtn_s2tc.so.0.0.0
7ff07a240000-7ff07a440000 rw-p 00000000 00:00 0 
7ff07a440000-7ff07a448000 r-xp 00000000 08:07 796524                     /usr/lib/x86_64-linux-gnu/libpciaccess.so.0.11.1
7ff07a448000-7ff07a648000 ---p 00008000 08:07 796524                     /usr/lib/x86_64-linux-gnu/libpciaccess.so.0.11.1
7ff07a648000-7ff07a649000 r--p 00008000 08:07 796524                     /usr/lib/x86_64-linux-gnu/libpciaccess.so.0.11.1
7ff07a649000-7ff07a64a000 rw-p 00009000 08:07 796524                     /usr/lib/x86_64-linux-gnu/libpciaccess.so.0.11.1
7ff07a64a000-7ff07a655000 r-xp 00000000 08:07 790839                     /usr/lib/x86_64-linux-gnu/libdrm_radeon.so.1.0.1
7ff07a655000-7ff07a854000 ---p 0000b000 08:07 790839                     /usr/lib/x86_64-linux-gnu/libdrm_radeon.so.1.0.1
7ff07a854000-7ff07a855000 r--p 0000a000 08:07 790839                     /usr/lib/x86_64-linux-gnu/libdrm_radeon.so.1.0.1
7ff07a855000-7ff07a856000 rw-p 0000b000 08:07 790839                     /usr/lib/x86_64-linux-gnu/libdrm_radeon.so.1.0.1
7ff07a856000-7ff07a85d000 r-xp 00000000 08:07 790837                     /usr/lib/x86_64-linux-gnu/libdrm_nouveau.so.2.0.0
7ff07a85d000-7ff07aa5c000 ---p 00007000 08:07 790837                     /usr/lib/x86_64-linux-gnu/libdrm_nouveau.so.2.0.0
7ff07aa5c000-7ff07aa5d000 r--p 00006000 08:07 790837                     /usr/lib/x86_64-linux-gnu/libdrm_nouveau.so.2.0.0
7ff07aa5d000-7ff07aa5e000 rw-p 00007000 08:07 790837                     /usr/lib/x86_64-linux-gnu/libdrm_nouveau.so.2.0.0
7ff07aa5e000-7ff07aa80000 r-xp 00000000 08:07 788880                     /usr/lib/x86_64-linux-gnu/libdrm_intel.so.1.0.0
7ff07aa80000-7ff07ac80000 ---p 00022000 08:07 788880                     /usr/lib/x86_64-linux-gnu/libdrm_intel.so.1.0.0
7ff07ac80000-7ff07ac81000 r--p 00022000 08:07 788880                     /usr/lib/x86_64-linux-gnu/libdrm_intel.so.1.0.0
7ff07ac81000-7ff07ac82000 rw-p 00023000 08:07 788880                     /usr/lib/x86_64-linux-gnu/libdrm_intel.so.1.0.0
7ff07ac82000-7ff07b287000 r-xp 00000000 08:07 919354                     /usr/lib/x86_64-linux-gnu/dri/i965_dri.so
7ff07b287000-7ff07b487000 ---p 00605000 08:07 919354                     /usr/lib/x86_64-linux-gnu/dri/i965_dri.so
7ff07b487000-7ff07b4bd000 r--p 00605000 08:07 919354                     /usr/lib/x86_64-linux-gnu/dri/i965_dri.so
7ff07b4bd000-7ff07b4c4000 rw-p 0063b000 08:07 919354                     /usr/lib/x86_64-linux-gnu/dri/i965_dri.so
7ff07b4c4000-7ff07b4cc000 rw-p 00000000 00:00 0 
7ff07b4cc000-7ff07b4cf000 r-xp 00000000 08:07 557010                     /home/julien/TeleGame_Design/tgd-projet_2018/natives/libjinput-linux64.so
7ff07b4cf000-7ff07b6ce000 ---p 00003000 08:07 557010                     /home/julien/TeleGame_Design/tgd-projet_2018/natives/libjinput-linux64.so
7ff07b6ce000-7ff07b6cf000 r--p 00002000 08:07 557010                     /home/julien/TeleGame_Design/tgd-projet_2018/natives/libjinput-linux64.so
7ff07b6cf000-7ff07b6d0000 rw-p 00003000 08:07 557010                     /home/julien/TeleGame_Design/tgd-projet_2018/natives/libjinput-linux64.so
7ff07b6d0000-7ff07b6d4000 ---p 00000000 00:00 0 
7ff07b6d4000-7ff07b7d1000 rw-p 00000000 00:00 0 
7ff07b7d1000-7ff07b7df000 r-xp 00000000 08:07 795881                     /usr/lib/x86_64-linux-gnu/libdrm.so.2.4.0
7ff07b7df000-7ff07b9de000 ---p 0000e000 08:07 795881                     /usr/lib/x86_64-linux-gnu/libdrm.so.2.4.0
7ff07b9de000-7ff07b9df000 r--p 0000d000 08:07 795881                     /usr/lib/x86_64-linux-gnu/libdrm.so.2.4.0
7ff07b9df000-7ff07b9e0000 rw-p 0000e000 08:07 795881                     /usr/lib/x86_64-linux-gnu/libdrm.so.2.4.0
7ff07b9e0000-7ff07b9e4000 r-xp 00000000 08:07 796880                     /usr/lib/x86_64-linux-gnu/libxcb-dri2.so.0.0.0
7ff07b9e4000-7ff07bbe3000 ---p 00004000 08:07 796880                     /usr/lib/x86_64-linux-gnu/libxcb-dri2.so.0.0.0
7ff07bbe3000-7ff07bbe4000 r--p 00003000 08:07 796880                     /usr/lib/x86_64-linux-gnu/libxcb-dri2.so.0.0.0
7ff07bbe4000-7ff07bbe5000 rw-p 00004000 08:07 796880                     /usr/lib/x86_64-linux-gnu/libxcb-dri2.so.0.0.0
7ff07bbe5000-7ff07bbfc000 r-xp 00000000 08:07 796884                     /usr/lib/x86_64-linux-gnu/libxcb-glx.so.0.0.0
7ff07bbfc000-7ff07bdfb000 ---p 00017000 08:07 796884                     /usr/lib/x86_64-linux-gnu/libxcb-glx.so.0.0.0
7ff07bdfb000-7ff07bdfd000 r--p 00016000 08:07 796884                     /usr/lib/x86_64-linux-gnu/libxcb-glx.so.0.0.0
7ff07bdfd000-7ff07bdfe000 rw-p 00018000 08:07 796884                     /usr/lib/x86_64-linux-gnu/libxcb-glx.so.0.0.0
7ff07bdfe000-7ff07bdff000 r-xp 00000000 08:07 795561                     /usr/lib/x86_64-linux-gnu/libX11-xcb.so.1.0.0
7ff07bdff000-7ff07bffe000 ---p 00001000 08:07 795561                     /usr/lib/x86_64-linux-gnu/libX11-xcb.so.1.0.0
7ff07bffe000-7ff07bfff000 r--p 00000000 08:07 795561                     /usr/lib/x86_64-linux-gnu/libX11-xcb.so.1.0.0
7ff07bfff000-7ff07c000000 rw-p 00001000 08:07 795561                     /usr/lib/x86_64-linux-gnu/libX11-xcb.so.1.0.0
7ff07c000000-7ff07c021000 rw-p 00000000 00:00 0 
7ff07c021000-7ff080000000 ---p 00000000 00:00 0 
7ff080000000-7ff080021000 rw-p 00000000 00:00 0 
7ff080021000-7ff084000000 ---p 00000000 00:00 0 
7ff084000000-7ff084021000 rw-p 00000000 00:00 0 
7ff084021000-7ff088000000 ---p 00000000 00:00 0 
7ff088000000-7ff088021000 rw-p 00000000 00:00 0 
7ff088021000-7ff08c000000 ---p 00000000 00:00 0 
7ff08c000000-7ff08c021000 rw-p 00000000 00:00 0 
7ff08c021000-7ff090000000 ---p 00000000 00:00 0 
7ff090000000-7ff090021000 rw-p 00000000 00:00 0 
7ff090021000-7ff094000000 ---p 00000000 00:00 0 
7ff09402e000-7ff094030000 r-xp 00000000 08:07 795576                     /usr/lib/x86_64-linux-gnu/libXdamage.so.1.1.0
7ff094030000-7ff09422f000 ---p 00002000 08:07 795576                     /usr/lib/x86_64-linux-gnu/libXdamage.so.1.1.0
7ff09422f000-7ff094230000 r--p 00001000 08:07 795576                     /usr/lib/x86_64-linux-gnu/libXdamage.so.1.1.0
7ff094230000-7ff094231000 rw-p 00002000 08:07 795576                     /usr/lib/x86_64-linux-gnu/libXdamage.so.1.1.0
7ff094231000-7ff09425a000 r-xp 00000000 08:07 796068                     /usr/lib/x86_64-linux-gnu/libglapi.so.0.0.0
7ff09425a000-7ff094459000 ---p 00029000 08:07 796068                     /usr/lib/x86_64-linux-gnu/libglapi.so.0.0.0
7ff094459000-7ff09445d000 r--p 00028000 08:07 796068                     /usr/lib/x86_64-linux-gnu/libglapi.so.0.0.0
7ff09445d000-7ff09445e000 rw-p 0002c000 08:07 796068                     /usr/lib/x86_64-linux-gnu/libglapi.so.0.0.0
7ff09445e000-7ff09445f000 rw-p 00000000 00:00 0 
7ff09445f000-7ff094460000 r-xp 00000000 08:07 796928                     /usr/lib/x86_64-linux-gnu/libxshmfence.so.1.0.0
7ff094460000-7ff094660000 ---p 00001000 08:07 796928                     /usr/lib/x86_64-linux-gnu/libxshmfence.so.1.0.0
7ff094660000-7ff094661000 r--p 00001000 08:07 796928                     /usr/lib/x86_64-linux-gnu/libxshmfence.so.1.0.0
7ff094661000-7ff094662000 rw-p 00002000 08:07 796928                     /usr/lib/x86_64-linux-gnu/libxshmfence.so.1.0.0
7ff094662000-7ff094667000 r-xp 00000000 08:07 796904                     /usr/lib/x86_64-linux-gnu/libxcb-sync.so.1.0.0
7ff094667000-7ff094867000 ---p 00005000 08:07 796904                     /usr/lib/x86_64-linux-gnu/libxcb-sync.so.1.0.0
7ff094867000-7ff094868000 r--p 00005000 08:07 796904                     /usr/lib/x86_64-linux-gnu/libxcb-sync.so.1.0.0
7ff094868000-7ff094869000 rw-p 00006000 08:07 796904                     /usr/lib/x86_64-linux-gnu/libxcb-sync.so.1.0.0
7ff094869000-7ff09486b000 r-xp 00000000 08:07 796892                     /usr/lib/x86_64-linux-gnu/libxcb-present.so.0.0.0
7ff09486b000-7ff094a6a000 ---p 00002000 08:07 796892                     /usr/lib/x86_64-linux-gnu/libxcb-present.so.0.0.0
7ff094a6a000-7ff094a6b000 r--p 00001000 08:07 796892                     /usr/lib/x86_64-linux-gnu/libxcb-present.so.0.0.0
7ff094a6b000-7ff094a6c000 rw-p 00002000 08:07 796892                     /usr/lib/x86_64-linux-gnu/libxcb-present.so.0.0.0
7ff094a6c000-7ff094a6e000 r-xp 00000000 08:07 796882                     /usr/lib/x86_64-linux-gnu/libxcb-dri3.so.0.0.0
7ff094a6e000-7ff094c6d000 ---p 00002000 08:07 796882                     /usr/lib/x86_64-linux-gnu/libxcb-dri3.so.0.0.0
7ff094c6d000-7ff094c6e000 r--p 00001000 08:07 796882                     /usr/lib/x86_64-linux-gnu/libxcb-dri3.so.0.0.0
7ff094c6e000-7ff094c6f000 rw-p 00002000 08:07 796882                     /usr/lib/x86_64-linux-gnu/libxcb-dri3.so.0.0.0
7ff094c6f000-7ff094c95000 r-xp 00000000 08:07 266864                     /lib/x86_64-linux-gnu/libexpat.so.1.6.0
7ff094c95000-7ff094e95000 ---p 00026000 08:07 266864                     /lib/x86_64-linux-gnu/libexpat.so.1.6.0
7ff094e95000-7ff094e97000 r--p 00026000 08:07 266864                     /lib/x86_64-linux-gnu/libexpat.so.1.6.0
7ff094e97000-7ff094e98000 rw-p 00028000 08:07 266864                     /lib/x86_64-linux-gnu/libexpat.so.1.6.0
7ff094e98000-7ff094f05000 r-xp 00000000 08:07 920176                     /usr/lib/x86_64-linux-gnu/mesa/libGL.so.1.2.0
7ff094f05000-7ff095104000 ---p 0006d000 08:07 920176                     /usr/lib/x86_64-linux-gnu/mesa/libGL.so.1.2.0
7ff095104000-7ff095107000 r--p 0006c000 08:07 920176                     /usr/lib/x86_64-linux-gnu/mesa/libGL.so.1.2.0
7ff095107000-7ff095108000 rw-p 0006f000 08:07 920176                     /usr/lib/x86_64-linux-gnu/mesa/libGL.so.1.2.0
7ff095108000-7ff095109000 rw-p 00000000 00:00 0 
7ff095109000-7ff09510e000 r-xp 00000000 08:07 795616                     /usr/lib/x86_64-linux-gnu/libXxf86vm.so.1.0.0
7ff09510e000-7ff09530d000 ---p 00005000 08:07 795616                     /usr/lib/x86_64-linux-gnu/libXxf86vm.so.1.0.0
7ff09530d000-7ff09530e000 r--p 00004000 08:07 795616                     /usr/lib/x86_64-linux-gnu/libXxf86vm.so.1.0.0
7ff09530e000-7ff09530f000 rw-p 00005000 08:07 795616                     /usr/lib/x86_64-linux-gnu/libXxf86vm.so.1.0.0
7ff09530f000-7ff095319000 r-xp 00000000 08:07 795598                     /usr/lib/x86_64-linux-gnu/libXrandr.so.2.2.0
7ff095319000-7ff095518000 ---p 0000a000 08:07 795598                     /usr/lib/x86_64-linux-gnu/libXrandr.so.2.2.0
7ff095518000-7ff095519000 r--p 00009000 08:07 795598                     /usr/lib/x86_64-linux-gnu/libXrandr.so.2.2.0
7ff095519000-7ff09551a000 rw-p 0000a000 08:07 795598                     /usr/lib/x86_64-linux-gnu/libXrandr.so.2.2.0
7ff09551a000-7ff09558a000 r-xp 00000000 08:07 557014                     /home/julien/TeleGame_Design/tgd-projet_2018/natives/liblwjgl64.so
7ff09558a000-7ff09578a000 ---p 00070000 08:07 557014                     /home/julien/TeleGame_Design/tgd-projet_2018/natives/liblwjgl64.so
7ff09578a000-7ff09578c000 r--p 00070000 08:07 557014                     /home/julien/TeleGame_Design/tgd-projet_2018/natives/liblwjgl64.so
7ff09578c000-7ff09578d000 rw-p 00072000 08:07 557014                     /home/julien/TeleGame_Design/tgd-projet_2018/natives/liblwjgl64.so
7ff09578d000-7ff09578e000 r-xp 00000000 08:07 789583                     /usr/lib/jvm/java-9-openjdk-amd64/lib/amd64/libjawt.so
7ff09578e000-7ff09598d000 ---p 00001000 08:07 789583                     /usr/lib/jvm/java-9-openjdk-amd64/lib/amd64/libjawt.so
7ff09598d000-7ff09598e000 r--p 00000000 08:07 789583                     /usr/lib/jvm/java-9-openjdk-amd64/lib/amd64/libjawt.so
7ff09598e000-7ff09598f000 rw-p 00001000 08:07 789583                     /usr/lib/jvm/java-9-openjdk-amd64/lib/amd64/libjawt.so
7ff09598f000-7ff095993000 ---p 00000000 00:00 0 
7ff095993000-7ff095a90000 rw-p 00000000 00:00 0 
7ff095a90000-7ff095a95000 r-xp 00000000 08:07 795582                     /usr/lib/x86_64-linux-gnu/libXfixes.so.3.1.0
7ff095a95000-7ff095c94000 ---p 00005000 08:07 795582                     /usr/lib/x86_64-linux-gnu/libXfixes.so.3.1.0
7ff095c94000-7ff095c95000 r--p 00004000 08:07 795582                     /usr/lib/x86_64-linux-gnu/libXfixes.so.3.1.0
7ff095c95000-7ff095c96000 rw-p 00005000 08:07 795582                     /usr/lib/x86_64-linux-gnu/libXfixes.so.3.1.0
7ff095c96000-7ff095c9f000 r-xp 00000000 08:07 795212                     /usr/lib/x86_64-linux-gnu/libXcursor.so.1.0.2
7ff095c9f000-7ff095e9e000 ---p 00009000 08:07 795212                     /usr/lib/x86_64-linux-gnu/libXcursor.so.1.0.2
7ff095e9e000-7ff095e9f000 r--p 00008000 08:07 795212                     /usr/lib/x86_64-linux-gnu/libXcursor.so.1.0.2
7ff095e9f000-7ff095ea0000 rw-p 00009000 08:07 795212                     /usr/lib/x86_64-linux-gnu/libXcursor.so.1.0.2
7ff095ea0000-7ff095ea4000 ---p 00000000 00:00 0 
7ff095ea4000-7ff095fa1000 rw-p 00000000 00:00 0 
7ff095fa1000-7ff095fc5000 r-xp 00000000 08:07 267021                     /lib/x86_64-linux-gnu/libpng12.so.0.54.0
7ff095fc5000-7ff0961c4000 ---p 00024000 08:07 267021                     /lib/x86_64-linux-gnu/libpng12.so.0.54.0
7ff0961c4000-7ff0961c5000 r--p 00023000 08:07 267021                     /lib/x86_64-linux-gnu/libpng12.so.0.54.0
7ff0961c5000-7ff0961c6000 rw-p 00024000 08:07 267021                     /lib/x86_64-linux-gnu/libpng12.so.0.54.0
7ff0961c6000-7ff09626a000 r-xp 00000000 08:07 785427                     /usr/lib/x86_64-linux-gnu/libfreetype.so.6.12.1
7ff09626a000-7ff096469000 ---p 000a4000 08:07 785427                     /usr/lib/x86_64-linux-gnu/libfreetype.so.6.12.1
7ff096469000-7ff09646f000 r--p 000a3000 08:07 785427                     /usr/lib/x86_64-linux-gnu/libfreetype.so.6.12.1
7ff09646f000-7ff096470000 rw-p 000a9000 08:07 785427                     /usr/lib/x86_64-linux-gnu/libfreetype.so.6.12.1
7ff096470000-7ff096536000 r-xp 00000000 08:07 789566                     /usr/lib/jvm/java-9-openjdk-amd64/lib/amd64/libfontmanager.so
7ff096536000-7ff096735000 ---p 000c6000 08:07 789566                     /usr/lib/jvm/java-9-openjdk-amd64/lib/amd64/libfontmanager.so
7ff096735000-7ff096738000 r--p 000c5000 08:07 789566                     /usr/lib/jvm/java-9-openjdk-amd64/lib/amd64/libfontmanager.so
7ff096738000-7ff096739000 rw-p 000c8000 08:07 789566                     /usr/lib/jvm/java-9-openjdk-amd64/lib/amd64/libfontmanager.so
7ff096739000-7ff09673a000 rw-p 00000000 00:00 0 
7ff09673a000-7ff09673f000 r-xp 00000000 08:07 795578                     /usr/lib/x86_64-linux-gnu/libXdmcp.so.6.0.0
7ff09673f000-7ff09693e000 ---p 00005000 08:07 795578                     /usr/lib/x86_64-linux-gnu/libXdmcp.so.6.0.0
7ff09693e000-7ff09693f000 r--p 00004000 08:07 795578                     /usr/lib/x86_64-linux-gnu/libXdmcp.so.6.0.0
7ff09693f000-7ff096940000 rw-p 00005000 08:07 795578                     /usr/lib/x86_64-linux-gnu/libXdmcp.so.6.0.0
7ff096940000-7ff096942000 r-xp 00000000 08:07 795567                     /usr/lib/x86_64-linux-gnu/libXau.so.6.0.0
7ff096942000-7ff096b42000 ---p 00002000 08:07 795567                     /usr/lib/x86_64-linux-gnu/libXau.so.6.0.0
7ff096b42000-7ff096b43000 r--p 00002000 08:07 795567                     /usr/lib/x86_64-linux-gnu/libXau.so.6.0.0
7ff096b43000-7ff096b44000 rw-p 00003000 08:07 795567                     /usr/lib/x86_64-linux-gnu/libXau.so.6.0.0
7ff096b44000-7ff096b65000 r-xp 00000000 08:07 796916                     /usr/lib/x86_64-linux-gnu/libxcb.so.1.1.0
7ff096b65000-7ff096d64000 ---p 00021000 08:07 796916                     /usr/lib/x86_64-linux-gnu/libxcb.so.1.1.0
7ff096d64000-7ff096d65000 r--p 00020000 08:07 796916                     /usr/lib/x86_64-linux-gnu/libxcb.so.1.1.0
7ff096d65000-7ff096d66000 rw-p 00021000 08:07 796916                     /usr/lib/x86_64-linux-gnu/libxcb.so.1.1.0
7ff096d66000-7ff096d75000 r-xp 00000000 08:07 795588                     /usr/lib/x86_64-linux-gnu/libXi.so.6.1.0
7ff096d75000-7ff096f74000 ---p 0000f000 08:07 795588                     /usr/lib/x86_64-linux-gnu/libXi.so.6.1.0
7ff096f74000-7ff096f75000 r--p 0000e000 08:07 795588                     /usr/lib/x86_64-linux-gnu/libXi.so.6.1.0
7ff096f75000-7ff096f76000 rw-p 0000f000 08:07 795588                     /usr/lib/x86_64-linux-gnu/libXi.so.6.1.0
7ff096f76000-7ff096f7b000 r-xp 00000000 08:07 795606                     /usr/lib/x86_64-linux-gnu/libXtst.so.6.1.0
7ff096f7b000-7ff09717a000 ---p 00005000 08:07 795606                     /usr/lib/x86_64-linux-gnu/libXtst.so.6.1.0
7ff09717a000-7ff09717b000 r--p 00004000 08:07 795606                     /usr/lib/x86_64-linux-gnu/libXtst.so.6.1.0
7ff09717b000-7ff09717c000 rw-p 00005000 08:07 795606                     /usr/lib/x86_64-linux-gnu/libXtst.so.6.1.0
7ff09717c000-7ff097185000 r-xp 00000000 08:07 795600                     /usr/lib/x86_64-linux-gnu/libXrender.so.1.3.0
7ff097185000-7ff097384000 ---p 00009000 08:07 795600                     /usr/lib/x86_64-linux-gnu/libXrender.so.1.3.0
7ff097384000-7ff097385000 r--p 00008000 08:07 795600                     /usr/lib/x86_64-linux-gnu/libXrender.so.1.3.0
7ff097385000-7ff097386000 rw-p 00009000 08:07 795600                     /usr/lib/x86_64-linux-gnu/libXrender.so.1.3.0
7ff097386000-7ff0974bb000 r-xp 00000000 08:07 795563                     /usr/lib/x86_64-linux-gnu/libX11.so.6.3.0
7ff0974bb000-7ff0976bb000 ---p 00135000 08:07 795563                     /usr/lib/x86_64-linux-gnu/libX11.so.6.3.0
7ff0976bb000-7ff0976bc000 r--p 00135000 08:07 795563                     /usr/lib/x86_64-linux-gnu/libX11.so.6.3.0
7ff0976bc000-7ff0976c0000 rw-p 00136000 08:07 795563                     /usr/lib/x86_64-linux-gnu/libX11.so.6.3.0
7ff0976c0000-7ff0976d1000 r-xp 00000000 08:07 795580                     /usr/lib/x86_64-linux-gnu/libXext.so.6.4.0
7ff0976d1000-7ff0978d0000 ---p 00011000 08:07 795580                     /usr/lib/x86_64-linux-gnu/libXext.so.6.4.0
7ff0978d0000-7ff0978d1000 r--p 00010000 08:07 795580                     /usr/lib/x86_64-linux-gnu/libXext.so.6.4.0
7ff0978d1000-7ff0978d2000 rw-p 00011000 08:07 795580                     /usr/lib/x86_64-linux-gnu/libXext.so.6.4.0
7ff0978d2000-7ff097929000 r-xp 00000000 08:07 789593                     /usr/lib/jvm/java-9-openjdk-amd64/lib/amd64/libawt_xawt.so
7ff097929000-7ff097b29000 ---p 00057000 08:07 789593                     /usr/lib/jvm/java-9-openjdk-amd64/lib/amd64/libawt_xawt.so
7ff097b29000-7ff097b2a000 r--p 00057000 08:07 789593                     /usr/lib/jvm/java-9-openjdk-amd64/lib/amd64/libawt_xawt.so
7ff097b2a000-7ff097b2d000 rw-p 00058000 08:07 789593                     /usr/lib/jvm/java-9-openjdk-amd64/lib/amd64/libawt_xawt.so
7ff097b2d000-7ff097b2e000 rw-p 00000000 00:00 0 
7ff097b2e000-7ff097bce000 r-xp 00000000 08:07 789565                     /usr/lib/jvm/java-9-openjdk-amd64/lib/amd64/libawt.so
7ff097bce000-7ff097dcd000 ---p 000a0000 08:07 789565                     /usr/lib/jvm/java-9-openjdk-amd64/lib/amd64/libawt.so
7ff097dcd000-7ff097dce000 r--p 0009f000 08:07 789565                     /usr/lib/jvm/java-9-openjdk-amd64/lib/amd64/libawt.so
7ff097dce000-7ff097dd9000 rw-p 000a0000 08:07 789565                     /usr/lib/jvm/java-9-openjdk-amd64/lib/amd64/libawt.so
7ff097dd9000-7ff097dfe000 rw-p 00000000 00:00 0 
7ff097dfe000-7ff097dff000 ---p 00000000 00:00 0 
7ff097dff000-7ff097eff000 rw-p 00000000 00:00 0 
7ff097eff000-7ff097f03000 ---p 00000000 00:00 0 
7ff097f03000-7ff098000000 rw-p 00000000 00:00 0 
7ff098000000-7ff098348000 rw-p 00000000 00:00 0 
7ff098348000-7ff09c000000 ---p 00000000 00:00 0 
7ff09c000000-7ff09c021000 rw-p 00000000 00:00 0 
7ff09c021000-7ff0a0000000 ---p 00000000 00:00 0 
7ff0a0000000-7ff0a019b000 rw-p 00000000 00:00 0 
7ff0a019b000-7ff0a4000000 ---p 00000000 00:00 0 
7ff0a4000000-7ff0a4245000 rw-p 00000000 00:00 0 
7ff0a4245000-7ff0a8000000 ---p 00000000 00:00 0 
7ff0a8000000-7ff0a8021000 rw-p 00000000 00:00 0 
7ff0a8021000-7ff0ac000000 ---p 00000000 00:00 0 
7ff0ac000000-7ff0ac1d1000 rw-p 00000000 00:00 0 
7ff0ac1d1000-7ff0b0000000 ---p 00000000 00:00 0 
7ff0b0000000-7ff0b0021000 rw-p 00000000 00:00 0 
7ff0b0021000-7ff0b4000000 ---p 00000000 00:00 0 
7ff0b4000000-7ff0b4021000 rw-p 00000000 00:00 0 
7ff0b4021000-7ff0b8000000 ---p 00000000 00:00 0 
7ff0b8033000-7ff0b80a7000 rw-p 00000000 00:00 0 
7ff0b80f4000-7ff0b80f8000 ---p 00000000 00:00 0 
7ff0b80f8000-7ff0bb1f6000 rw-p 00000000 00:00 0 
7ff0bb1f6000-7ff0bb20c000 r-xp 00000000 08:07 789567                     /usr/lib/jvm/java-9-openjdk-amd64/lib/amd64/libnet.so
7ff0bb20c000-7ff0bb40b000 ---p 00016000 08:07 789567                     /usr/lib/jvm/java-9-openjdk-amd64/lib/amd64/libnet.so
7ff0bb40b000-7ff0bb40c000 r--p 00015000 08:07 789567                     /usr/lib/jvm/java-9-openjdk-amd64/lib/amd64/libnet.so
7ff0bb40c000-7ff0bb40d000 rw-p 00016000 08:07 789567                     /usr/lib/jvm/java-9-openjdk-amd64/lib/amd64/libnet.so
7ff0bb40d000-7ff0bb41e000 r-xp 00000000 08:07 789594                     /usr/lib/jvm/java-9-openjdk-amd64/lib/amd64/libnio.so
7ff0bb41e000-7ff0bb61e000 ---p 00011000 08:07 789594                     /usr/lib/jvm/java-9-openjdk-amd64/lib/amd64/libnio.so
7ff0bb61e000-7ff0bb61f000 r--p 00011000 08:07 789594                     /usr/lib/jvm/java-9-openjdk-amd64/lib/amd64/libnio.so
7ff0bb61f000-7ff0bb620000 rw-p 00012000 08:07 789594                     /usr/lib/jvm/java-9-openjdk-amd64/lib/amd64/libnio.so
7ff0bb620000-7ff0bb624000 ---p 00000000 00:00 0 
7ff0bb624000-7ff0bb721000 rw-p 00000000 00:00 0 
7ff0bb721000-7ff0bb725000 ---p 00000000 00:00 0 
7ff0bb725000-7ff0bb822000 rw-p 00000000 00:00 0 
7ff0bb822000-7ff0bb826000 ---p 00000000 00:00 0 
7ff0bb826000-7ff0bb923000 rw-p 00000000 00:00 0 
7ff0bb923000-7ff0bb927000 ---p 00000000 00:00 0 
7ff0bb927000-7ff0bba24000 rw-p 00000000 00:00 0 
7ff0bba24000-7ff0bba28000 ---p 00000000 00:00 0 
7ff0bba28000-7ff0bbb25000 rw-p 00000000 00:00 0 
7ff0bbb25000-7ff0bbb29000 ---p 00000000 00:00 0 
7ff0bbb29000-7ff0bbc26000 rw-p 00000000 00:00 0 
7ff0bbc26000-7ff0bbc2a000 ---p 00000000 00:00 0 
7ff0bbc2a000-7ff0bbd27000 rw-p 00000000 00:00 0 
7ff0bbd27000-7ff0bc000000 r--p 00000000 08:07 786437                     /usr/lib/locale/locale-archive
7ff0bc000000-7ff0bc021000 rw-p 00000000 00:00 0 
7ff0bc021000-7ff0c0000000 ---p 00000000 00:00 0 
7ff0c0000000-7ff0c0021000 rw-p 00000000 00:00 0 
7ff0c0021000-7ff0c4000000 ---p 00000000 00:00 0 
7ff0c4000000-7ff0c4021000 rw-p 00000000 00:00 0 
7ff0c4021000-7ff0c8000000 ---p 00000000 00:00 0 
7ff0c8000000-7ff0c8021000 rw-p 00000000 00:00 0 
7ff0c8021000-7ff0cc000000 ---p 00000000 00:00 0 
7ff0cc000000-7ff0cc021000 rw-p 00000000 00:00 0 
7ff0cc021000-7ff0d0000000 ---p 00000000 00:00 0 
7ff0d00cc000-7ff0d00d0000 ---p 00000000 00:00 0 
7ff0d00d0000-7ff0d01cd000 rw-p 00000000 00:00 0 
7ff0d01cd000-7ff0d01d1000 ---p 00000000 00:00 0 
7ff0d01d1000-7ff0d02ce000 rw-p 00000000 00:00 0 
7ff0d02ce000-7ff0d02cf000 ---p 00000000 00:00 0 
7ff0d02cf000-7ff0d0bcf000 rw-p 00000000 00:00 0 
7ff0d0bcf000-7ff0d3f8f000 rw-p 00000000 00:00 0 
7ff0d3f8f000-7ff0d79ef000 ---p 00000000 00:00 0 
7ff0d79ef000-7ff0d7dd7000 rw-p 00000000 00:00 0 
7ff0d7dd7000-7ff0db837000 ---p 00000000 00:00 0 
7ff0db837000-7ff0db8b4000 rw-p 00000000 00:00 0 
7ff0db8b4000-7ff0dc000000 ---p 00000000 00:00 0 
7ff0dc000000-7ff0dc021000 rw-p 00000000 00:00 0 
7ff0dc021000-7ff0e0000000 ---p 00000000 00:00 0 
7ff0e0000000-7ff0e0021000 rw-p 00000000 00:00 0 
7ff0e0021000-7ff0e4000000 ---p 00000000 00:00 0 
7ff0e4000000-7ff0e4021000 rw-p 00000000 00:00 0 
7ff0e4021000-7ff0e8000000 ---p 00000000 00:00 0 
7ff0e8000000-7ff0e8021000 rw-p 00000000 00:00 0 
7ff0e8021000-7ff0ec000000 ---p 00000000 00:00 0 
7ff0ec000000-7ff0ec021000 rw-p 00000000 00:00 0 
7ff0ec021000-7ff0f0000000 ---p 00000000 00:00 0 
7ff0f0000000-7ff0f0021000 rw-p 00000000 00:00 0 
7ff0f0021000-7ff0f4000000 ---p 00000000 00:00 0 
7ff0f4000000-7ff0f4021000 rw-p 00000000 00:00 0 
7ff0f4021000-7ff0f8000000 ---p 00000000 00:00 0 
7ff0f8000000-7ff0f8021000 rw-p 00000000 00:00 0 
7ff0f8021000-7ff0fc000000 ---p 00000000 00:00 0 
7ff0fc000000-7ff0fc021000 rw-p 00000000 00:00 0 
7ff0fc021000-7ff100000000 ---p 00000000 00:00 0 
7ff100000000-7ff100021000 rw-p 00000000 00:00 0 
7ff100021000-7ff104000000 ---p 00000000 00:00 0 
7ff104000000-7ff104021000 rw-p 00000000 00:00 0 
7ff104021000-7ff108000000 ---p 00000000 00:00 0 
7ff108000000-7ff108021000 rw-p 00000000 00:00 0 
7ff108021000-7ff10c000000 ---p 00000000 00:00 0 
7ff10c000000-7ff10c021000 rw-p 00000000 00:00 0 
7ff10c021000-7ff110000000 ---p 00000000 00:00 0 
7ff110000000-7ff110021000 rw-p 00000000 00:00 0 
7ff110021000-7ff114000000 ---p 00000000 00:00 0 
7ff114000000-7ff114021000 rw-p 00000000 00:00 0 
7ff114021000-7ff118000000 ---p 00000000 00:00 0 
7ff118000000-7ff118021000 rw-p 00000000 00:00 0 
7ff118021000-7ff11c000000 ---p 00000000 00:00 0 
7ff11c000000-7ff11c021000 rw-p 00000000 00:00 0 
7ff11c021000-7ff120000000 ---p 00000000 00:00 0 
7ff120023000-7ff120063000 rw-s 00000000 00:05 149534                     /drm mm object (deleted)
7ff120063000-7ff120081000 r-xp 00000000 08:07 266888                     /lib/x86_64-linux-gnu/libudev.so.1.6.4
7ff120081000-7ff120082000 r--p 0001d000 08:07 266888                     /lib/x86_64-linux-gnu/libudev.so.1.6.4
7ff120082000-7ff120083000 rw-p 0001e000 08:07 266888                     /lib/x86_64-linux-gnu/libudev.so.1.6.4
7ff120083000-7ff1200f9000 rw-p 00000000 00:00 0 
7ff1200f9000-7ff1200fa000 ---p 00000000 00:00 0 
7ff1200fa000-7ff1201fa000 rw-p 00000000 00:00 0 
7ff1201fa000-7ff1201fb000 ---p 00000000 00:00 0 
7ff1201fb000-7ff1202fb000 rw-p 00000000 00:00 0 
7ff1202fb000-7ff1202fc000 ---p 00000000 00:00 0 
7ff1202fc000-7ff120573000 rw-p 00000000 00:00 0 
7ff120573000-7ff121488000 ---p 00000000 00:00 0 
7ff121488000-7ff121505000 rw-p 00000000 00:00 0 
7ff121505000-7ff121c51000 ---p 00000000 00:00 0 
7ff121c51000-7ff121ec1000 rwxp 00000000 00:00 0 
7ff121ec1000-7ff1221e2000 ---p 00000000 00:00 0 
7ff1221e2000-7ff122452000 rwxp 00000000 00:00 0 
7ff122452000-7ff129719000 ---p 00000000 00:00 0 
7ff129719000-7ff129989000 rwxp 00000000 00:00 0 
7ff129989000-7ff130c51000 ---p 00000000 00:00 0 
7ff130c51000-7ff138000000 r--s 00000000 08:07 789551                     /usr/lib/jvm/java-9-openjdk-amd64/lib/modules
7ff138000000-7ff138bac000 rw-p 00000000 00:00 0 
7ff138bac000-7ff13c000000 ---p 00000000 00:00 0 
7ff13c01d000-7ff13c021000 ---p 00000000 00:00 0 
7ff13c021000-7ff13c057000 rw-p 00000000 00:00 0 
7ff13c057000-7ff13c058000 ---p 00000000 00:00 0 
7ff13c058000-7ff13c158000 rw-p 00000000 00:00 0 
7ff13c158000-7ff13c159000 ---p 00000000 00:00 0 
7ff13c159000-7ff13c259000 rw-p 00000000 00:00 0 
7ff13c259000-7ff13c25a000 ---p 00000000 00:00 0 
7ff13c25a000-7ff13c35a000 rw-p 00000000 00:00 0 
7ff13c35a000-7ff13c35b000 ---p 00000000 00:00 0 
7ff13c35b000-7ff13c45b000 rw-p 00000000 00:00 0 
7ff13c45b000-7ff13c45c000 ---p 00000000 00:00 0 
7ff13c45c000-7ff13c55c000 rw-p 00000000 00:00 0 
7ff13c55c000-7ff13c55d000 ---p 00000000 00:00 0 
7ff13c55d000-7ff13c65d000 rw-p 00000000 00:00 0 
7ff13c65d000-7ff13c65e000 ---p 00000000 00:00 0 
7ff13c65e000-7ff13c75e000 rw-p 00000000 00:00 0 
7ff13c75e000-7ff13c75f000 ---p 00000000 00:00 0 
7ff13c75f000-7ff13c85f000 rw-p 00000000 00:00 0 
7ff13c85f000-7ff13c860000 ---p 00000000 00:00 0 
7ff13c860000-7ff13d168000 rw-p 00000000 00:00 0 
7ff13d168000-7ff13d169000 ---p 00000000 00:00 0 
7ff13d169000-7ff13d269000 rw-p 00000000 00:00 0 
7ff13d269000-7ff13d26a000 ---p 00000000 00:00 0 
7ff13d26a000-7ff13d36a000 rw-p 00000000 00:00 0 
7ff13d36a000-7ff13d36b000 ---p 00000000 00:00 0 
7ff13d36b000-7ff13d46b000 rw-p 00000000 00:00 0 
7ff13d46b000-7ff13d46c000 ---p 00000000 00:00 0 
7ff13d46c000-7ff13d56c000 rw-p 00000000 00:00 0 
7ff13d56c000-7ff13d56d000 ---p 00000000 00:00 0 
7ff13d56d000-7ff13d66d000 rw-p 00000000 00:00 0 
7ff13d66d000-7ff13d66e000 ---p 00000000 00:00 0 
7ff13d66e000-7ff13d76e000 rw-p 00000000 00:00 0 
7ff13d76e000-7ff13d76f000 ---p 00000000 00:00 0 
7ff13d76f000-7ff13d86f000 rw-p 00000000 00:00 0 
7ff13d86f000-7ff13d870000 ---p 00000000 00:00 0 
7ff13d870000-7ff13d975000 rw-p 00000000 00:00 0 
7ff13d975000-7ff13da5b000 ---p 00000000 00:00 0 
7ff13da5b000-7ff13da60000 rw-p 00000000 00:00 0 
7ff13da60000-7ff13db46000 ---p 00000000 00:00 0 
7ff13db46000-7ff13db4b000 r-xp 00000000 08:07 789581                     /usr/lib/jvm/java-9-openjdk-amd64/lib/amd64/libjimage.so
7ff13db4b000-7ff13dd4a000 ---p 00005000 08:07 789581                     /usr/lib/jvm/java-9-openjdk-amd64/lib/amd64/libjimage.so
7ff13dd4a000-7ff13dd4b000 r--p 00004000 08:07 789581                     /usr/lib/jvm/java-9-openjdk-amd64/lib/amd64/libjimage.so
7ff13dd4b000-7ff13dd4c000 rw-p 00005000 08:07 789581                     /usr/lib/jvm/java-9-openjdk-amd64/lib/amd64/libjimage.so
7ff13dd4c000-7ff13dd53000 r-xp 00000000 08:07 789577                     /usr/lib/jvm/java-9-openjdk-amd64/lib/amd64/libzip.so
7ff13dd53000-7ff13df52000 ---p 00007000 08:07 789577                     /usr/lib/jvm/java-9-openjdk-amd64/lib/amd64/libzip.so
7ff13df52000-7ff13df53000 r--p 00006000 08:07 789577                     /usr/lib/jvm/java-9-openjdk-amd64/lib/amd64/libzip.so
7ff13df53000-7ff13df54000 rw-p 00007000 08:07 789577                     /usr/lib/jvm/java-9-openjdk-amd64/lib/amd64/libzip.so
7ff13df54000-7ff13df5f000 r-xp 00000000 08:07 261727                     /lib/x86_64-linux-gnu/libnss_files-2.23.so
7ff13df5f000-7ff13e15e000 ---p 0000b000 08:07 261727                     /lib/x86_64-linux-gnu/libnss_files-2.23.so
7ff13e15e000-7ff13e15f000 r--p 0000a000 08:07 261727                     /lib/x86_64-linux-gnu/libnss_files-2.23.so
7ff13e15f000-7ff13e160000 rw-p 0000b000 08:07 261727                     /lib/x86_64-linux-gnu/libnss_files-2.23.so
7ff13e160000-7ff13e166000 rw-p 00000000 00:00 0 
7ff13e166000-7ff13e171000 r-xp 00000000 08:07 266557                     /lib/x86_64-linux-gnu/libnss_nis-2.23.so
7ff13e171000-7ff13e370000 ---p 0000b000 08:07 266557                     /lib/x86_64-linux-gnu/libnss_nis-2.23.so
7ff13e370000-7ff13e371000 r--p 0000a000 08:07 266557                     /lib/x86_64-linux-gnu/libnss_nis-2.23.so
7ff13e371000-7ff13e372000 rw-p 0000b000 08:07 266557                     /lib/x86_64-linux-gnu/libnss_nis-2.23.so
7ff13e372000-7ff13e388000 r-xp 00000000 08:07 261646                     /lib/x86_64-linux-gnu/libnsl-2.23.so
7ff13e388000-7ff13e587000 ---p 00016000 08:07 261646                     /lib/x86_64-linux-gnu/libnsl-2.23.so
7ff13e587000-7ff13e588000 r--p 00015000 08:07 261646                     /lib/x86_64-linux-gnu/libnsl-2.23.so
7ff13e588000-7ff13e589000 rw-p 00016000 08:07 261646                     /lib/x86_64-linux-gnu/libnsl-2.23.so
7ff13e589000-7ff13e58b000 rw-p 00000000 00:00 0 
7ff13e58b000-7ff13e593000 r-xp 00000000 08:07 261722                     /lib/x86_64-linux-gnu/libnss_compat-2.23.so
7ff13e593000-7ff13e792000 ---p 00008000 08:07 261722                     /lib/x86_64-linux-gnu/libnss_compat-2.23.so
7ff13e792000-7ff13e793000 r--p 00007000 08:07 261722                     /lib/x86_64-linux-gnu/libnss_compat-2.23.so
7ff13e793000-7ff13e794000 rw-p 00008000 08:07 261722                     /lib/x86_64-linux-gnu/libnss_compat-2.23.so
7ff13e794000-7ff13e7bf000 r-xp 00000000 08:07 789560                     /usr/lib/jvm/java-9-openjdk-amd64/lib/amd64/libjava.so
7ff13e7bf000-7ff13e9be000 ---p 0002b000 08:07 789560                     /usr/lib/jvm/java-9-openjdk-amd64/lib/amd64/libjava.so
7ff13e9be000-7ff13e9bf000 r--p 0002a000 08:07 789560                     /usr/lib/jvm/java-9-openjdk-amd64/lib/amd64/libjava.so
7ff13e9bf000-7ff13e9c1000 rw-p 0002b000 08:07 789560                     /usr/lib/jvm/java-9-openjdk-amd64/lib/amd64/libjava.so
7ff13e9c1000-7ff13e9ce000 r-xp 00000000 08:07 789561                     /usr/lib/jvm/java-9-openjdk-amd64/lib/amd64/libverify.so
7ff13e9ce000-7ff13ebcd000 ---p 0000d000 08:07 789561                     /usr/lib/jvm/java-9-openjdk-amd64/lib/amd64/libverify.so
7ff13ebcd000-7ff13ebcf000 r--p 0000c000 08:07 789561                     /usr/lib/jvm/java-9-openjdk-amd64/lib/amd64/libverify.so
7ff13ebcf000-7ff13ebd0000 rw-p 0000e000 08:07 789561                     /usr/lib/jvm/java-9-openjdk-amd64/lib/amd64/libverify.so
7ff13ebd0000-7ff13ebd7000 r-xp 00000000 08:07 266558                     /lib/x86_64-linux-gnu/librt-2.23.so
7ff13ebd7000-7ff13edd6000 ---p 00007000 08:07 266558                     /lib/x86_64-linux-gnu/librt-2.23.so
7ff13edd6000-7ff13edd7000 r--p 00006000 08:07 266558                     /lib/x86_64-linux-gnu/librt-2.23.so
7ff13edd7000-7ff13edd8000 rw-p 00007000 08:07 266558                     /lib/x86_64-linux-gnu/librt-2.23.so
7ff13edd8000-7ff13edee000 r-xp 00000000 08:07 266919                     /lib/x86_64-linux-gnu/libgcc_s.so.1
7ff13edee000-7ff13efed000 ---p 00016000 08:07 266919                     /lib/x86_64-linux-gnu/libgcc_s.so.1
7ff13efed000-7ff13efee000 rw-p 00015000 08:07 266919                     /lib/x86_64-linux-gnu/libgcc_s.so.1
7ff13efee000-7ff13f0f6000 r-xp 00000000 08:07 261637                     /lib/x86_64-linux-gnu/libm-2.23.so
7ff13f0f6000-7ff13f2f5000 ---p 00108000 08:07 261637                     /lib/x86_64-linux-gnu/libm-2.23.so
7ff13f2f5000-7ff13f2f6000 r--p 00107000 08:07 261637                     /lib/x86_64-linux-gnu/libm-2.23.so
7ff13f2f6000-7ff13f2f7000 rw-p 00108000 08:07 261637                     /lib/x86_64-linux-gnu/libm-2.23.so
7ff13f2f7000-7ff13f469000 r-xp 00000000 08:07 785398                     /usr/lib/x86_64-linux-gnu/libstdc++.so.6.0.21
7ff13f469000-7ff13f669000 ---p 00172000 08:07 785398                     /usr/lib/x86_64-linux-gnu/libstdc++.so.6.0.21
7ff13f669000-7ff13f673000 r--p 00172000 08:07 785398                     /usr/lib/x86_64-linux-gnu/libstdc++.so.6.0.21
7ff13f673000-7ff13f675000 rw-p 0017c000 08:07 785398                     /usr/lib/x86_64-linux-gnu/libstdc++.so.6.0.21
7ff13f675000-7ff13f679000 rw-p 00000000 00:00 0 
7ff13f679000-7ff1404d7000 r-xp 00000000 08:07 789574                     /usr/lib/jvm/java-9-openjdk-amd64/lib/amd64/server/libjvm.so
7ff1404d7000-7ff1406d7000 ---p 00e5e000 08:07 789574                     /usr/lib/jvm/java-9-openjdk-amd64/lib/amd64/server/libjvm.so
7ff1406d7000-7ff140789000 r--p 00e5e000 08:07 789574                     /usr/lib/jvm/java-9-openjdk-amd64/lib/amd64/server/libjvm.so
7ff140789000-7ff1407bb000 rw-p 00f10000 08:07 789574                     /usr/lib/jvm/java-9-openjdk-amd64/lib/amd64/server/libjvm.so
7ff1407bb000-7ff140800000 rw-p 00000000 00:00 0 
7ff140800000-7ff140818000 r-xp 00000000 08:07 261656                     /lib/x86_64-linux-gnu/libpthread-2.23.so
7ff140818000-7ff140a17000 ---p 00018000 08:07 261656                     /lib/x86_64-linux-gnu/libpthread-2.23.so
7ff140a17000-7ff140a18000 r--p 00017000 08:07 261656                     /lib/x86_64-linux-gnu/libpthread-2.23.so
7ff140a18000-7ff140a19000 rw-p 00018000 08:07 261656                     /lib/x86_64-linux-gnu/libpthread-2.23.so
7ff140a19000-7ff140a1d000 rw-p 00000000 00:00 0 
7ff140a1d000-7ff140a20000 r-xp 00000000 08:07 261716                     /lib/x86_64-linux-gnu/libdl-2.23.so
7ff140a20000-7ff140c1f000 ---p 00003000 08:07 261716                     /lib/x86_64-linux-gnu/libdl-2.23.so
7ff140c1f000-7ff140c20000 r--p 00002000 08:07 261716                     /lib/x86_64-linux-gnu/libdl-2.23.so
7ff140c20000-7ff140c21000 rw-p 00003000 08:07 261716                     /lib/x86_64-linux-gnu/libdl-2.23.so
7ff140c21000-7ff140c3a000 r-xp 00000000 08:07 266604                     /lib/x86_64-linux-gnu/libz.so.1.2.8
7ff140c3a000-7ff140e39000 ---p 00019000 08:07 266604                     /lib/x86_64-linux-gnu/libz.so.1.2.8
7ff140e39000-7ff140e3a000 r--p 00018000 08:07 266604                     /lib/x86_64-linux-gnu/libz.so.1.2.8
7ff140e3a000-7ff140e3b000 rw-p 00019000 08:07 266604                     /lib/x86_64-linux-gnu/libz.so.1.2.8
7ff140e3b000-7ff140ffb000 r-xp 00000000 08:07 261714                     /lib/x86_64-linux-gnu/libc-2.23.so
7ff140ffb000-7ff1411fb000 ---p 001c0000 08:07 261714                     /lib/x86_64-linux-gnu/libc-2.23.so
7ff1411fb000-7ff1411ff000 r--p 001c0000 08:07 261714                     /lib/x86_64-linux-gnu/libc-2.23.so
7ff1411ff000-7ff141201000 rw-p 001c4000 08:07 261714                     /lib/x86_64-linux-gnu/libc-2.23.so
7ff141201000-7ff141205000 rw-p 00000000 00:00 0 
7ff141205000-7ff141213000 r-xp 00000000 08:07 789591                     /usr/lib/jvm/java-9-openjdk-amd64/lib/amd64/jli/libjli.so
7ff141213000-7ff141412000 ---p 0000e000 08:07 789591                     /usr/lib/jvm/java-9-openjdk-amd64/lib/amd64/jli/libjli.so
7ff141412000-7ff141413000 r--p 0000d000 08:07 789591                     /usr/lib/jvm/java-9-openjdk-amd64/lib/amd64/jli/libjli.so
7ff141413000-7ff141414000 rw-p 0000e000 08:07 789591                     /usr/lib/jvm/java-9-openjdk-amd64/lib/amd64/jli/libjli.so
7ff141414000-7ff14143a000 r-xp 00000000 08:07 261649                     /lib/x86_64-linux-gnu/ld-2.23.so
7ff141440000-7ff141448000 rw-s 00000000 00:05 149526                     /drm mm object (deleted)
7ff141448000-7ff141450000 rw-s 00000000 00:05 138137                     /drm mm object (deleted)
7ff141450000-7ff141517000 rw-p 00000000 00:00 0 
7ff141517000-7ff14151e000 ---p 00000000 00:00 0 
7ff14151e000-7ff141522000 ---p 00000000 00:00 0 
7ff141522000-7ff141623000 rw-p 00000000 00:00 0 
7ff141623000-7ff141624000 rwxp 00000000 00:00 0 
7ff141624000-7ff141625000 rw-s 00000000 00:05 138134                     /drm mm object (deleted)
7ff141625000-7ff141626000 rw-s 1072ca000 00:06 356                       /dev/dri/card0
7ff141626000-7ff14162e000 rw-s 00000000 00:05 138132                     /drm mm object (deleted)
7ff14162e000-7ff141636000 rw-s 00000000 08:07 532709                     /tmp/hsperfdata_julien/6584
7ff141636000-7ff141637000 rw-p 00000000 00:00 0 
7ff141637000-7ff141638000 r--p 00000000 00:00 0 
7ff141638000-7ff141639000 rw-p 00000000 00:00 0 
7ff141639000-7ff14163a000 r--p 00025000 08:07 261649                     /lib/x86_64-linux-gnu/ld-2.23.so
7ff14163a000-7ff14163b000 rw-p 00026000 08:07 261649                     /lib/x86_64-linux-gnu/ld-2.23.so
7ff14163b000-7ff14163c000 rw-p 00000000 00:00 0 
7fff4344b000-7fff4346c000 rw-p 00000000 00:00 0                          [stack]
7fff435cf000-7fff435d1000 r--p 00000000 00:00 0                          [vvar]
7fff435d1000-7fff435d3000 r-xp 00000000 00:00 0                          [vdso]
ffffffffff600000-ffffffffff601000 r-xp 00000000 00:00 0                  [vsyscall]

VM Arguments:
jvm_args: -Djava.library.path=natives/ 
java_command: Main
java_class_path (initial): bin/:lib/lwjgl_util_applet.jar:lib/ibxm.jar:lib/tinylinepp.jar:lib/jinput.jar:lib/natives-windows.jar:lib/lwjgl.jar:lib/slick-examples.jar:lib/lwjgl_util.jar:lib/natives-linux.jar:lib/jnlp.jar:lib/natives-mac.jar:lib/jorbis-0.0.15.jar:lib/slick.jar:lib/jogg-0.0.7.jar
Launcher Type: SUN_STANDARD

Environment Variables:
PATH=/home/julien/bin:/home/julien/.local/bin:/usr/local/sbin:/usr/local/bin:/usr/sbin:/usr/bin:/sbin:/bin:/usr/games:/usr/local/games:/snap/bin
USERNAME=julien
SHELL=/bin/bash
DISPLAY=:1

Signal Handlers:
SIGSEGV: [libjvm.so+0xc12c20], sa_mask[0]=11111111011111111101111111111110, sa_flags=SA_RESTART|SA_SIGINFO
SIGBUS: [libjvm.so+0xc12c20], sa_mask[0]=11111111011111111101111111111110, sa_flags=SA_RESTART|SA_SIGINFO
SIGFPE: [libjvm.so+0xc12c20], sa_mask[0]=11111111011111111101111111111110, sa_flags=SA_RESTART|SA_SIGINFO
SIGPIPE: [libjvm.so+0xa3b600], sa_mask[0]=11111111011111111101111111111110, sa_flags=SA_RESTART|SA_SIGINFO
SIGXFSZ: [libjvm.so+0xa3b600], sa_mask[0]=11111111011111111101111111111110, sa_flags=SA_RESTART|SA_SIGINFO
SIGILL: [libjvm.so+0xc12c20], sa_mask[0]=11111111011111111101111111111110, sa_flags=SA_RESTART|SA_SIGINFO
SIGUSR2: [libjvm.so+0xa3b4a0], sa_mask[0]=00000000000000000000000000000000, sa_flags=SA_RESTART|SA_SIGINFO
SIGHUP: [libjvm.so+0xa3b870], sa_mask[0]=11111111011111111101111111111110, sa_flags=SA_RESTART|SA_SIGINFO
SIGINT: [libjvm.so+0xa3b870], sa_mask[0]=11111111011111111101111111111110, sa_flags=SA_RESTART|SA_SIGINFO
SIGTERM: [libjvm.so+0xa3b870], sa_mask[0]=11111111011111111101111111111110, sa_flags=SA_RESTART|SA_SIGINFO
SIGQUIT: [libjvm.so+0xa3b870], sa_mask[0]=11111111011111111101111111111110, sa_flags=SA_RESTART|SA_SIGINFO


---------------  S Y S T E M  ---------------

OS:DISTRIB_ID=Ubuntu
DISTRIB_RELEASE=16.04
DISTRIB_CODENAME=xenial
DISTRIB_DESCRIPTION="Ubuntu 16.04.4 LTS"
uname:Linux 4.4.0-31-generic #50-Ubuntu SMP Wed Jul 13 00:07:12 UTC 2016 x86_64
libc:glibc 2.23 NPTL 2.23 
rlimit: STACK 8192k, CORE 0k, NPROC 63417, NOFILE 1048576, AS infinity
load average:1,00 1,09 0,58

/proc/meminfo:
MemTotal:       16318940 kB
MemFree:        10871748 kB
MemAvailable:   12356348 kB
Buffers:           77228 kB
Cached:          1982064 kB
SwapCached:            0 kB
Active:          4198068 kB
Inactive:         996500 kB
Active(anon):    3142632 kB
Inactive(anon):   353920 kB
Active(file):    1055436 kB
Inactive(file):   642580 kB
Unevictable:          16 kB
Mlocked:              16 kB
SwapTotal:             0 kB
SwapFree:              0 kB
Dirty:             69256 kB
Writeback:             0 kB
AnonPages:       3135156 kB
Mapped:           415428 kB
Shmem:            361540 kB
Slab:             131448 kB
SReclaimable:      88928 kB
SUnreclaim:        42520 kB
KernelStack:       12752 kB
PageTables:        37228 kB
NFS_Unstable:          0 kB
Bounce:                0 kB
WritebackTmp:          0 kB
CommitLimit:     8159468 kB
Committed_AS:    7934740 kB
VmallocTotal:   34359738367 kB
VmallocUsed:           0 kB
VmallocChunk:          0 kB
HardwareCorrupted:     0 kB
AnonHugePages:   1650688 kB
CmaTotal:              0 kB
CmaFree:               0 kB
HugePages_Total:       0
HugePages_Free:        0
HugePages_Rsvd:        0
HugePages_Surp:        0
Hugepagesize:       2048 kB
DirectMap4k:      126328 kB
DirectMap2M:     5003264 kB
DirectMap1G:    11534336 kB


CPU:total 8 (4 cores per cpu, 2 threads per core) family 6 model 60 stepping 3, cmov, cx8, fxsr, mmx, sse, sse2, sse3, ssse3, sse4.1, sse4.2, popcnt, avx, avx2, aes, clmul, erms, lzcnt, ht, tsc, tscinvbit, bmi1, bmi2

CPU Model and flags from /proc/cpuinfo:
model name	: Intel(R) Core(TM) i7-4720HQ CPU @ 2.60GHz
flags		: fpu vme de pse tsc msr pae mce cx8 apic sep mtrr pge mca cmov pat pse36 clflush dts acpi mmx fxsr sse sse2 ss ht tm pbe syscall nx pdpe1gb rdtscp lm constant_tsc arch_perfmon pebs bts rep_good nopl xtopology nonstop_tsc aperfmperf eagerfpu pni pclmulqdq dtes64 monitor ds_cpl vmx est tm2 ssse3 sdbg fma cx16 xtpr pdcm pcid sse4_1 sse4_2 x2apic movbe popcnt tsc_deadline_timer aes xsave avx f16c rdrand lahf_lm abm epb tpr_shadow vnmi flexpriority ept vpid fsgsbase tsc_adjust bmi1 avx2 smep bmi2 erms invpcid xsaveopt dtherm ida arat pln pts

Memory: 4k page, physical 16318940k(10871748k free), swap 0k(0k free)

vm_info: OpenJDK 64-Bit Server VM (9-internal+0-2016-04-14-195246.buildd.src) for linux-amd64 JRE (9-internal+0-2016-04-14-195246.buildd.src), built on Apr 14 2016 20:05:37 by "buildd" with gcc 5.3.1 20160413

END.
